  [1m[36m (107.6ms)[0m  [1mDROP DATABASE IF EXISTS "myapp_test"[0m
  [1m[35m (273.1ms)[0m  CREATE DATABASE "myapp_test" ENCODING = 'unicode'
  [1m[36mSQL (0.2ms)[0m  [1mCREATE EXTENSION IF NOT EXISTS "plpgsql"[0m
  [1m[35m (7.3ms)[0m  CREATE TABLE "playlist" ("id" serial primary key, "title" character varying, "artist" character varying, "genre" text, "mood" text, "activity" text, "created_at" timestamp, "updated_at" timestamp) 
  [1m[36m (2.8ms)[0m  [1mCREATE TABLE "schema_migrations" ("version" character varying NOT NULL) [0m
  [1m[35m (3.0ms)[0m  CREATE UNIQUE INDEX  "unique_schema_migrations" ON "schema_migrations"  ("version")
  [1m[36m (0.4ms)[0m  [1mSELECT version FROM "schema_migrations"[0m
  [1m[35m (1.2ms)[0m  INSERT INTO "schema_migrations" (version) VALUES ('20111119180638')
DEPRECATION WARNING: You didn't set `secret_key_base`. Read the upgrade documentation to learn more about this new config option. (called from require at script/rails:6)


Started GET "/" for 127.0.0.1 at 2016-03-14 13:26:15 -0600


Started GET "/" for 127.0.0.1 at 2016-03-14 13:26:16 -0600


Started GET "/projects" for 127.0.0.1 at 2016-03-14 13:26:16 -0600
Processing by ProjectsController#index as HTML
  Rendered projects/index.html.haml within layouts/application (6.0ms)
Completed 200 OK in 1124ms (Views: 1061.3ms | ActiveRecord: 0.0ms)


Started GET "/assets/color.jpg" for 127.0.0.1 at 2016-03-14 13:26:17 -0600


Started GET "/assets/images/ui-icons_444444_256x240.png" for 127.0.0.1 at 2016-03-14 13:26:17 -0600

ActionController::RoutingError (No route matches [GET] "/assets/images/ui-icons_444444_256x240.png"):
  actionpack (4.2.4) lib/action_dispatch/middleware/debug_exceptions.rb:21:in `call'
  actionpack (4.2.4) lib/action_dispatch/middleware/show_exceptions.rb:30:in `call'
  railties (4.2.4) lib/rails/rack/logger.rb:38:in `call_app'
  railties (4.2.4) lib/rails/rack/logger.rb:20:in `block in call'
  activesupport (4.2.4) lib/active_support/tagged_logging.rb:68:in `block in tagged'
  activesupport (4.2.4) lib/active_support/tagged_logging.rb:26:in `tagged'
  activesupport (4.2.4) lib/active_support/tagged_logging.rb:68:in `tagged'
  railties (4.2.4) lib/rails/rack/logger.rb:20:in `call'
  actionpack (4.2.4) lib/action_dispatch/middleware/request_id.rb:21:in `call'
  rack (1.6.4) lib/rack/methodoverride.rb:22:in `call'
  rack (1.6.4) lib/rack/runtime.rb:18:in `call'
  activesupport (4.2.4) lib/active_support/cache/strategy/local_cache_middleware.rb:28:in `call'
  rack (1.6.4) lib/rack/lock.rb:17:in `call'
  actionpack (4.2.4) lib/action_dispatch/middleware/static.rb:116:in `call'
  rack (1.6.4) lib/rack/sendfile.rb:113:in `call'
  railties (4.2.4) lib/rails/engine.rb:518:in `call'
  railties (4.2.4) lib/rails/application.rb:165:in `call'
  rack (1.6.4) lib/rack/content_length.rb:15:in `call'
  thin (1.6.4) lib/thin/connection.rb:86:in `block in pre_process'
  thin (1.6.4) lib/thin/connection.rb:84:in `catch'
  thin (1.6.4) lib/thin/connection.rb:84:in `pre_process'
  thin (1.6.4) lib/thin/connection.rb:53:in `process'
  thin (1.6.4) lib/thin/connection.rb:39:in `receive_data'
  eventmachine (1.0.9.1) lib/eventmachine.rb:193:in `run_machine'
  eventmachine (1.0.9.1) lib/eventmachine.rb:193:in `run'
  thin (1.6.4) lib/thin/backends/base.rb:73:in `start'
  thin (1.6.4) lib/thin/server.rb:162:in `start'
  rack (1.6.4) lib/rack/handler/thin.rb:19:in `run'
  rack (1.6.4) lib/rack/server.rb:286:in `start'
  railties (4.2.4) lib/rails/commands/server.rb:80:in `start'
  railties (4.2.4) lib/rails/commands/commands_tasks.rb:80:in `block in server'
  railties (4.2.4) lib/rails/commands/commands_tasks.rb:75:in `tap'
  railties (4.2.4) lib/rails/commands/commands_tasks.rb:75:in `server'
  railties (4.2.4) lib/rails/commands/commands_tasks.rb:39:in `run_command!'
  railties (4.2.4) lib/rails/commands.rb:17:in `<top (required)>'
  script/rails:6:in `require'
  script/rails:6:in `<main>'


  Rendered /Users/o/.rvm/gems/ruby-2.2.3/gems/actionpack-4.2.4/lib/action_dispatch/middleware/templates/rescues/_trace.html.erb (1.6ms)
  Rendered /Users/o/.rvm/gems/ruby-2.2.3/gems/actionpack-4.2.4/lib/action_dispatch/middleware/templates/routes/_route.html.erb (1.7ms)
  Rendered /Users/o/.rvm/gems/ruby-2.2.3/gems/actionpack-4.2.4/lib/action_dispatch/middleware/templates/routes/_table.html.erb (18.2ms)
  Rendered /Users/o/.rvm/gems/ruby-2.2.3/gems/actionpack-4.2.4/lib/action_dispatch/middleware/templates/rescues/_request_and_response.html.erb (1.3ms)
  Rendered /Users/o/.rvm/gems/ruby-2.2.3/gems/actionpack-4.2.4/lib/action_dispatch/middleware/templates/rescues/routing_error.html.erb within rescues/layout (115.3ms)
  [1m[36m (136.7ms)[0m  [1mDROP DATABASE IF EXISTS "myapp_test"[0m
  [1m[35m (504.9ms)[0m  CREATE DATABASE "myapp_test" ENCODING = 'unicode'
  [1m[36mSQL (1.5ms)[0m  [1mCREATE EXTENSION IF NOT EXISTS "plpgsql"[0m
  [1m[35m (22.5ms)[0m  CREATE TABLE "playlist" ("id" serial primary key, "title" character varying, "artist" character varying, "genre" text, "mood" text, "activity" text, "created_at" timestamp, "updated_at" timestamp) 
  [1m[36m (12.6ms)[0m  [1mCREATE TABLE "schema_migrations" ("version" character varying NOT NULL) [0m
  [1m[35m (1.1ms)[0m  CREATE UNIQUE INDEX  "unique_schema_migrations" ON "schema_migrations"  ("version")
  [1m[36m (0.3ms)[0m  [1mSELECT version FROM "schema_migrations"[0m
  [1m[35m (0.4ms)[0m  INSERT INTO "schema_migrations" (version) VALUES ('20111119180638')
  [1m[36m (130.2ms)[0m  [1mDROP DATABASE IF EXISTS "myapp_test"[0m
  [1m[35m (247.4ms)[0m  CREATE DATABASE "myapp_test" ENCODING = 'unicode'
  [1m[36mSQL (9.6ms)[0m  [1mCREATE EXTENSION IF NOT EXISTS "plpgsql"[0m
  [1m[35m (4.4ms)[0m  CREATE TABLE "playlist" ("id" serial primary key, "title" character varying, "artist" character varying, "genre" text, "mood" text, "activity" text, "created_at" timestamp, "updated_at" timestamp) 
  [1m[36m (1.6ms)[0m  [1mCREATE TABLE "schema_migrations" ("version" character varying NOT NULL) [0m
  [1m[35m (1.0ms)[0m  CREATE UNIQUE INDEX  "unique_schema_migrations" ON "schema_migrations"  ("version")
  [1m[36m (0.3ms)[0m  [1mSELECT version FROM "schema_migrations"[0m
  [1m[35m (0.4ms)[0m  INSERT INTO "schema_migrations" (version) VALUES ('20111119180638')
  [1m[36m (129.8ms)[0m  [1mDROP DATABASE IF EXISTS "myapp_test"[0m
  [1m[35m (258.8ms)[0m  CREATE DATABASE "myapp_test" ENCODING = 'unicode'
  [1m[36mSQL (0.3ms)[0m  [1mCREATE EXTENSION IF NOT EXISTS "plpgsql"[0m
  [1m[35m (4.1ms)[0m  CREATE TABLE "playlist" ("id" serial primary key, "title" character varying, "artist" character varying, "genre" text, "mood" text, "activity" text, "created_at" timestamp, "updated_at" timestamp) 
  [1m[36m (1.5ms)[0m  [1mCREATE TABLE "schema_migrations" ("version" character varying NOT NULL) [0m
  [1m[35m (0.9ms)[0m  CREATE UNIQUE INDEX  "unique_schema_migrations" ON "schema_migrations"  ("version")
  [1m[36m (0.2ms)[0m  [1mSELECT version FROM "schema_migrations"[0m
  [1m[35m (0.4ms)[0m  INSERT INTO "schema_migrations" (version) VALUES ('20111119180638')
  [1m[36m (130.3ms)[0m  [1mDROP DATABASE IF EXISTS "myapp_test"[0m
  [1m[35m (256.8ms)[0m  CREATE DATABASE "myapp_test" ENCODING = 'unicode'
  [1m[36mSQL (10.1ms)[0m  [1mCREATE EXTENSION IF NOT EXISTS "plpgsql"[0m
  [1m[35m (4.2ms)[0m  CREATE TABLE "playlist" ("id" serial primary key, "title" character varying, "artist" character varying, "genre" text, "mood" text, "activity" text, "created_at" timestamp, "updated_at" timestamp) 
  [1m[36m (1.8ms)[0m  [1mCREATE TABLE "schema_migrations" ("version" character varying NOT NULL) [0m
  [1m[35m (1.0ms)[0m  CREATE UNIQUE INDEX  "unique_schema_migrations" ON "schema_migrations"  ("version")
  [1m[36m (0.3ms)[0m  [1mSELECT version FROM "schema_migrations"[0m
  [1m[35m (0.5ms)[0m  INSERT INTO "schema_migrations" (version) VALUES ('20111119180638')
  [1m[36m (128.6ms)[0m  [1mDROP DATABASE IF EXISTS "myapp_test"[0m
  [1m[35m (256.8ms)[0m  CREATE DATABASE "myapp_test" ENCODING = 'unicode'
  [1m[36mSQL (0.3ms)[0m  [1mCREATE EXTENSION IF NOT EXISTS "plpgsql"[0m
  [1m[35m (4.5ms)[0m  CREATE TABLE "playlist" ("id" serial primary key, "title" character varying, "artist" character varying, "genre" text, "mood" text, "activity" text, "created_at" timestamp, "updated_at" timestamp) 
  [1m[36m (1.5ms)[0m  [1mCREATE TABLE "schema_migrations" ("version" character varying NOT NULL) [0m
  [1m[35m (0.9ms)[0m  CREATE UNIQUE INDEX  "unique_schema_migrations" ON "schema_migrations"  ("version")
  [1m[36m (0.3ms)[0m  [1mSELECT version FROM "schema_migrations"[0m
  [1m[35m (0.4ms)[0m  INSERT INTO "schema_migrations" (version) VALUES ('20111119180638')
  [1m[36m (121.9ms)[0m  [1mDROP DATABASE IF EXISTS "myapp_test"[0m
  [1m[35m (265.9ms)[0m  CREATE DATABASE "myapp_test" ENCODING = 'unicode'
  [1m[36mSQL (0.4ms)[0m  [1mCREATE EXTENSION IF NOT EXISTS "plpgsql"[0m
  [1m[35m (4.9ms)[0m  CREATE TABLE "playlist" ("id" serial primary key, "title" character varying, "artist" character varying, "genre" text, "mood" text, "activity" text, "created_at" timestamp, "updated_at" timestamp) 
  [1m[36m (1.5ms)[0m  [1mCREATE TABLE "schema_migrations" ("version" character varying NOT NULL) [0m
  [1m[35m (0.9ms)[0m  CREATE UNIQUE INDEX  "unique_schema_migrations" ON "schema_migrations"  ("version")
  [1m[36m (0.2ms)[0m  [1mSELECT version FROM "schema_migrations"[0m
  [1m[35m (0.4ms)[0m  INSERT INTO "schema_migrations" (version) VALUES ('20111119180638')
  [1m[36m (128.7ms)[0m  [1mDROP DATABASE IF EXISTS "myapp_test"[0m
  [1m[35m (264.8ms)[0m  CREATE DATABASE "myapp_test" ENCODING = 'unicode'
  [1m[36mSQL (0.3ms)[0m  [1mCREATE EXTENSION IF NOT EXISTS "plpgsql"[0m
  [1m[35m (4.9ms)[0m  CREATE TABLE "playlist" ("id" serial primary key, "title" character varying, "artist" character varying, "genre" text, "mood" text, "activity" text, "created_at" timestamp, "updated_at" timestamp) 
  [1m[36m (1.7ms)[0m  [1mCREATE TABLE "schema_migrations" ("version" character varying NOT NULL) [0m
  [1m[35m (1.3ms)[0m  CREATE UNIQUE INDEX  "unique_schema_migrations" ON "schema_migrations"  ("version")
  [1m[36m (0.4ms)[0m  [1mSELECT version FROM "schema_migrations"[0m
  [1m[35m (0.5ms)[0m  INSERT INTO "schema_migrations" (version) VALUES ('20111119180638')
  [1m[36m (129.0ms)[0m  [1mDROP DATABASE IF EXISTS "myapp_test"[0m
  [1m[35m (268.2ms)[0m  CREATE DATABASE "myapp_test" ENCODING = 'unicode'
  [1m[36mSQL (0.3ms)[0m  [1mCREATE EXTENSION IF NOT EXISTS "plpgsql"[0m
  [1m[35m (4.2ms)[0m  CREATE TABLE "playlist" ("id" serial primary key, "title" character varying, "artist" character varying, "genre" text, "mood" text, "activity" text, "created_at" timestamp, "updated_at" timestamp) 
  [1m[36m (1.7ms)[0m  [1mCREATE TABLE "schema_migrations" ("version" character varying NOT NULL) [0m
  [1m[35m (1.1ms)[0m  CREATE UNIQUE INDEX  "unique_schema_migrations" ON "schema_migrations"  ("version")
  [1m[36m (0.3ms)[0m  [1mSELECT version FROM "schema_migrations"[0m
  [1m[35m (0.5ms)[0m  INSERT INTO "schema_migrations" (version) VALUES ('20111119180638')
  [1m[36m (129.5ms)[0m  [1mDROP DATABASE IF EXISTS "myapp_test"[0m
  [1m[35m (254.6ms)[0m  CREATE DATABASE "myapp_test" ENCODING = 'unicode'
  [1m[36mSQL (0.3ms)[0m  [1mCREATE EXTENSION IF NOT EXISTS "plpgsql"[0m
  [1m[35m (4.3ms)[0m  CREATE TABLE "playlist" ("id" serial primary key, "title" character varying, "artist" character varying, "genre" text, "mood" text, "activity" text, "created_at" timestamp, "updated_at" timestamp) 
  [1m[36m (1.5ms)[0m  [1mCREATE TABLE "schema_migrations" ("version" character varying NOT NULL) [0m
  [1m[35m (1.0ms)[0m  CREATE UNIQUE INDEX  "unique_schema_migrations" ON "schema_migrations"  ("version")
  [1m[36m (0.3ms)[0m  [1mSELECT version FROM "schema_migrations"[0m
  [1m[35m (0.4ms)[0m  INSERT INTO "schema_migrations" (version) VALUES ('20111119180638')
  [1m[36m (129.9ms)[0m  [1mDROP DATABASE IF EXISTS "myapp_test"[0m
  [1m[35m (266.2ms)[0m  CREATE DATABASE "myapp_test" ENCODING = 'unicode'
  [1m[36mSQL (0.3ms)[0m  [1mCREATE EXTENSION IF NOT EXISTS "plpgsql"[0m
  [1m[35m (5.0ms)[0m  CREATE TABLE "playlist" ("id" serial primary key, "title" character varying, "artist" character varying, "genre" text, "mood" text, "activity" text, "created_at" timestamp, "updated_at" timestamp) 
  [1m[36m (1.7ms)[0m  [1mCREATE TABLE "schema_migrations" ("version" character varying NOT NULL) [0m
  [1m[35m (1.2ms)[0m  CREATE UNIQUE INDEX  "unique_schema_migrations" ON "schema_migrations"  ("version")
  [1m[36m (0.3ms)[0m  [1mSELECT version FROM "schema_migrations"[0m
  [1m[35m (0.4ms)[0m  INSERT INTO "schema_migrations" (version) VALUES ('20111119180638')
  [1m[36m (129.8ms)[0m  [1mDROP DATABASE IF EXISTS "myapp_test"[0m
  [1m[35m (254.7ms)[0m  CREATE DATABASE "myapp_test" ENCODING = 'unicode'
  [1m[36mSQL (0.3ms)[0m  [1mCREATE EXTENSION IF NOT EXISTS "plpgsql"[0m
  [1m[35m (6.4ms)[0m  CREATE TABLE "playlist" ("id" serial primary key, "title" character varying, "artist" character varying, "genre" text, "mood" text, "activity" text, "created_at" timestamp, "updated_at" timestamp) 
  [1m[36m (1.6ms)[0m  [1mCREATE TABLE "schema_migrations" ("version" character varying NOT NULL) [0m
  [1m[35m (1.1ms)[0m  CREATE UNIQUE INDEX  "unique_schema_migrations" ON "schema_migrations"  ("version")
  [1m[36m (0.4ms)[0m  [1mSELECT version FROM "schema_migrations"[0m
  [1m[35m (0.6ms)[0m  INSERT INTO "schema_migrations" (version) VALUES ('20111119180638')
  [1m[36m (121.7ms)[0m  [1mDROP DATABASE IF EXISTS "myapp_test"[0m
  [1m[35m (256.3ms)[0m  CREATE DATABASE "myapp_test" ENCODING = 'unicode'
  [1m[36mSQL (0.3ms)[0m  [1mCREATE EXTENSION IF NOT EXISTS "plpgsql"[0m
  [1m[35m (5.0ms)[0m  CREATE TABLE "playlist" ("id" serial primary key, "title" character varying, "artist" character varying, "genre" text, "mood" text, "activity" text, "created_at" timestamp, "updated_at" timestamp) 
  [1m[36m (1.6ms)[0m  [1mCREATE TABLE "schema_migrations" ("version" character varying NOT NULL) [0m
  [1m[35m (1.0ms)[0m  CREATE UNIQUE INDEX  "unique_schema_migrations" ON "schema_migrations"  ("version")
  [1m[36m (0.3ms)[0m  [1mSELECT version FROM "schema_migrations"[0m
  [1m[35m (0.4ms)[0m  INSERT INTO "schema_migrations" (version) VALUES ('20111119180638')
  [1m[36m (131.7ms)[0m  [1mDROP DATABASE IF EXISTS "myapp_test"[0m
  [1m[35m (252.7ms)[0m  CREATE DATABASE "myapp_test" ENCODING = 'unicode'
  [1m[36mSQL (0.4ms)[0m  [1mCREATE EXTENSION IF NOT EXISTS "plpgsql"[0m
  [1m[35m (6.0ms)[0m  CREATE TABLE "playlist" ("id" serial primary key, "title" character varying, "artist" character varying, "genre" text, "mood" text, "activity" text, "created_at" timestamp, "updated_at" timestamp) 
  [1m[36m (1.6ms)[0m  [1mCREATE TABLE "schema_migrations" ("version" character varying NOT NULL) [0m
  [1m[35m (1.1ms)[0m  CREATE UNIQUE INDEX  "unique_schema_migrations" ON "schema_migrations"  ("version")
  [1m[36m (0.3ms)[0m  [1mSELECT version FROM "schema_migrations"[0m
  [1m[35m (0.4ms)[0m  INSERT INTO "schema_migrations" (version) VALUES ('20111119180638')
  [1m[36m (129.9ms)[0m  [1mDROP DATABASE IF EXISTS "myapp_test"[0m
  [1m[35m (258.3ms)[0m  CREATE DATABASE "myapp_test" ENCODING = 'unicode'
  [1m[36mSQL (0.3ms)[0m  [1mCREATE EXTENSION IF NOT EXISTS "plpgsql"[0m
  [1m[35m (4.4ms)[0m  CREATE TABLE "playlist" ("id" serial primary key, "title" character varying, "artist" character varying, "genre" text, "mood" text, "activity" text, "created_at" timestamp, "updated_at" timestamp) 
  [1m[36m (1.9ms)[0m  [1mCREATE TABLE "schema_migrations" ("version" character varying NOT NULL) [0m
  [1m[35m (1.2ms)[0m  CREATE UNIQUE INDEX  "unique_schema_migrations" ON "schema_migrations"  ("version")
  [1m[36m (0.4ms)[0m  [1mSELECT version FROM "schema_migrations"[0m
  [1m[35m (0.5ms)[0m  INSERT INTO "schema_migrations" (version) VALUES ('20111119180638')
  [1m[36m (129.8ms)[0m  [1mDROP DATABASE IF EXISTS "myapp_test"[0m
  [1m[35m (254.8ms)[0m  CREATE DATABASE "myapp_test" ENCODING = 'unicode'
  [1m[36mSQL (0.3ms)[0m  [1mCREATE EXTENSION IF NOT EXISTS "plpgsql"[0m
  [1m[35m (4.4ms)[0m  CREATE TABLE "playlist" ("id" serial primary key, "title" character varying, "artist" character varying, "genre" text, "mood" text, "activity" text, "created_at" timestamp, "updated_at" timestamp) 
  [1m[36m (1.6ms)[0m  [1mCREATE TABLE "schema_migrations" ("version" character varying NOT NULL) [0m
  [1m[35m (0.9ms)[0m  CREATE UNIQUE INDEX  "unique_schema_migrations" ON "schema_migrations"  ("version")
  [1m[36m (0.3ms)[0m  [1mSELECT version FROM "schema_migrations"[0m
  [1m[35m (0.4ms)[0m  INSERT INTO "schema_migrations" (version) VALUES ('20111119180638')
  [1m[36m (127.4ms)[0m  [1mDROP DATABASE IF EXISTS "myapp_test"[0m
  [1m[35m (257.8ms)[0m  CREATE DATABASE "myapp_test" ENCODING = 'unicode'
  [1m[36mSQL (0.4ms)[0m  [1mCREATE EXTENSION IF NOT EXISTS "plpgsql"[0m
  [1m[35m (4.7ms)[0m  CREATE TABLE "playlist" ("id" serial primary key, "title" character varying, "artist" character varying, "genre" text, "mood" text, "activity" text, "created_at" timestamp, "updated_at" timestamp) 
  [1m[36m (1.5ms)[0m  [1mCREATE TABLE "schema_migrations" ("version" character varying NOT NULL) [0m
  [1m[35m (1.0ms)[0m  CREATE UNIQUE INDEX  "unique_schema_migrations" ON "schema_migrations"  ("version")
  [1m[36m (0.3ms)[0m  [1mSELECT version FROM "schema_migrations"[0m
  [1m[35m (0.5ms)[0m  INSERT INTO "schema_migrations" (version) VALUES ('20111119180638')
  [1m[36m (129.9ms)[0m  [1mDROP DATABASE IF EXISTS "myapp_test"[0m
  [1m[35m (263.1ms)[0m  CREATE DATABASE "myapp_test" ENCODING = 'unicode'
  [1m[36mSQL (0.4ms)[0m  [1mCREATE EXTENSION IF NOT EXISTS "plpgsql"[0m
  [1m[35m (6.7ms)[0m  CREATE TABLE "playlist" ("id" serial primary key, "title" character varying, "artist" character varying, "genre" text, "mood" text, "activity" text, "created_at" timestamp, "updated_at" timestamp) 
  [1m[36m (2.3ms)[0m  [1mCREATE TABLE "schema_migrations" ("version" character varying NOT NULL) [0m
  [1m[35m (1.0ms)[0m  CREATE UNIQUE INDEX  "unique_schema_migrations" ON "schema_migrations"  ("version")
  [1m[36m (0.4ms)[0m  [1mSELECT version FROM "schema_migrations"[0m
  [1m[35m (0.8ms)[0m  INSERT INTO "schema_migrations" (version) VALUES ('20111119180638')
  [1m[36m (129.5ms)[0m  [1mDROP DATABASE IF EXISTS "myapp_test"[0m
  [1m[35m (248.7ms)[0m  CREATE DATABASE "myapp_test" ENCODING = 'unicode'
  [1m[36mSQL (0.4ms)[0m  [1mCREATE EXTENSION IF NOT EXISTS "plpgsql"[0m
  [1m[35m (6.0ms)[0m  CREATE TABLE "playlist" ("id" serial primary key, "title" character varying, "artist" character varying, "genre" text, "mood" text, "activity" text, "created_at" timestamp, "updated_at" timestamp) 
  [1m[36m (1.5ms)[0m  [1mCREATE TABLE "schema_migrations" ("version" character varying NOT NULL) [0m
  [1m[35m (1.0ms)[0m  CREATE UNIQUE INDEX  "unique_schema_migrations" ON "schema_migrations"  ("version")
  [1m[36m (0.3ms)[0m  [1mSELECT version FROM "schema_migrations"[0m
  [1m[35m (0.5ms)[0m  INSERT INTO "schema_migrations" (version) VALUES ('20111119180638')
  [1m[36m (122.0ms)[0m  [1mDROP DATABASE IF EXISTS "myapp_test"[0m
  [1m[35m (265.9ms)[0m  CREATE DATABASE "myapp_test" ENCODING = 'unicode'
  [1m[36mSQL (0.3ms)[0m  [1mCREATE EXTENSION IF NOT EXISTS "plpgsql"[0m
  [1m[35m (4.4ms)[0m  CREATE TABLE "playlist" ("id" serial primary key, "title" character varying, "artist" character varying, "genre" text, "mood" text, "activity" text, "created_at" timestamp, "updated_at" timestamp) 
  [1m[36m (1.6ms)[0m  [1mCREATE TABLE "schema_migrations" ("version" character varying NOT NULL) [0m
  [1m[35m (1.0ms)[0m  CREATE UNIQUE INDEX  "unique_schema_migrations" ON "schema_migrations"  ("version")
  [1m[36m (0.3ms)[0m  [1mSELECT version FROM "schema_migrations"[0m
  [1m[35m (0.4ms)[0m  INSERT INTO "schema_migrations" (version) VALUES ('20111119180638')
  [1m[36m (130.4ms)[0m  [1mDROP DATABASE IF EXISTS "myapp_test"[0m
  [1m[35m (248.2ms)[0m  CREATE DATABASE "myapp_test" ENCODING = 'unicode'
  [1m[36mSQL (0.3ms)[0m  [1mCREATE EXTENSION IF NOT EXISTS "plpgsql"[0m
  [1m[35m (4.5ms)[0m  CREATE TABLE "playlist" ("id" serial primary key, "title" character varying, "artist" character varying, "genre" text, "mood" text, "activity" text, "created_at" timestamp, "updated_at" timestamp) 
  [1m[36m (1.8ms)[0m  [1mCREATE TABLE "schema_migrations" ("version" character varying NOT NULL) [0m
  [1m[35m (1.1ms)[0m  CREATE UNIQUE INDEX  "unique_schema_migrations" ON "schema_migrations"  ("version")
  [1m[36m (0.3ms)[0m  [1mSELECT version FROM "schema_migrations"[0m
  [1m[35m (0.5ms)[0m  INSERT INTO "schema_migrations" (version) VALUES ('20111119180638')
  [1m[36m (123.8ms)[0m  [1mDROP DATABASE IF EXISTS "myapp_test"[0m
  [1m[35m (247.3ms)[0m  CREATE DATABASE "myapp_test" ENCODING = 'unicode'
  [1m[36mSQL (0.4ms)[0m  [1mCREATE EXTENSION IF NOT EXISTS "plpgsql"[0m
  [1m[35m (4.5ms)[0m  CREATE TABLE "playlist" ("id" serial primary key, "title" character varying, "artist" character varying, "genre" text, "mood" text, "activity" text, "created_at" timestamp, "updated_at" timestamp) 
  [1m[36m (1.7ms)[0m  [1mCREATE TABLE "schema_migrations" ("version" character varying NOT NULL) [0m
  [1m[35m (1.0ms)[0m  CREATE UNIQUE INDEX  "unique_schema_migrations" ON "schema_migrations"  ("version")
  [1m[36m (0.3ms)[0m  [1mSELECT version FROM "schema_migrations"[0m
  [1m[35m (0.4ms)[0m  INSERT INTO "schema_migrations" (version) VALUES ('20111119180638')
  [1m[36m (130.4ms)[0m  [1mDROP DATABASE IF EXISTS "myapp_test"[0m
  [1m[35m (255.6ms)[0m  CREATE DATABASE "myapp_test" ENCODING = 'unicode'
  [1m[36mSQL (0.3ms)[0m  [1mCREATE EXTENSION IF NOT EXISTS "plpgsql"[0m
  [1m[35m (4.4ms)[0m  CREATE TABLE "playlist" ("id" serial primary key, "title" character varying, "artist" character varying, "genre" text, "mood" text, "activity" text, "created_at" timestamp, "updated_at" timestamp) 
  [1m[36m (1.8ms)[0m  [1mCREATE TABLE "schema_migrations" ("version" character varying NOT NULL) [0m
  [1m[35m (1.2ms)[0m  CREATE UNIQUE INDEX  "unique_schema_migrations" ON "schema_migrations"  ("version")
  [1m[36m (0.4ms)[0m  [1mSELECT version FROM "schema_migrations"[0m
  [1m[35m (0.5ms)[0m  INSERT INTO "schema_migrations" (version) VALUES ('20111119180638')
  [1m[36m (128.7ms)[0m  [1mDROP DATABASE IF EXISTS "myapp_test"[0m
  [1m[35m (255.7ms)[0m  CREATE DATABASE "myapp_test" ENCODING = 'unicode'
  [1m[36mSQL (0.4ms)[0m  [1mCREATE EXTENSION IF NOT EXISTS "plpgsql"[0m
  [1m[35m (6.2ms)[0m  CREATE TABLE "playlist" ("id" serial primary key, "title" character varying, "artist" character varying, "genre" text, "mood" text, "activity" text, "created_at" timestamp, "updated_at" timestamp) 
  [1m[36m (1.7ms)[0m  [1mCREATE TABLE "schema_migrations" ("version" character varying NOT NULL) [0m
  [1m[35m (1.0ms)[0m  CREATE UNIQUE INDEX  "unique_schema_migrations" ON "schema_migrations"  ("version")
  [1m[36m (0.2ms)[0m  [1mSELECT version FROM "schema_migrations"[0m
  [1m[35m (0.4ms)[0m  INSERT INTO "schema_migrations" (version) VALUES ('20111119180638')
  [1m[36m (129.8ms)[0m  [1mDROP DATABASE IF EXISTS "myapp_test"[0m
  [1m[35m (262.2ms)[0m  CREATE DATABASE "myapp_test" ENCODING = 'unicode'
  [1m[36mSQL (0.3ms)[0m  [1mCREATE EXTENSION IF NOT EXISTS "plpgsql"[0m
  [1m[35m (4.3ms)[0m  CREATE TABLE "playlist" ("id" serial primary key, "title" character varying, "artist" character varying, "genre" text, "mood" text, "activity" text, "created_at" timestamp, "updated_at" timestamp) 
  [1m[36m (1.7ms)[0m  [1mCREATE TABLE "schema_migrations" ("version" character varying NOT NULL) [0m
  [1m[35m (1.1ms)[0m  CREATE UNIQUE INDEX  "unique_schema_migrations" ON "schema_migrations"  ("version")
  [1m[36m (0.3ms)[0m  [1mSELECT version FROM "schema_migrations"[0m
  [1m[35m (0.4ms)[0m  INSERT INTO "schema_migrations" (version) VALUES ('20111119180638')
  [1m[36m (122.7ms)[0m  [1mDROP DATABASE IF EXISTS "myapp_test"[0m
  [1m[35m (268.7ms)[0m  CREATE DATABASE "myapp_test" ENCODING = 'unicode'
  [1m[36mSQL (0.3ms)[0m  [1mCREATE EXTENSION IF NOT EXISTS "plpgsql"[0m
  [1m[35m (4.2ms)[0m  CREATE TABLE "playlist" ("id" serial primary key, "title" character varying, "artist" character varying, "genre" text, "mood" text, "activity" text, "created_at" timestamp, "updated_at" timestamp) 
  [1m[36m (1.6ms)[0m  [1mCREATE TABLE "schema_migrations" ("version" character varying NOT NULL) [0m
  [1m[35m (0.9ms)[0m  CREATE UNIQUE INDEX  "unique_schema_migrations" ON "schema_migrations"  ("version")
  [1m[36m (0.3ms)[0m  [1mSELECT version FROM "schema_migrations"[0m
  [1m[35m (0.4ms)[0m  INSERT INTO "schema_migrations" (version) VALUES ('20111119180638')
  [1m[36m (129.7ms)[0m  [1mDROP DATABASE IF EXISTS "myapp_test"[0m
  [1m[35m (264.7ms)[0m  CREATE DATABASE "myapp_test" ENCODING = 'unicode'
  [1m[36mSQL (0.3ms)[0m  [1mCREATE EXTENSION IF NOT EXISTS "plpgsql"[0m
  [1m[35m (5.2ms)[0m  CREATE TABLE "playlist" ("id" serial primary key, "title" character varying, "artist" character varying, "genre" text, "mood" text, "activity" text, "created_at" timestamp, "updated_at" timestamp) 
  [1m[36m (1.7ms)[0m  [1mCREATE TABLE "schema_migrations" ("version" character varying NOT NULL) [0m
  [1m[35m (1.1ms)[0m  CREATE UNIQUE INDEX  "unique_schema_migrations" ON "schema_migrations"  ("version")
  [1m[36m (0.3ms)[0m  [1mSELECT version FROM "schema_migrations"[0m
  [1m[35m (0.5ms)[0m  INSERT INTO "schema_migrations" (version) VALUES ('20111119180638')
  [1m[36m (130.0ms)[0m  [1mDROP DATABASE IF EXISTS "myapp_test"[0m
  [1m[35m (257.5ms)[0m  CREATE DATABASE "myapp_test" ENCODING = 'unicode'
  [1m[36mSQL (0.3ms)[0m  [1mCREATE EXTENSION IF NOT EXISTS "plpgsql"[0m
  [1m[35m (4.4ms)[0m  CREATE TABLE "playlist" ("id" serial primary key, "title" character varying, "artist" character varying, "genre" text, "mood" text, "activity" text, "created_at" timestamp, "updated_at" timestamp) 
  [1m[36m (1.5ms)[0m  [1mCREATE TABLE "schema_migrations" ("version" character varying NOT NULL) [0m
  [1m[35m (0.9ms)[0m  CREATE UNIQUE INDEX  "unique_schema_migrations" ON "schema_migrations"  ("version")
  [1m[36m (0.3ms)[0m  [1mSELECT version FROM "schema_migrations"[0m
  [1m[35m (0.4ms)[0m  INSERT INTO "schema_migrations" (version) VALUES ('20111119180638')
  [1m[36m (129.2ms)[0m  [1mDROP DATABASE IF EXISTS "myapp_test"[0m
  [1m[35m (256.9ms)[0m  CREATE DATABASE "myapp_test" ENCODING = 'unicode'
  [1m[36mSQL (0.3ms)[0m  [1mCREATE EXTENSION IF NOT EXISTS "plpgsql"[0m
  [1m[35m (4.2ms)[0m  CREATE TABLE "playlist" ("id" serial primary key, "title" character varying, "artist" character varying, "genre" text, "mood" text, "activity" text, "created_at" timestamp, "updated_at" timestamp) 
  [1m[36m (2.0ms)[0m  [1mCREATE TABLE "schema_migrations" ("version" character varying NOT NULL) [0m
  [1m[35m (1.0ms)[0m  CREATE UNIQUE INDEX  "unique_schema_migrations" ON "schema_migrations"  ("version")
  [1m[36m (0.4ms)[0m  [1mSELECT version FROM "schema_migrations"[0m
  [1m[35m (0.6ms)[0m  INSERT INTO "schema_migrations" (version) VALUES ('20111119180638')
  [1m[36m (129.9ms)[0m  [1mDROP DATABASE IF EXISTS "myapp_test"[0m
  [1m[35m (256.3ms)[0m  CREATE DATABASE "myapp_test" ENCODING = 'unicode'
  [1m[36mSQL (0.3ms)[0m  [1mCREATE EXTENSION IF NOT EXISTS "plpgsql"[0m
  [1m[35m (4.5ms)[0m  CREATE TABLE "playlist" ("id" serial primary key, "title" character varying, "artist" character varying, "genre" text, "mood" text, "activity" text, "created_at" timestamp, "updated_at" timestamp) 
  [1m[36m (1.6ms)[0m  [1mCREATE TABLE "schema_migrations" ("version" character varying NOT NULL) [0m
  [1m[35m (1.0ms)[0m  CREATE UNIQUE INDEX  "unique_schema_migrations" ON "schema_migrations"  ("version")
  [1m[36m (0.3ms)[0m  [1mSELECT version FROM "schema_migrations"[0m
  [1m[35m (0.5ms)[0m  INSERT INTO "schema_migrations" (version) VALUES ('20111119180638')
  [1m[36m (131.4ms)[0m  [1mDROP DATABASE IF EXISTS "myapp_test"[0m
  [1m[35m (255.3ms)[0m  CREATE DATABASE "myapp_test" ENCODING = 'unicode'
  [1m[36mSQL (0.3ms)[0m  [1mCREATE EXTENSION IF NOT EXISTS "plpgsql"[0m
  [1m[35m (5.8ms)[0m  CREATE TABLE "playlist" ("id" serial primary key, "title" character varying, "artist" character varying, "genre" text, "mood" text, "activity" text, "created_at" timestamp, "updated_at" timestamp) 
  [1m[36m (2.0ms)[0m  [1mCREATE TABLE "schema_migrations" ("version" character varying NOT NULL) [0m
  [1m[35m (1.2ms)[0m  CREATE UNIQUE INDEX  "unique_schema_migrations" ON "schema_migrations"  ("version")
  [1m[36m (0.4ms)[0m  [1mSELECT version FROM "schema_migrations"[0m
  [1m[35m (0.6ms)[0m  INSERT INTO "schema_migrations" (version) VALUES ('20111119180638')
  [1m[36m (127.5ms)[0m  [1mDROP DATABASE IF EXISTS "myapp_test"[0m
  [1m[35m (251.9ms)[0m  CREATE DATABASE "myapp_test" ENCODING = 'unicode'
  [1m[36mSQL (0.5ms)[0m  [1mCREATE EXTENSION IF NOT EXISTS "plpgsql"[0m
  [1m[35m (5.9ms)[0m  CREATE TABLE "playlist" ("id" serial primary key, "title" character varying, "artist" character varying, "genre" text, "mood" text, "activity" text, "created_at" timestamp, "updated_at" timestamp) 
  [1m[36m (2.1ms)[0m  [1mCREATE TABLE "schema_migrations" ("version" character varying NOT NULL) [0m
  [1m[35m (1.3ms)[0m  CREATE UNIQUE INDEX  "unique_schema_migrations" ON "schema_migrations"  ("version")
  [1m[36m (0.4ms)[0m  [1mSELECT version FROM "schema_migrations"[0m
  [1m[35m (0.5ms)[0m  INSERT INTO "schema_migrations" (version) VALUES ('20111119180638')
  [1m[36m (130.1ms)[0m  [1mDROP DATABASE IF EXISTS "myapp_test"[0m
  [1m[35m (280.2ms)[0m  CREATE DATABASE "myapp_test" ENCODING = 'unicode'
  [1m[36mSQL (0.3ms)[0m  [1mCREATE EXTENSION IF NOT EXISTS "plpgsql"[0m
  [1m[35m (4.2ms)[0m  CREATE TABLE "playlist" ("id" serial primary key, "title" character varying, "artist" character varying, "genre" text, "mood" text, "activity" text, "created_at" timestamp, "updated_at" timestamp) 
  [1m[36m (1.5ms)[0m  [1mCREATE TABLE "schema_migrations" ("version" character varying NOT NULL) [0m
  [1m[35m (1.1ms)[0m  CREATE UNIQUE INDEX  "unique_schema_migrations" ON "schema_migrations"  ("version")
  [1m[36m (0.3ms)[0m  [1mSELECT version FROM "schema_migrations"[0m
  [1m[35m (0.4ms)[0m  INSERT INTO "schema_migrations" (version) VALUES ('20111119180638')
  [1m[36m (129.9ms)[0m  [1mDROP DATABASE IF EXISTS "myapp_test"[0m
  [1m[35m (265.4ms)[0m  CREATE DATABASE "myapp_test" ENCODING = 'unicode'
  [1m[36mSQL (0.3ms)[0m  [1mCREATE EXTENSION IF NOT EXISTS "plpgsql"[0m
  [1m[35m (4.9ms)[0m  CREATE TABLE "playlist" ("id" serial primary key, "title" character varying, "artist" character varying, "genre" text, "mood" text, "activity" text, "created_at" timestamp, "updated_at" timestamp) 
  [1m[36m (1.7ms)[0m  [1mCREATE TABLE "schema_migrations" ("version" character varying NOT NULL) [0m
  [1m[35m (1.1ms)[0m  CREATE UNIQUE INDEX  "unique_schema_migrations" ON "schema_migrations"  ("version")
  [1m[36m (0.4ms)[0m  [1mSELECT version FROM "schema_migrations"[0m
  [1m[35m (0.6ms)[0m  INSERT INTO "schema_migrations" (version) VALUES ('20111119180638')
  [1m[36m (129.8ms)[0m  [1mDROP DATABASE IF EXISTS "myapp_test"[0m
  [1m[35m (255.6ms)[0m  CREATE DATABASE "myapp_test" ENCODING = 'unicode'
  [1m[36mSQL (0.4ms)[0m  [1mCREATE EXTENSION IF NOT EXISTS "plpgsql"[0m
  [1m[35m (4.3ms)[0m  CREATE TABLE "playlist" ("id" serial primary key, "title" character varying, "artist" character varying, "genre" text, "mood" text, "activity" text, "created_at" timestamp, "updated_at" timestamp) 
  [1m[36m (1.6ms)[0m  [1mCREATE TABLE "schema_migrations" ("version" character varying NOT NULL) [0m
  [1m[35m (1.1ms)[0m  CREATE UNIQUE INDEX  "unique_schema_migrations" ON "schema_migrations"  ("version")
  [1m[36m (0.3ms)[0m  [1mSELECT version FROM "schema_migrations"[0m
  [1m[35m (0.4ms)[0m  INSERT INTO "schema_migrations" (version) VALUES ('20111119180638')
  [1m[36m (130.2ms)[0m  [1mDROP DATABASE IF EXISTS "myapp_test"[0m
  [1m[35m (257.6ms)[0m  CREATE DATABASE "myapp_test" ENCODING = 'unicode'
  [1m[36mSQL (0.3ms)[0m  [1mCREATE EXTENSION IF NOT EXISTS "plpgsql"[0m
  [1m[35m (4.9ms)[0m  CREATE TABLE "playlist" ("id" serial primary key, "title" character varying, "artist" character varying, "genre" text, "mood" text, "activity" text, "created_at" timestamp, "updated_at" timestamp) 
  [1m[36m (1.6ms)[0m  [1mCREATE TABLE "schema_migrations" ("version" character varying NOT NULL) [0m
  [1m[35m (1.1ms)[0m  CREATE UNIQUE INDEX  "unique_schema_migrations" ON "schema_migrations"  ("version")
  [1m[36m (0.4ms)[0m  [1mSELECT version FROM "schema_migrations"[0m
  [1m[35m (0.5ms)[0m  INSERT INTO "schema_migrations" (version) VALUES ('20111119180638')
  [1m[36m (129.9ms)[0m  [1mDROP DATABASE IF EXISTS "myapp_test"[0m
  [1m[35m (254.3ms)[0m  CREATE DATABASE "myapp_test" ENCODING = 'unicode'
  [1m[36mSQL (0.4ms)[0m  [1mCREATE EXTENSION IF NOT EXISTS "plpgsql"[0m
  [1m[35m (5.4ms)[0m  CREATE TABLE "playlist" ("id" serial primary key, "title" character varying, "artist" character varying, "genre" text, "mood" text, "activity" text, "created_at" timestamp, "updated_at" timestamp) 
  [1m[36m (1.6ms)[0m  [1mCREATE TABLE "schema_migrations" ("version" character varying NOT NULL) [0m
  [1m[35m (1.1ms)[0m  CREATE UNIQUE INDEX  "unique_schema_migrations" ON "schema_migrations"  ("version")
  [1m[36m (0.3ms)[0m  [1mSELECT version FROM "schema_migrations"[0m
  [1m[35m (0.4ms)[0m  INSERT INTO "schema_migrations" (version) VALUES ('20111119180638')
  [1m[36m (130.4ms)[0m  [1mDROP DATABASE IF EXISTS "myapp_test"[0m
  [1m[35m (257.6ms)[0m  CREATE DATABASE "myapp_test" ENCODING = 'unicode'
  [1m[36mSQL (0.3ms)[0m  [1mCREATE EXTENSION IF NOT EXISTS "plpgsql"[0m
  [1m[35m (4.3ms)[0m  CREATE TABLE "playlist" ("id" serial primary key, "title" character varying, "artist" character varying, "genre" text, "mood" text, "activity" text, "created_at" timestamp, "updated_at" timestamp) 
  [1m[36m (1.8ms)[0m  [1mCREATE TABLE "schema_migrations" ("version" character varying NOT NULL) [0m
  [1m[35m (1.2ms)[0m  CREATE UNIQUE INDEX  "unique_schema_migrations" ON "schema_migrations"  ("version")
  [1m[36m (0.4ms)[0m  [1mSELECT version FROM "schema_migrations"[0m
  [1m[35m (0.7ms)[0m  INSERT INTO "schema_migrations" (version) VALUES ('20111119180638')
  [1m[36m (130.4ms)[0m  [1mDROP DATABASE IF EXISTS "myapp_test"[0m
  [1m[35m (257.9ms)[0m  CREATE DATABASE "myapp_test" ENCODING = 'unicode'
  [1m[36mSQL (0.3ms)[0m  [1mCREATE EXTENSION IF NOT EXISTS "plpgsql"[0m
  [1m[35m (5.0ms)[0m  CREATE TABLE "playlist" ("id" serial primary key, "title" character varying, "artist" character varying, "genre" text, "mood" text, "activity" text, "created_at" timestamp, "updated_at" timestamp) 
  [1m[36m (1.7ms)[0m  [1mCREATE TABLE "schema_migrations" ("version" character varying NOT NULL) [0m
  [1m[35m (1.3ms)[0m  CREATE UNIQUE INDEX  "unique_schema_migrations" ON "schema_migrations"  ("version")
  [1m[36m (0.3ms)[0m  [1mSELECT version FROM "schema_migrations"[0m
  [1m[35m (0.5ms)[0m  INSERT INTO "schema_migrations" (version) VALUES ('20111119180638')
  [1m[36m (121.6ms)[0m  [1mDROP DATABASE IF EXISTS "myapp_test"[0m
  [1m[35m (265.9ms)[0m  CREATE DATABASE "myapp_test" ENCODING = 'unicode'
  [1m[36mSQL (0.3ms)[0m  [1mCREATE EXTENSION IF NOT EXISTS "plpgsql"[0m
  [1m[35m (4.6ms)[0m  CREATE TABLE "playlist" ("id" serial primary key, "title" character varying, "artist" character varying, "genre" text, "mood" text, "activity" text, "created_at" timestamp, "updated_at" timestamp) 
  [1m[36m (1.5ms)[0m  [1mCREATE TABLE "schema_migrations" ("version" character varying NOT NULL) [0m
  [1m[35m (0.9ms)[0m  CREATE UNIQUE INDEX  "unique_schema_migrations" ON "schema_migrations"  ("version")
  [1m[36m (0.2ms)[0m  [1mSELECT version FROM "schema_migrations"[0m
  [1m[35m (0.4ms)[0m  INSERT INTO "schema_migrations" (version) VALUES ('20111119180638')
  [1m[36m (130.2ms)[0m  [1mDROP DATABASE IF EXISTS "myapp_test"[0m
  [1m[35m (270.3ms)[0m  CREATE DATABASE "myapp_test" ENCODING = 'unicode'
  [1m[36mSQL (0.3ms)[0m  [1mCREATE EXTENSION IF NOT EXISTS "plpgsql"[0m
  [1m[35m (4.6ms)[0m  CREATE TABLE "playlist" ("id" serial primary key, "title" character varying, "artist" character varying, "genre" text, "mood" text, "activity" text, "created_at" timestamp, "updated_at" timestamp) 
  [1m[36m (1.7ms)[0m  [1mCREATE TABLE "schema_migrations" ("version" character varying NOT NULL) [0m
  [1m[35m (1.1ms)[0m  CREATE UNIQUE INDEX  "unique_schema_migrations" ON "schema_migrations"  ("version")
  [1m[36m (0.3ms)[0m  [1mSELECT version FROM "schema_migrations"[0m
  [1m[35m (0.6ms)[0m  INSERT INTO "schema_migrations" (version) VALUES ('20111119180638')
  [1m[36m (130.8ms)[0m  [1mDROP DATABASE IF EXISTS "myapp_test"[0m
  [1m[35m (254.1ms)[0m  CREATE DATABASE "myapp_test" ENCODING = 'unicode'
  [1m[36mSQL (0.3ms)[0m  [1mCREATE EXTENSION IF NOT EXISTS "plpgsql"[0m
  [1m[35m (8.1ms)[0m  CREATE TABLE "playlist" ("id" serial primary key, "title" character varying, "artist" character varying, "genre" text, "mood" text, "activity" text, "created_at" timestamp, "updated_at" timestamp) 
  [1m[36m (1.7ms)[0m  [1mCREATE TABLE "schema_migrations" ("version" character varying NOT NULL) [0m
  [1m[35m (1.1ms)[0m  CREATE UNIQUE INDEX  "unique_schema_migrations" ON "schema_migrations"  ("version")
  [1m[36m (0.4ms)[0m  [1mSELECT version FROM "schema_migrations"[0m
  [1m[35m (0.4ms)[0m  INSERT INTO "schema_migrations" (version) VALUES ('20111119180638')
  [1m[36m (130.1ms)[0m  [1mDROP DATABASE IF EXISTS "myapp_test"[0m
  [1m[35m (256.0ms)[0m  CREATE DATABASE "myapp_test" ENCODING = 'unicode'
  [1m[36mSQL (0.3ms)[0m  [1mCREATE EXTENSION IF NOT EXISTS "plpgsql"[0m
  [1m[35m (4.2ms)[0m  CREATE TABLE "playlist" ("id" serial primary key, "title" character varying, "artist" character varying, "genre" text, "mood" text, "activity" text, "created_at" timestamp, "updated_at" timestamp) 
  [1m[36m (1.5ms)[0m  [1mCREATE TABLE "schema_migrations" ("version" character varying NOT NULL) [0m
  [1m[35m (1.0ms)[0m  CREATE UNIQUE INDEX  "unique_schema_migrations" ON "schema_migrations"  ("version")
  [1m[36m (0.3ms)[0m  [1mSELECT version FROM "schema_migrations"[0m
  [1m[35m (0.4ms)[0m  INSERT INTO "schema_migrations" (version) VALUES ('20111119180638')
  [1m[36m (130.0ms)[0m  [1mDROP DATABASE IF EXISTS "myapp_test"[0m
  [1m[35m (247.3ms)[0m  CREATE DATABASE "myapp_test" ENCODING = 'unicode'
  [1m[36mSQL (0.3ms)[0m  [1mCREATE EXTENSION IF NOT EXISTS "plpgsql"[0m
  [1m[35m (4.3ms)[0m  CREATE TABLE "playlist" ("id" serial primary key, "title" character varying, "artist" character varying, "genre" text, "mood" text, "activity" text, "created_at" timestamp, "updated_at" timestamp) 
  [1m[36m (1.6ms)[0m  [1mCREATE TABLE "schema_migrations" ("version" character varying NOT NULL) [0m
  [1m[35m (1.1ms)[0m  CREATE UNIQUE INDEX  "unique_schema_migrations" ON "schema_migrations"  ("version")
  [1m[36m (0.3ms)[0m  [1mSELECT version FROM "schema_migrations"[0m
  [1m[35m (0.4ms)[0m  INSERT INTO "schema_migrations" (version) VALUES ('20111119180638')
  [1m[36m (128.7ms)[0m  [1mDROP DATABASE IF EXISTS "myapp_test"[0m
  [1m[35m (263.4ms)[0m  CREATE DATABASE "myapp_test" ENCODING = 'unicode'
  [1m[36mSQL (0.3ms)[0m  [1mCREATE EXTENSION IF NOT EXISTS "plpgsql"[0m
  [1m[35m (4.6ms)[0m  CREATE TABLE "playlist" ("id" serial primary key, "title" character varying, "artist" character varying, "genre" text, "mood" text, "activity" text, "created_at" timestamp, "updated_at" timestamp) 
  [1m[36m (1.6ms)[0m  [1mCREATE TABLE "schema_migrations" ("version" character varying NOT NULL) [0m
  [1m[35m (1.0ms)[0m  CREATE UNIQUE INDEX  "unique_schema_migrations" ON "schema_migrations"  ("version")
  [1m[36m (0.3ms)[0m  [1mSELECT version FROM "schema_migrations"[0m
  [1m[35m (0.4ms)[0m  INSERT INTO "schema_migrations" (version) VALUES ('20111119180638')
  [1m[36m (130.2ms)[0m  [1mDROP DATABASE IF EXISTS "myapp_test"[0m
  [1m[35m (256.9ms)[0m  CREATE DATABASE "myapp_test" ENCODING = 'unicode'
  [1m[36mSQL (0.3ms)[0m  [1mCREATE EXTENSION IF NOT EXISTS "plpgsql"[0m
  [1m[35m (4.3ms)[0m  CREATE TABLE "playlist" ("id" serial primary key, "title" character varying, "artist" character varying, "genre" text, "mood" text, "activity" text, "created_at" timestamp, "updated_at" timestamp) 
  [1m[36m (18.0ms)[0m  [1mCREATE TABLE "schema_migrations" ("version" character varying NOT NULL) [0m
  [1m[35m (10.4ms)[0m  CREATE UNIQUE INDEX  "unique_schema_migrations" ON "schema_migrations"  ("version")
  [1m[36m (0.5ms)[0m  [1mSELECT version FROM "schema_migrations"[0m
  [1m[35m (1.0ms)[0m  INSERT INTO "schema_migrations" (version) VALUES ('20111119180638')
  [1m[36m (129.6ms)[0m  [1mDROP DATABASE IF EXISTS "myapp_test"[0m
  [1m[35m (263.4ms)[0m  CREATE DATABASE "myapp_test" ENCODING = 'unicode'
  [1m[36mSQL (0.3ms)[0m  [1mCREATE EXTENSION IF NOT EXISTS "plpgsql"[0m
  [1m[35m (4.7ms)[0m  CREATE TABLE "playlist" ("id" serial primary key, "title" character varying, "artist" character varying, "genre" text, "mood" text, "activity" text, "created_at" timestamp, "updated_at" timestamp) 
  [1m[36m (1.5ms)[0m  [1mCREATE TABLE "schema_migrations" ("version" character varying NOT NULL) [0m
  [1m[35m (1.0ms)[0m  CREATE UNIQUE INDEX  "unique_schema_migrations" ON "schema_migrations"  ("version")
  [1m[36m (0.3ms)[0m  [1mSELECT version FROM "schema_migrations"[0m
  [1m[35m (0.5ms)[0m  INSERT INTO "schema_migrations" (version) VALUES ('20111119180638')
  [1m[36m (139.0ms)[0m  [1mDROP DATABASE IF EXISTS "myapp_test"[0m
  [1m[35m (247.9ms)[0m  CREATE DATABASE "myapp_test" ENCODING = 'unicode'
  [1m[36mSQL (0.3ms)[0m  [1mCREATE EXTENSION IF NOT EXISTS "plpgsql"[0m
  [1m[35m (4.4ms)[0m  CREATE TABLE "playlist" ("id" serial primary key, "title" character varying, "artist" character varying, "genre" text, "mood" text, "activity" text, "created_at" timestamp, "updated_at" timestamp) 
  [1m[36m (1.4ms)[0m  [1mCREATE TABLE "schema_migrations" ("version" character varying NOT NULL) [0m
  [1m[35m (0.9ms)[0m  CREATE UNIQUE INDEX  "unique_schema_migrations" ON "schema_migrations"  ("version")
  [1m[36m (0.3ms)[0m  [1mSELECT version FROM "schema_migrations"[0m
  [1m[35m (0.4ms)[0m  INSERT INTO "schema_migrations" (version) VALUES ('20111119180638')
  [1m[36m (130.7ms)[0m  [1mDROP DATABASE IF EXISTS "myapp_test"[0m
  [1m[35m (258.4ms)[0m  CREATE DATABASE "myapp_test" ENCODING = 'unicode'
  [1m[36mSQL (0.4ms)[0m  [1mCREATE EXTENSION IF NOT EXISTS "plpgsql"[0m
  [1m[35m (4.4ms)[0m  CREATE TABLE "playlist" ("id" serial primary key, "title" character varying, "artist" character varying, "genre" text, "mood" text, "activity" text, "created_at" timestamp, "updated_at" timestamp) 
  [1m[36m (1.5ms)[0m  [1mCREATE TABLE "schema_migrations" ("version" character varying NOT NULL) [0m
  [1m[35m (0.9ms)[0m  CREATE UNIQUE INDEX  "unique_schema_migrations" ON "schema_migrations"  ("version")
  [1m[36m (0.2ms)[0m  [1mSELECT version FROM "schema_migrations"[0m
  [1m[35m (0.3ms)[0m  INSERT INTO "schema_migrations" (version) VALUES ('20111119180638')
DEPRECATION WARNING: You didn't set `secret_key_base`. Read the upgrade documentation to learn more about this new config option. (called from require at script/rails:6)


Started GET "/" for 127.0.0.1 at 2016-03-19 03:02:57 -0600


Started GET "/projects" for 127.0.0.1 at 2016-03-19 03:02:57 -0600
Processing by ProjectsController#index as HTML
  Rendered projects/index.html.haml within layouts/application (5.2ms)
Completed 200 OK in 548ms (Views: 506.3ms | ActiveRecord: 0.0ms)


Started GET "/assets/application.self-2e1d5cff132adcf4cfafe1361252c5187e5388bcfaa933dcf902b5526677af1d.css?body=1" for 127.0.0.1 at 2016-03-19 03:02:58 -0600


Started GET "/assets/jquery-ui.min.self-0538371995db61cb587c92e27569fd8f0626152729bbe3141e6d31ccf6c42a74.css?body=1" for 127.0.0.1 at 2016-03-19 03:02:58 -0600


Started GET "/assets/jquery-ui.structure.min.self-8dee2db4f2ec0cdfd627412c741f783d359e6bbba49fa4410d135eaf80e83eec.css?body=1" for 127.0.0.1 at 2016-03-19 03:02:58 -0600


Started GET "/assets/application.self-ac4347b135ab8935f2dd20089f2acc8bec1d6b2ad528a80fcb03cd445dbd4d27.js?body=1" for 127.0.0.1 at 2016-03-19 03:02:58 -0600


Started GET "/assets/jquery-ui.theme.min.self-6d3de8a3dd48007241dd961c78f64dbf3bb5bffba69d99ce1c2cfe53728d0400.css?body=1" for 127.0.0.1 at 2016-03-19 03:02:58 -0600


Started GET "/assets/curator.self-e6cfedd6640d668db5947891c1419c9882637c33b1d867e58c8ad04adf876fba.js?body=1" for 127.0.0.1 at 2016-03-19 03:02:58 -0600


Started GET "/assets/jquery-2.2.1.min.self-86a30c5a03266af7835c50bba8ce72f4d1023e42f51cd4e71c1f0ce6341b6cab.js?body=1" for 127.0.0.1 at 2016-03-19 03:02:58 -0600


Started GET "/assets/color.jpg" for 127.0.0.1 at 2016-03-19 03:02:59 -0600


Started GET "/assets/images/ui-icons_444444_256x240.png" for 127.0.0.1 at 2016-03-19 03:02:59 -0600

ActionController::RoutingError (No route matches [GET] "/assets/images/ui-icons_444444_256x240.png"):
  actionpack (4.2.4) lib/action_dispatch/middleware/debug_exceptions.rb:21:in `call'
  actionpack (4.2.4) lib/action_dispatch/middleware/show_exceptions.rb:30:in `call'
  railties (4.2.4) lib/rails/rack/logger.rb:38:in `call_app'
  railties (4.2.4) lib/rails/rack/logger.rb:20:in `block in call'
  activesupport (4.2.4) lib/active_support/tagged_logging.rb:68:in `block in tagged'
  activesupport (4.2.4) lib/active_support/tagged_logging.rb:26:in `tagged'
  activesupport (4.2.4) lib/active_support/tagged_logging.rb:68:in `tagged'
  railties (4.2.4) lib/rails/rack/logger.rb:20:in `call'
  actionpack (4.2.4) lib/action_dispatch/middleware/request_id.rb:21:in `call'
  rack (1.6.4) lib/rack/methodoverride.rb:22:in `call'
  rack (1.6.4) lib/rack/runtime.rb:18:in `call'
  activesupport (4.2.4) lib/active_support/cache/strategy/local_cache_middleware.rb:28:in `call'
  rack (1.6.4) lib/rack/lock.rb:17:in `call'
  actionpack (4.2.4) lib/action_dispatch/middleware/static.rb:116:in `call'
  rack (1.6.4) lib/rack/sendfile.rb:113:in `call'
  railties (4.2.4) lib/rails/engine.rb:518:in `call'
  railties (4.2.4) lib/rails/application.rb:165:in `call'
  rack (1.6.4) lib/rack/content_length.rb:15:in `call'
  thin (1.6.4) lib/thin/connection.rb:86:in `block in pre_process'
  thin (1.6.4) lib/thin/connection.rb:84:in `catch'
  thin (1.6.4) lib/thin/connection.rb:84:in `pre_process'
  thin (1.6.4) lib/thin/connection.rb:53:in `process'
  thin (1.6.4) lib/thin/connection.rb:39:in `receive_data'
  eventmachine (1.0.9.1) lib/eventmachine.rb:193:in `run_machine'
  eventmachine (1.0.9.1) lib/eventmachine.rb:193:in `run'
  thin (1.6.4) lib/thin/backends/base.rb:73:in `start'
  thin (1.6.4) lib/thin/server.rb:162:in `start'
  rack (1.6.4) lib/rack/handler/thin.rb:19:in `run'
  rack (1.6.4) lib/rack/server.rb:286:in `start'
  railties (4.2.4) lib/rails/commands/server.rb:80:in `start'
  railties (4.2.4) lib/rails/commands/commands_tasks.rb:80:in `block in server'
  railties (4.2.4) lib/rails/commands/commands_tasks.rb:75:in `tap'
  railties (4.2.4) lib/rails/commands/commands_tasks.rb:75:in `server'
  railties (4.2.4) lib/rails/commands/commands_tasks.rb:39:in `run_command!'
  railties (4.2.4) lib/rails/commands.rb:17:in `<top (required)>'
  script/rails:6:in `require'
  script/rails:6:in `<main>'


  Rendered /Users/o/.rvm/gems/ruby-2.2.3/gems/actionpack-4.2.4/lib/action_dispatch/middleware/templates/rescues/_trace.html.erb (1.4ms)
  Rendered /Users/o/.rvm/gems/ruby-2.2.3/gems/actionpack-4.2.4/lib/action_dispatch/middleware/templates/routes/_route.html.erb (1.0ms)
  Rendered /Users/o/.rvm/gems/ruby-2.2.3/gems/actionpack-4.2.4/lib/action_dispatch/middleware/templates/routes/_table.html.erb (6.0ms)
  Rendered /Users/o/.rvm/gems/ruby-2.2.3/gems/actionpack-4.2.4/lib/action_dispatch/middleware/templates/rescues/_request_and_response.html.erb (2.0ms)
  Rendered /Users/o/.rvm/gems/ruby-2.2.3/gems/actionpack-4.2.4/lib/action_dispatch/middleware/templates/rescues/routing_error.html.erb within rescues/layout (102.0ms)
  [1m[36m (140.4ms)[0m  [1mDROP DATABASE IF EXISTS "myapp_test"[0m
  [1m[35m (433.8ms)[0m  CREATE DATABASE "myapp_test" ENCODING = 'unicode'
  [1m[36mSQL (0.3ms)[0m  [1mCREATE EXTENSION IF NOT EXISTS "plpgsql"[0m
  [1m[35m (13.5ms)[0m  CREATE TABLE "playlist" ("id" serial primary key, "title" character varying, "artist" character varying, "genre" text, "mood" text, "activity" text, "created_at" timestamp, "updated_at" timestamp) 
  [1m[36m (13.7ms)[0m  [1mCREATE TABLE "schema_migrations" ("version" character varying NOT NULL) [0m
  [1m[35m (1.5ms)[0m  CREATE UNIQUE INDEX  "unique_schema_migrations" ON "schema_migrations"  ("version")
  [1m[36m (0.5ms)[0m  [1mSELECT version FROM "schema_migrations"[0m
  [1m[35m (0.5ms)[0m  INSERT INTO "schema_migrations" (version) VALUES ('20111119180638')
  [1m[36m (132.1ms)[0m  [1mDROP DATABASE IF EXISTS "myapp_test"[0m
  [1m[35m (263.9ms)[0m  CREATE DATABASE "myapp_test" ENCODING = 'unicode'
  [1m[36mSQL (0.3ms)[0m  [1mCREATE EXTENSION IF NOT EXISTS "plpgsql"[0m
  [1m[35m (4.4ms)[0m  CREATE TABLE "playlist" ("id" serial primary key, "title" character varying, "artist" character varying, "genre" text, "mood" text, "activity" text, "created_at" timestamp, "updated_at" timestamp) 
  [1m[36m (1.6ms)[0m  [1mCREATE TABLE "schema_migrations" ("version" character varying NOT NULL) [0m
  [1m[35m (1.0ms)[0m  CREATE UNIQUE INDEX  "unique_schema_migrations" ON "schema_migrations"  ("version")
  [1m[36m (0.3ms)[0m  [1mSELECT version FROM "schema_migrations"[0m
  [1m[35m (0.5ms)[0m  INSERT INTO "schema_migrations" (version) VALUES ('20111119180638')
DEPRECATION WARNING: You didn't set `secret_key_base`. Read the upgrade documentation to learn more about this new config option. (called from require at script/rails:6)


Started GET "/projects" for 127.0.0.1 at 2016-04-03 19:13:30 -0600
Processing by ProjectsController#index as HTML
  Rendered projects/index.html.haml within layouts/application (3.8ms)
Completed 200 OK in 639ms (Views: 610.5ms | ActiveRecord: 0.0ms)


Started GET "/assets/application.self-01f87ea18e85d99216d1ae6137abd6c9da6a0b988958361a100c175a668498cb.css?body=1" for 127.0.0.1 at 2016-04-03 19:13:31 -0600


Started GET "/assets/jquery-ui.min.self-0538371995db61cb587c92e27569fd8f0626152729bbe3141e6d31ccf6c42a74.css?body=1" for 127.0.0.1 at 2016-04-03 19:13:31 -0600


Started GET "/assets/jquery-ui.structure.min.self-8dee2db4f2ec0cdfd627412c741f783d359e6bbba49fa4410d135eaf80e83eec.css?body=1" for 127.0.0.1 at 2016-04-03 19:13:31 -0600


Started GET "/assets/jquery-ui.theme.min.self-6d3de8a3dd48007241dd961c78f64dbf3bb5bffba69d99ce1c2cfe53728d0400.css?body=1" for 127.0.0.1 at 2016-04-03 19:13:31 -0600


Started GET "/assets/jquery.self-c64a74367bda6ef8b860f19e74df08927ca99d2be2ac934e9e92d5fd361e0da4.js?body=1" for 127.0.0.1 at 2016-04-03 19:13:31 -0600


Started GET "/assets/jquery_ujs.self-d602bdfe68ffc63b9f9cc512872aa3cfff046228a0a36e90dd476e8ef54c1b09.js?body=1" for 127.0.0.1 at 2016-04-03 19:13:31 -0600


Started GET "/assets/curator.self-55d2ea7daa724ab01fa79dcc062cf1d1f0d2f97e7148dce4d6206d6fa4963816.js?body=1" for 127.0.0.1 at 2016-04-03 19:13:31 -0600


Started GET "/assets/jquery-2.2.1.min.self-86a30c5a03266af7835c50bba8ce72f4d1023e42f51cd4e71c1f0ce6341b6cab.js?body=1" for 127.0.0.1 at 2016-04-03 19:13:31 -0600


Started GET "/assets/jquery-ui.min.self-c18224f298f54aee71057b801067e38cff8b092d335b0d0153a1d29563edf35c.js?body=1" for 127.0.0.1 at 2016-04-03 19:13:31 -0600


Started GET "/assets/application.self-ac4347b135ab8935f2dd20089f2acc8bec1d6b2ad528a80fcb03cd445dbd4d27.js?body=1" for 127.0.0.1 at 2016-04-03 19:13:31 -0600


Started GET "/assets/color.jpg" for 127.0.0.1 at 2016-04-03 19:13:32 -0600


Started GET "/assets/images/ui-icons_444444_256x240.png" for 127.0.0.1 at 2016-04-03 19:13:32 -0600

ActionController::RoutingError (No route matches [GET] "/assets/images/ui-icons_444444_256x240.png"):
  actionpack (4.2.4) lib/action_dispatch/middleware/debug_exceptions.rb:21:in `call'
  actionpack (4.2.4) lib/action_dispatch/middleware/show_exceptions.rb:30:in `call'
  railties (4.2.4) lib/rails/rack/logger.rb:38:in `call_app'
  railties (4.2.4) lib/rails/rack/logger.rb:20:in `block in call'
  activesupport (4.2.4) lib/active_support/tagged_logging.rb:68:in `block in tagged'
  activesupport (4.2.4) lib/active_support/tagged_logging.rb:26:in `tagged'
  activesupport (4.2.4) lib/active_support/tagged_logging.rb:68:in `tagged'
  railties (4.2.4) lib/rails/rack/logger.rb:20:in `call'
  actionpack (4.2.4) lib/action_dispatch/middleware/request_id.rb:21:in `call'
  rack (1.6.4) lib/rack/methodoverride.rb:22:in `call'
  rack (1.6.4) lib/rack/runtime.rb:18:in `call'
  activesupport (4.2.4) lib/active_support/cache/strategy/local_cache_middleware.rb:28:in `call'
  rack (1.6.4) lib/rack/lock.rb:17:in `call'
  actionpack (4.2.4) lib/action_dispatch/middleware/static.rb:116:in `call'
  rack (1.6.4) lib/rack/sendfile.rb:113:in `call'
  railties (4.2.4) lib/rails/engine.rb:518:in `call'
  railties (4.2.4) lib/rails/application.rb:165:in `call'
  rack (1.6.4) lib/rack/content_length.rb:15:in `call'
  thin (1.6.4) lib/thin/connection.rb:86:in `block in pre_process'
  thin (1.6.4) lib/thin/connection.rb:84:in `catch'
  thin (1.6.4) lib/thin/connection.rb:84:in `pre_process'
  thin (1.6.4) lib/thin/connection.rb:53:in `process'
  thin (1.6.4) lib/thin/connection.rb:39:in `receive_data'
  eventmachine (1.0.9.1) lib/eventmachine.rb:193:in `run_machine'
  eventmachine (1.0.9.1) lib/eventmachine.rb:193:in `run'
  thin (1.6.4) lib/thin/backends/base.rb:73:in `start'
  thin (1.6.4) lib/thin/server.rb:162:in `start'
  rack (1.6.4) lib/rack/handler/thin.rb:19:in `run'
  rack (1.6.4) lib/rack/server.rb:286:in `start'
  railties (4.2.4) lib/rails/commands/server.rb:80:in `start'
  railties (4.2.4) lib/rails/commands/commands_tasks.rb:80:in `block in server'
  railties (4.2.4) lib/rails/commands/commands_tasks.rb:75:in `tap'
  railties (4.2.4) lib/rails/commands/commands_tasks.rb:75:in `server'
  railties (4.2.4) lib/rails/commands/commands_tasks.rb:39:in `run_command!'
  railties (4.2.4) lib/rails/commands.rb:17:in `<top (required)>'
  script/rails:6:in `require'
  script/rails:6:in `<main>'


  Rendered /home/ensign/.rvm/gems/ruby-2.2.3/gems/actionpack-4.2.4/lib/action_dispatch/middleware/templates/rescues/_trace.html.erb (1.2ms)
  Rendered /home/ensign/.rvm/gems/ruby-2.2.3/gems/actionpack-4.2.4/lib/action_dispatch/middleware/templates/routes/_route.html.erb (0.9ms)
  Rendered /home/ensign/.rvm/gems/ruby-2.2.3/gems/actionpack-4.2.4/lib/action_dispatch/middleware/templates/routes/_table.html.erb (4.0ms)
  Rendered /home/ensign/.rvm/gems/ruby-2.2.3/gems/actionpack-4.2.4/lib/action_dispatch/middleware/templates/rescues/_request_and_response.html.erb (1.6ms)
  Rendered /home/ensign/.rvm/gems/ruby-2.2.3/gems/actionpack-4.2.4/lib/action_dispatch/middleware/templates/rescues/routing_error.html.erb within rescues/layout (127.1ms)


Started GET "/projects/playlist/chill" for 127.0.0.1 at 2016-04-03 19:13:49 -0600
Processing by ProjectsController#playlist as HTML
  Parameters: {"id"=>"chill"}
  Rendered projects/playlist.html.haml within layouts/application (8.8ms)
Completed 200 OK in 2124ms (Views: 52.6ms | ActiveRecord: 0.0ms)
  [1m[36mActiveRecord::SchemaMigration Load (1.4ms)[0m  [1mSELECT "schema_migrations".* FROM "schema_migrations"[0m
Migrating to CreateProjects (20160404014444)
  [1m[35m (0.1ms)[0m  BEGIN
  [1m[36m (16.0ms)[0m  [1mCREATE TABLE "projects" ("id" serial primary key, "title" character varying, "artist" character varying, "genre" text, "mood" text, "activity" text, "created_at" timestamp NOT NULL, "updated_at" timestamp NOT NULL) [0m
PG::DuplicateTable: ERROR:  relation "projects" already exists
: CREATE TABLE "projects" ("id" serial primary key, "title" character varying, "artist" character varying, "genre" text, "mood" text, "activity" text, "created_at" timestamp NOT NULL, "updated_at" timestamp NOT NULL) 
  [1m[35m (0.1ms)[0m  ROLLBACK
  [1m[36m (5033.5ms)[0m  [1mDROP DATABASE IF EXISTS "myapp_development"[0m
PG::ObjectInUse: ERROR:  database "myapp_development" is being accessed by other users
DETAIL:  There is 1 other session using the database.
: DROP DATABASE IF EXISTS "myapp_development"
  [1m[35m (109.9ms)[0m  DROP DATABASE IF EXISTS "myapp_test"
  [1m[36m (0.3ms)[0m  [1mCREATE DATABASE "myapp_development" ENCODING = 'unicode'[0m
PG::DuplicateDatabase: ERROR:  database "myapp_development" already exists
: CREATE DATABASE "myapp_development" ENCODING = 'unicode'
  [1m[35m (622.0ms)[0m  CREATE DATABASE "myapp_test" ENCODING = 'unicode'
  [1m[36mSQL (2.0ms)[0m  [1mCREATE EXTENSION IF NOT EXISTS "plpgsql"[0m
  [1m[35m (64.9ms)[0m  CREATE TABLE "playlist" ("id" serial primary key, "title" character varying, "artist" character varying, "genre" text, "mood" text, "activity" text, "created_at" timestamp, "updated_at" timestamp) 
  [1m[36m (0.2ms)[0m  [1mSELECT version FROM "schema_migrations"[0m
  [1m[35mSQL (44.2ms)[0m  CREATE EXTENSION IF NOT EXISTS "plpgsql"
  [1m[36m (15.5ms)[0m  [1mCREATE TABLE "playlist" ("id" serial primary key, "title" character varying, "artist" character varying, "genre" text, "mood" text, "activity" text, "created_at" timestamp, "updated_at" timestamp) [0m
  [1m[35m (9.4ms)[0m  CREATE TABLE "schema_migrations" ("version" character varying NOT NULL) 
  [1m[36m (4.2ms)[0m  [1mCREATE UNIQUE INDEX  "unique_schema_migrations" ON "schema_migrations"  ("version")[0m
  [1m[35m (0.6ms)[0m  SELECT version FROM "schema_migrations"
  [1m[36m (0.9ms)[0m  [1mINSERT INTO "schema_migrations" (version) VALUES ('20111119180638')[0m
  [1m[35mActiveRecord::SchemaMigration Load (0.5ms)[0m  SELECT "schema_migrations".* FROM "schema_migrations"
  [1m[36mActiveRecord::SchemaMigration Load (0.2ms)[0m  [1mSELECT "schema_migrations".* FROM "schema_migrations"[0m
Migrating to CreateProjects (20160404014444)
  [1m[35m (0.1ms)[0m  BEGIN
  [1m[36m (1.4ms)[0m  [1mCREATE TABLE "projects" ("id" serial primary key, "title" character varying, "artist" character varying, "genre" text, "mood" text, "activity" text, "created_at" timestamp NOT NULL, "updated_at" timestamp NOT NULL) [0m
PG::DuplicateTable: ERROR:  relation "projects" already exists
: CREATE TABLE "projects" ("id" serial primary key, "title" character varying, "artist" character varying, "genre" text, "mood" text, "activity" text, "created_at" timestamp NOT NULL, "updated_at" timestamp NOT NULL) 
  [1m[35m (0.1ms)[0m  ROLLBACK
  [1m[36m (7.0ms)[0m  [1mCREATE TABLE "schema_migrations" ("version" character varying NOT NULL) [0m
  [1m[35m (8.0ms)[0m  CREATE UNIQUE INDEX  "unique_schema_migrations" ON "schema_migrations"  ("version")
  [1m[36mActiveRecord::SchemaMigration Load (0.5ms)[0m  [1mSELECT "schema_migrations".* FROM "schema_migrations"[0m
Migrating to CreateProjects (20160404014444)
  [1m[35m (0.1ms)[0m  BEGIN
  [1m[36m (12.4ms)[0m  [1mCREATE TABLE "projects" ("id" serial primary key, "title" character varying, "artist" character varying, "genre" text, "mood" text, "activity" text, "created_at" timestamp NOT NULL, "updated_at" timestamp NOT NULL) [0m
  [1m[35mSQL (0.6ms)[0m  INSERT INTO "schema_migrations" ("version") VALUES ($1)  [["version", "20160404014444"]]
  [1m[36m (2.0ms)[0m  [1mCOMMIT[0m
  [1m[35mActiveRecord::SchemaMigration Load (2.1ms)[0m  SELECT "schema_migrations".* FROM "schema_migrations"
  [1m[36m (3.1ms)[0m  [1mSELECT t2.oid::regclass::text AS to_table, a1.attname AS column, a2.attname AS primary_key, c.conname AS name, c.confupdtype AS on_update, c.confdeltype AS on_delete
FROM pg_constraint c
JOIN pg_class t1 ON c.conrelid = t1.oid
JOIN pg_class t2 ON c.confrelid = t2.oid
JOIN pg_attribute a1 ON a1.attnum = c.conkey[1] AND a1.attrelid = t1.oid
JOIN pg_attribute a2 ON a2.attnum = c.confkey[1] AND a2.attrelid = t2.oid
JOIN pg_namespace t3 ON c.connamespace = t3.oid
WHERE c.contype = 'f'
  AND t1.relname = 'projects'
  AND t3.nspname = ANY (current_schemas(false))
ORDER BY c.conname
[0m
DEPRECATION WARNING: You didn't set `secret_key_base`. Read the upgrade documentation to learn more about this new config option. (called from require at script/rails:6)


Started GET "/projects" for 127.0.0.1 at 2016-04-03 20:47:39 -0600
Processing by ProjectsController#index as HTML
Completed 500 Internal Server Error in 65ms (ActiveRecord: 0.0ms)

NoMethodError (undefined method `getUsers' for #<Class:0x007fabef85b400>):
  app/controllers/projects_controller.rb:23:in `index'


  Rendered /Users/o/.rvm/gems/ruby-2.2.3/gems/actionpack-4.2.4/lib/action_dispatch/middleware/templates/rescues/_source.erb (5.3ms)
  Rendered /Users/o/.rvm/gems/ruby-2.2.3/gems/actionpack-4.2.4/lib/action_dispatch/middleware/templates/rescues/_trace.html.erb (2.7ms)
  Rendered /Users/o/.rvm/gems/ruby-2.2.3/gems/actionpack-4.2.4/lib/action_dispatch/middleware/templates/rescues/_request_and_response.html.erb (1.7ms)
  Rendered /Users/o/.rvm/gems/ruby-2.2.3/gems/actionpack-4.2.4/lib/action_dispatch/middleware/templates/rescues/diagnostics.html.erb within rescues/layout (68.7ms)


Started GET "/" for 127.0.0.1 at 2016-04-03 20:47:45 -0600


Started GET "/projects" for 127.0.0.1 at 2016-04-03 20:47:45 -0600
Processing by ProjectsController#index as HTML
Completed 500 Internal Server Error in 1ms (ActiveRecord: 0.0ms)

NoMethodError (undefined method `getUsers' for #<Class:0x007fabef85b400>):
  app/controllers/projects_controller.rb:23:in `index'


  Rendered /Users/o/.rvm/gems/ruby-2.2.3/gems/actionpack-4.2.4/lib/action_dispatch/middleware/templates/rescues/_source.erb (4.8ms)
  Rendered /Users/o/.rvm/gems/ruby-2.2.3/gems/actionpack-4.2.4/lib/action_dispatch/middleware/templates/rescues/_trace.html.erb (2.6ms)
  Rendered /Users/o/.rvm/gems/ruby-2.2.3/gems/actionpack-4.2.4/lib/action_dispatch/middleware/templates/rescues/_request_and_response.html.erb (1.0ms)
  Rendered /Users/o/.rvm/gems/ruby-2.2.3/gems/actionpack-4.2.4/lib/action_dispatch/middleware/templates/rescues/diagnostics.html.erb within rescues/layout (53.1ms)


Started GET "/" for 127.0.0.1 at 2016-04-03 20:47:56 -0600


Started GET "/projects" for 127.0.0.1 at 2016-04-03 20:47:56 -0600
Processing by ProjectsController#index as HTML
Completed 500 Internal Server Error in 1ms (ActiveRecord: 0.0ms)

NoMethodError (undefined method `getUsers' for #<Class:0x007fabef85b400>):
  app/controllers/projects_controller.rb:23:in `index'


  Rendered /Users/o/.rvm/gems/ruby-2.2.3/gems/actionpack-4.2.4/lib/action_dispatch/middleware/templates/rescues/_source.erb (5.2ms)
  Rendered /Users/o/.rvm/gems/ruby-2.2.3/gems/actionpack-4.2.4/lib/action_dispatch/middleware/templates/rescues/_trace.html.erb (2.5ms)
  Rendered /Users/o/.rvm/gems/ruby-2.2.3/gems/actionpack-4.2.4/lib/action_dispatch/middleware/templates/rescues/_request_and_response.html.erb (1.5ms)
  Rendered /Users/o/.rvm/gems/ruby-2.2.3/gems/actionpack-4.2.4/lib/action_dispatch/middleware/templates/rescues/diagnostics.html.erb within rescues/layout (60.5ms)


Started GET "/projects" for 127.0.0.1 at 2016-04-03 20:48:59 -0600
Processing by ProjectsController#index as HTML
Completed 500 Internal Server Error in 1ms (ActiveRecord: 0.0ms)

NameError (uninitialized constant ProjectsController::Projects):
  app/controllers/projects_controller.rb:23:in `index'


  Rendered /Users/o/.rvm/gems/ruby-2.2.3/gems/actionpack-4.2.4/lib/action_dispatch/middleware/templates/rescues/_source.erb (7.4ms)
  Rendered /Users/o/.rvm/gems/ruby-2.2.3/gems/actionpack-4.2.4/lib/action_dispatch/middleware/templates/rescues/_trace.html.erb (2.3ms)
  Rendered /Users/o/.rvm/gems/ruby-2.2.3/gems/actionpack-4.2.4/lib/action_dispatch/middleware/templates/rescues/_request_and_response.html.erb (1.0ms)
  Rendered /Users/o/.rvm/gems/ruby-2.2.3/gems/actionpack-4.2.4/lib/action_dispatch/middleware/templates/rescues/diagnostics.html.erb within rescues/layout (62.8ms)


Started GET "/projects" for 127.0.0.1 at 2016-04-03 20:49:20 -0600
Processing by ProjectsController#index as HTML
Completed 500 Internal Server Error in 3ms (ActiveRecord: 0.0ms)

NoMethodError (undefined method `keys' for nil:NilClass):
  app/controllers/projects_controller.rb:17:in `index'


  Rendered /Users/o/.rvm/gems/ruby-2.2.3/gems/actionpack-4.2.4/lib/action_dispatch/middleware/templates/rescues/_source.erb (5.1ms)
  Rendered /Users/o/.rvm/gems/ruby-2.2.3/gems/actionpack-4.2.4/lib/action_dispatch/middleware/templates/rescues/_trace.html.erb (2.3ms)
  Rendered /Users/o/.rvm/gems/ruby-2.2.3/gems/actionpack-4.2.4/lib/action_dispatch/middleware/templates/rescues/_request_and_response.html.erb (1.1ms)
  Rendered /Users/o/.rvm/gems/ruby-2.2.3/gems/actionpack-4.2.4/lib/action_dispatch/middleware/templates/rescues/diagnostics.html.erb within rescues/layout (55.2ms)


Started GET "/projects" for 127.0.0.1 at 2016-04-03 20:49:34 -0600
Processing by ProjectsController#index as HTML
Completed 500 Internal Server Error in 4ms (ActiveRecord: 0.0ms)

NoMethodError (undefined method `getUsers' for #<Class:0x007fabed301038>):
  app/controllers/projects_controller.rb:23:in `index'


  Rendered /Users/o/.rvm/gems/ruby-2.2.3/gems/actionpack-4.2.4/lib/action_dispatch/middleware/templates/rescues/_source.erb (4.5ms)
  Rendered /Users/o/.rvm/gems/ruby-2.2.3/gems/actionpack-4.2.4/lib/action_dispatch/middleware/templates/rescues/_trace.html.erb (2.0ms)
  Rendered /Users/o/.rvm/gems/ruby-2.2.3/gems/actionpack-4.2.4/lib/action_dispatch/middleware/templates/rescues/_request_and_response.html.erb (0.9ms)
  Rendered /Users/o/.rvm/gems/ruby-2.2.3/gems/actionpack-4.2.4/lib/action_dispatch/middleware/templates/rescues/diagnostics.html.erb within rescues/layout (55.5ms)
  [1m[36mActiveRecord::SchemaMigration Load (1.4ms)[0m  [1mSELECT "schema_migrations".* FROM "schema_migrations"[0m
Migrating to CreateProjects (20160404014444)
  [1m[35m (0.1ms)[0m  BEGIN
  [1m[36m (14.3ms)[0m  [1mCREATE TABLE "projects" ("id" serial primary key, "title" character varying, "artist" character varying, "genre" text, "mood" text, "activity" text, "created_at" timestamp NOT NULL, "updated_at" timestamp NOT NULL) [0m
PG::DuplicateTable: ERROR:  relation "projects" already exists
: CREATE TABLE "projects" ("id" serial primary key, "title" character varying, "artist" character varying, "genre" text, "mood" text, "activity" text, "created_at" timestamp NOT NULL, "updated_at" timestamp NOT NULL) 
  [1m[35m (0.1ms)[0m  ROLLBACK
DEPRECATION WARNING: You didn't set `secret_key_base`. Read the upgrade documentation to learn more about this new config option. (called from load at /Users/o/.rvm/gems/ruby-2.2.3/bin/rails:23)


Started GET "/projects" for 127.0.0.1 at 2016-04-03 21:15:24 -0600
Processing by ProjectsController#index as HTML
Completed 500 Internal Server Error in 69ms (ActiveRecord: 0.0ms)

NoMethodError (undefined method `getUsers' for #<Class:0x007fe867f312e8>):
  app/controllers/projects_controller.rb:23:in `index'


  Rendered /Users/o/.rvm/gems/ruby-2.2.3/gems/actionpack-4.2.4/lib/action_dispatch/middleware/templates/rescues/_source.erb (5.2ms)
  Rendered /Users/o/.rvm/gems/ruby-2.2.3/gems/actionpack-4.2.4/lib/action_dispatch/middleware/templates/rescues/_trace.html.erb (2.3ms)
  Rendered /Users/o/.rvm/gems/ruby-2.2.3/gems/actionpack-4.2.4/lib/action_dispatch/middleware/templates/rescues/_request_and_response.html.erb (1.1ms)
  Rendered /Users/o/.rvm/gems/ruby-2.2.3/gems/actionpack-4.2.4/lib/action_dispatch/middleware/templates/rescues/diagnostics.html.erb within rescues/layout (68.0ms)


Started GET "/projects" for 127.0.0.1 at 2016-04-03 21:15:26 -0600
Processing by ProjectsController#index as HTML
Completed 500 Internal Server Error in 1ms (ActiveRecord: 0.0ms)

NoMethodError (undefined method `getUsers' for #<Class:0x007fe867f312e8>):
  app/controllers/projects_controller.rb:23:in `index'


  Rendered /Users/o/.rvm/gems/ruby-2.2.3/gems/actionpack-4.2.4/lib/action_dispatch/middleware/templates/rescues/_source.erb (5.3ms)
  Rendered /Users/o/.rvm/gems/ruby-2.2.3/gems/actionpack-4.2.4/lib/action_dispatch/middleware/templates/rescues/_trace.html.erb (2.6ms)
  Rendered /Users/o/.rvm/gems/ruby-2.2.3/gems/actionpack-4.2.4/lib/action_dispatch/middleware/templates/rescues/_request_and_response.html.erb (0.9ms)
  Rendered /Users/o/.rvm/gems/ruby-2.2.3/gems/actionpack-4.2.4/lib/action_dispatch/middleware/templates/rescues/diagnostics.html.erb within rescues/layout (57.7ms)


Started GET "/projects" for 127.0.0.1 at 2016-04-03 21:16:56 -0600
Processing by ProjectsController#index as HTML
  Rendered projects/index.html.haml within layouts/application (5.0ms)
Completed 200 OK in 1065ms (Views: 1065.0ms | ActiveRecord: 0.0ms)


Started GET "/assets/application.self-01f87ea18e85d99216d1ae6137abd6c9da6a0b988958361a100c175a668498cb.css?body=1" for 127.0.0.1 at 2016-04-03 21:16:57 -0600


Started GET "/assets/jquery-ui.min.self-0538371995db61cb587c92e27569fd8f0626152729bbe3141e6d31ccf6c42a74.css?body=1" for 127.0.0.1 at 2016-04-03 21:16:57 -0600


Started GET "/assets/jquery-ui.structure.min.self-8dee2db4f2ec0cdfd627412c741f783d359e6bbba49fa4410d135eaf80e83eec.css?body=1" for 127.0.0.1 at 2016-04-03 21:16:57 -0600


Started GET "/assets/jquery-ui.theme.min.self-6d3de8a3dd48007241dd961c78f64dbf3bb5bffba69d99ce1c2cfe53728d0400.css?body=1" for 127.0.0.1 at 2016-04-03 21:16:57 -0600


Started GET "/assets/jquery.self-c64a74367bda6ef8b860f19e74df08927ca99d2be2ac934e9e92d5fd361e0da4.js?body=1" for 127.0.0.1 at 2016-04-03 21:16:57 -0600


Started GET "/assets/jquery_ujs.self-d602bdfe68ffc63b9f9cc512872aa3cfff046228a0a36e90dd476e8ef54c1b09.js?body=1" for 127.0.0.1 at 2016-04-03 21:16:57 -0600


Started GET "/assets/curator.self-55d2ea7daa724ab01fa79dcc062cf1d1f0d2f97e7148dce4d6206d6fa4963816.js?body=1" for 127.0.0.1 at 2016-04-03 21:16:57 -0600


Started GET "/assets/jquery-2.2.1.min.self-86a30c5a03266af7835c50bba8ce72f4d1023e42f51cd4e71c1f0ce6341b6cab.js?body=1" for 127.0.0.1 at 2016-04-03 21:16:57 -0600


Started GET "/assets/jquery-ui.min.self-c18224f298f54aee71057b801067e38cff8b092d335b0d0153a1d29563edf35c.js?body=1" for 127.0.0.1 at 2016-04-03 21:16:57 -0600


Started GET "/assets/application.self-ac4347b135ab8935f2dd20089f2acc8bec1d6b2ad528a80fcb03cd445dbd4d27.js?body=1" for 127.0.0.1 at 2016-04-03 21:16:57 -0600


Started GET "/assets/color.jpg" for 127.0.0.1 at 2016-04-03 21:16:58 -0600


Started GET "/assets/images/ui-icons_444444_256x240.png" for 127.0.0.1 at 2016-04-03 21:16:58 -0600

ActionController::RoutingError (No route matches [GET] "/assets/images/ui-icons_444444_256x240.png"):
  actionpack (4.2.4) lib/action_dispatch/middleware/debug_exceptions.rb:21:in `call'
  actionpack (4.2.4) lib/action_dispatch/middleware/show_exceptions.rb:30:in `call'
  railties (4.2.4) lib/rails/rack/logger.rb:38:in `call_app'
  railties (4.2.4) lib/rails/rack/logger.rb:20:in `block in call'
  activesupport (4.2.4) lib/active_support/tagged_logging.rb:68:in `block in tagged'
  activesupport (4.2.4) lib/active_support/tagged_logging.rb:26:in `tagged'
  activesupport (4.2.4) lib/active_support/tagged_logging.rb:68:in `tagged'
  railties (4.2.4) lib/rails/rack/logger.rb:20:in `call'
  actionpack (4.2.4) lib/action_dispatch/middleware/request_id.rb:21:in `call'
  rack (1.6.4) lib/rack/methodoverride.rb:22:in `call'
  rack (1.6.4) lib/rack/runtime.rb:18:in `call'
  activesupport (4.2.4) lib/active_support/cache/strategy/local_cache_middleware.rb:28:in `call'
  rack (1.6.4) lib/rack/lock.rb:17:in `call'
  actionpack (4.2.4) lib/action_dispatch/middleware/static.rb:116:in `call'
  rack (1.6.4) lib/rack/sendfile.rb:113:in `call'
  railties (4.2.4) lib/rails/engine.rb:518:in `call'
  railties (4.2.4) lib/rails/application.rb:165:in `call'
  rack (1.6.4) lib/rack/content_length.rb:15:in `call'
  thin (1.6.4) lib/thin/connection.rb:86:in `block in pre_process'
  thin (1.6.4) lib/thin/connection.rb:84:in `catch'
  thin (1.6.4) lib/thin/connection.rb:84:in `pre_process'
  thin (1.6.4) lib/thin/connection.rb:53:in `process'
  thin (1.6.4) lib/thin/connection.rb:39:in `receive_data'
  eventmachine (1.0.9.1) lib/eventmachine.rb:193:in `run_machine'
  eventmachine (1.0.9.1) lib/eventmachine.rb:193:in `run'
  thin (1.6.4) lib/thin/backends/base.rb:73:in `start'
  thin (1.6.4) lib/thin/server.rb:162:in `start'
  rack (1.6.4) lib/rack/handler/thin.rb:19:in `run'
  rack (1.6.4) lib/rack/server.rb:286:in `start'
  railties (4.2.4) lib/rails/commands/server.rb:80:in `start'
  railties (4.2.4) lib/rails/commands/commands_tasks.rb:80:in `block in server'
  railties (4.2.4) lib/rails/commands/commands_tasks.rb:75:in `tap'
  railties (4.2.4) lib/rails/commands/commands_tasks.rb:75:in `server'
  railties (4.2.4) lib/rails/commands/commands_tasks.rb:39:in `run_command!'
  railties (4.2.4) lib/rails/commands.rb:17:in `<top (required)>'
  railties (4.2.4) lib/rails/app_rails_loader.rb:45:in `require'
  railties (4.2.4) lib/rails/app_rails_loader.rb:45:in `block in exec_app_rails'
  railties (4.2.4) lib/rails/app_rails_loader.rb:34:in `loop'
  railties (4.2.4) lib/rails/app_rails_loader.rb:34:in `exec_app_rails'
  railties (4.2.4) lib/rails/cli.rb:5:in `<top (required)>'
  railties (4.2.4) bin/rails:9:in `require'
  railties (4.2.4) bin/rails:9:in `<top (required)>'
  /Users/o/.rvm/gems/ruby-2.2.3/bin/rails:23:in `load'
  /Users/o/.rvm/gems/ruby-2.2.3/bin/rails:23:in `<main>'
  /Users/o/.rvm/gems/ruby-2.2.3/bin/ruby_executable_hooks:15:in `eval'
  /Users/o/.rvm/gems/ruby-2.2.3/bin/ruby_executable_hooks:15:in `<main>'


  Rendered /Users/o/.rvm/gems/ruby-2.2.3/gems/actionpack-4.2.4/lib/action_dispatch/middleware/templates/rescues/_trace.html.erb (3.1ms)
  Rendered /Users/o/.rvm/gems/ruby-2.2.3/gems/actionpack-4.2.4/lib/action_dispatch/middleware/templates/routes/_route.html.erb (2.0ms)
  Rendered /Users/o/.rvm/gems/ruby-2.2.3/gems/actionpack-4.2.4/lib/action_dispatch/middleware/templates/routes/_table.html.erb (7.4ms)
  Rendered /Users/o/.rvm/gems/ruby-2.2.3/gems/actionpack-4.2.4/lib/action_dispatch/middleware/templates/rescues/_request_and_response.html.erb (1.8ms)
  Rendered /Users/o/.rvm/gems/ruby-2.2.3/gems/actionpack-4.2.4/lib/action_dispatch/middleware/templates/rescues/routing_error.html.erb within rescues/layout (120.4ms)


Started GET "/projects/playlist/Cold%20Play" for 127.0.0.1 at 2016-04-03 21:17:06 -0600
Processing by ProjectsController#playlist as HTML
  Parameters: {"id"=>"Cold Play"}
Completed 500 Internal Server Error in 1465ms (ActiveRecord: 0.0ms)

RestClient::ResourceNotFound (404 Resource Not Found):
  app/controllers/projects_controller.rb:52:in `playlist'


  Rendered /Users/o/.rvm/gems/ruby-2.2.3/gems/actionpack-4.2.4/lib/action_dispatch/middleware/templates/rescues/_source.erb (8.6ms)
  Rendered /Users/o/.rvm/gems/ruby-2.2.3/gems/actionpack-4.2.4/lib/action_dispatch/middleware/templates/rescues/_trace.html.erb (3.9ms)
  Rendered /Users/o/.rvm/gems/ruby-2.2.3/gems/actionpack-4.2.4/lib/action_dispatch/middleware/templates/rescues/_request_and_response.html.erb (1.0ms)
  Rendered /Users/o/.rvm/gems/ruby-2.2.3/gems/actionpack-4.2.4/lib/action_dispatch/middleware/templates/rescues/diagnostics.html.erb within rescues/layout (76.2ms)


Started GET "/projects/playlist/chill" for 127.0.0.1 at 2016-04-03 21:42:12 -0600
Processing by ProjectsController#playlist as HTML
  Parameters: {"id"=>"chill"}
  Rendered projects/playlist.html.haml within layouts/application (6.1ms)
Completed 200 OK in 3203ms (Views: 40.0ms | ActiveRecord: 0.0ms)


Started GET "/projects" for 127.0.0.1 at 2016-04-03 21:58:46 -0600
Processing by ProjectsController#index as HTML
  Rendered projects/index.html.haml within layouts/application (0.3ms)
Completed 200 OK in 32ms (Views: 31.5ms | ActiveRecord: 0.0ms)


Started GET "/assets/application.self-01f87ea18e85d99216d1ae6137abd6c9da6a0b988958361a100c175a668498cb.css?body=1" for 127.0.0.1 at 2016-04-03 21:58:46 -0600


Started GET "/assets/jquery-ui.min.self-0538371995db61cb587c92e27569fd8f0626152729bbe3141e6d31ccf6c42a74.css?body=1" for 127.0.0.1 at 2016-04-03 21:58:46 -0600


Started GET "/assets/jquery-ui.structure.min.self-8dee2db4f2ec0cdfd627412c741f783d359e6bbba49fa4410d135eaf80e83eec.css?body=1" for 127.0.0.1 at 2016-04-03 21:58:46 -0600


Started GET "/assets/jquery-ui.theme.min.self-6d3de8a3dd48007241dd961c78f64dbf3bb5bffba69d99ce1c2cfe53728d0400.css?body=1" for 127.0.0.1 at 2016-04-03 21:58:46 -0600


Started GET "/assets/jquery.self-c64a74367bda6ef8b860f19e74df08927ca99d2be2ac934e9e92d5fd361e0da4.js?body=1" for 127.0.0.1 at 2016-04-03 21:58:46 -0600


Started GET "/assets/jquery_ujs.self-d602bdfe68ffc63b9f9cc512872aa3cfff046228a0a36e90dd476e8ef54c1b09.js?body=1" for 127.0.0.1 at 2016-04-03 21:58:46 -0600


Started GET "/assets/curator.self-55d2ea7daa724ab01fa79dcc062cf1d1f0d2f97e7148dce4d6206d6fa4963816.js?body=1" for 127.0.0.1 at 2016-04-03 21:58:46 -0600


Started GET "/assets/jquery-2.2.1.min.self-86a30c5a03266af7835c50bba8ce72f4d1023e42f51cd4e71c1f0ce6341b6cab.js?body=1" for 127.0.0.1 at 2016-04-03 21:58:46 -0600


Started GET "/assets/jquery-ui.min.self-c18224f298f54aee71057b801067e38cff8b092d335b0d0153a1d29563edf35c.js?body=1" for 127.0.0.1 at 2016-04-03 21:58:46 -0600


Started GET "/assets/application.self-ac4347b135ab8935f2dd20089f2acc8bec1d6b2ad528a80fcb03cd445dbd4d27.js?body=1" for 127.0.0.1 at 2016-04-03 21:58:46 -0600


Started GET "/projects/playlist/Cold%20Play" for 127.0.0.1 at 2016-04-03 21:58:54 -0600
Processing by ProjectsController#playlist as HTML
  Parameters: {"id"=>"Cold Play"}
Completed 500 Internal Server Error in 1257ms (ActiveRecord: 0.0ms)

RestClient::ResourceNotFound (404 Resource Not Found):
  app/controllers/projects_controller.rb:52:in `playlist'


  Rendered /Users/o/.rvm/gems/ruby-2.2.3/gems/actionpack-4.2.4/lib/action_dispatch/middleware/templates/rescues/_source.erb (6.0ms)
  Rendered /Users/o/.rvm/gems/ruby-2.2.3/gems/actionpack-4.2.4/lib/action_dispatch/middleware/templates/rescues/_trace.html.erb (2.8ms)
  Rendered /Users/o/.rvm/gems/ruby-2.2.3/gems/actionpack-4.2.4/lib/action_dispatch/middleware/templates/rescues/_request_and_response.html.erb (1.2ms)
  Rendered /Users/o/.rvm/gems/ruby-2.2.3/gems/actionpack-4.2.4/lib/action_dispatch/middleware/templates/rescues/diagnostics.html.erb within rescues/layout (63.8ms)


Started GET "/" for 127.0.0.1 at 2016-04-03 22:00:54 -0600


Started GET "/projects" for 127.0.0.1 at 2016-04-03 22:00:54 -0600
Processing by ProjectsController#index as HTML
  Rendered projects/index.html.haml within layouts/application (0.1ms)
Completed 200 OK in 29ms (Views: 28.5ms | ActiveRecord: 0.0ms)


Started GET "/assets/color.jpg" for 127.0.0.1 at 2016-04-03 22:00:55 -0600


Started GET "/assets/images/ui-icons_444444_256x240.png" for 127.0.0.1 at 2016-04-03 22:00:55 -0600

ActionController::RoutingError (No route matches [GET] "/assets/images/ui-icons_444444_256x240.png"):
  actionpack (4.2.4) lib/action_dispatch/middleware/debug_exceptions.rb:21:in `call'
  actionpack (4.2.4) lib/action_dispatch/middleware/show_exceptions.rb:30:in `call'
  railties (4.2.4) lib/rails/rack/logger.rb:38:in `call_app'
  railties (4.2.4) lib/rails/rack/logger.rb:20:in `block in call'
  activesupport (4.2.4) lib/active_support/tagged_logging.rb:68:in `block in tagged'
  activesupport (4.2.4) lib/active_support/tagged_logging.rb:26:in `tagged'
  activesupport (4.2.4) lib/active_support/tagged_logging.rb:68:in `tagged'
  railties (4.2.4) lib/rails/rack/logger.rb:20:in `call'
  actionpack (4.2.4) lib/action_dispatch/middleware/request_id.rb:21:in `call'
  rack (1.6.4) lib/rack/methodoverride.rb:22:in `call'
  rack (1.6.4) lib/rack/runtime.rb:18:in `call'
  activesupport (4.2.4) lib/active_support/cache/strategy/local_cache_middleware.rb:28:in `call'
  rack (1.6.4) lib/rack/lock.rb:17:in `call'
  actionpack (4.2.4) lib/action_dispatch/middleware/static.rb:116:in `call'
  rack (1.6.4) lib/rack/sendfile.rb:113:in `call'
  railties (4.2.4) lib/rails/engine.rb:518:in `call'
  railties (4.2.4) lib/rails/application.rb:165:in `call'
  rack (1.6.4) lib/rack/content_length.rb:15:in `call'
  thin (1.6.4) lib/thin/connection.rb:86:in `block in pre_process'
  thin (1.6.4) lib/thin/connection.rb:84:in `catch'
  thin (1.6.4) lib/thin/connection.rb:84:in `pre_process'
  thin (1.6.4) lib/thin/connection.rb:53:in `process'
  thin (1.6.4) lib/thin/connection.rb:39:in `receive_data'
  eventmachine (1.0.9.1) lib/eventmachine.rb:193:in `run_machine'
  eventmachine (1.0.9.1) lib/eventmachine.rb:193:in `run'
  thin (1.6.4) lib/thin/backends/base.rb:73:in `start'
  thin (1.6.4) lib/thin/server.rb:162:in `start'
  rack (1.6.4) lib/rack/handler/thin.rb:19:in `run'
  rack (1.6.4) lib/rack/server.rb:286:in `start'
  railties (4.2.4) lib/rails/commands/server.rb:80:in `start'
  railties (4.2.4) lib/rails/commands/commands_tasks.rb:80:in `block in server'
  railties (4.2.4) lib/rails/commands/commands_tasks.rb:75:in `tap'
  railties (4.2.4) lib/rails/commands/commands_tasks.rb:75:in `server'
  railties (4.2.4) lib/rails/commands/commands_tasks.rb:39:in `run_command!'
  railties (4.2.4) lib/rails/commands.rb:17:in `<top (required)>'
  railties (4.2.4) lib/rails/app_rails_loader.rb:45:in `require'
  railties (4.2.4) lib/rails/app_rails_loader.rb:45:in `block in exec_app_rails'
  railties (4.2.4) lib/rails/app_rails_loader.rb:34:in `loop'
  railties (4.2.4) lib/rails/app_rails_loader.rb:34:in `exec_app_rails'
  railties (4.2.4) lib/rails/cli.rb:5:in `<top (required)>'
  railties (4.2.4) bin/rails:9:in `require'
  railties (4.2.4) bin/rails:9:in `<top (required)>'
  /Users/o/.rvm/gems/ruby-2.2.3/bin/rails:23:in `load'
  /Users/o/.rvm/gems/ruby-2.2.3/bin/rails:23:in `<main>'
  /Users/o/.rvm/gems/ruby-2.2.3/bin/ruby_executable_hooks:15:in `eval'
  /Users/o/.rvm/gems/ruby-2.2.3/bin/ruby_executable_hooks:15:in `<main>'


  Rendered /Users/o/.rvm/gems/ruby-2.2.3/gems/actionpack-4.2.4/lib/action_dispatch/middleware/templates/rescues/_trace.html.erb (1.5ms)
  Rendered /Users/o/.rvm/gems/ruby-2.2.3/gems/actionpack-4.2.4/lib/action_dispatch/middleware/templates/routes/_route.html.erb (1.1ms)
  Rendered /Users/o/.rvm/gems/ruby-2.2.3/gems/actionpack-4.2.4/lib/action_dispatch/middleware/templates/routes/_table.html.erb (1.2ms)
  Rendered /Users/o/.rvm/gems/ruby-2.2.3/gems/actionpack-4.2.4/lib/action_dispatch/middleware/templates/rescues/_request_and_response.html.erb (2.0ms)
  Rendered /Users/o/.rvm/gems/ruby-2.2.3/gems/actionpack-4.2.4/lib/action_dispatch/middleware/templates/rescues/routing_error.html.erb within rescues/layout (90.2ms)


Started GET "/projects/playlist/Blink%20182" for 127.0.0.1 at 2016-04-03 22:01:03 -0600
Processing by ProjectsController#playlist as HTML
  Parameters: {"id"=>"Blink 182"}
Completed 500 Internal Server Error in 1335ms (ActiveRecord: 0.0ms)

RestClient::ResourceNotFound (404 Resource Not Found):
  app/controllers/projects_controller.rb:52:in `playlist'


  Rendered /Users/o/.rvm/gems/ruby-2.2.3/gems/actionpack-4.2.4/lib/action_dispatch/middleware/templates/rescues/_source.erb (7.2ms)
  Rendered /Users/o/.rvm/gems/ruby-2.2.3/gems/actionpack-4.2.4/lib/action_dispatch/middleware/templates/rescues/_trace.html.erb (2.4ms)
  Rendered /Users/o/.rvm/gems/ruby-2.2.3/gems/actionpack-4.2.4/lib/action_dispatch/middleware/templates/rescues/_request_and_response.html.erb (1.2ms)
  Rendered /Users/o/.rvm/gems/ruby-2.2.3/gems/actionpack-4.2.4/lib/action_dispatch/middleware/templates/rescues/diagnostics.html.erb within rescues/layout (59.9ms)
