

Started GET "/" for ::1 at 2016-02-18 14:16:29 -0700

ActiveRecord::PendingMigrationError (

Migrations are pending. To resolve this issue, run:

	bin/rake db:migrate RAILS_ENV=development

):
  activerecord (4.2.4) lib/active_record/migration.rb:392:in `check_pending!'
  activerecord (4.2.4) lib/active_record/migration.rb:373:in `call'
  actionpack (4.2.4) lib/action_dispatch/middleware/callbacks.rb:29:in `block in call'
  activesupport (4.2.4) lib/active_support/callbacks.rb:88:in `__run_callbacks__'
  activesupport (4.2.4) lib/active_support/callbacks.rb:778:in `_run_call_callbacks'
  activesupport (4.2.4) lib/active_support/callbacks.rb:81:in `run_callbacks'
  actionpack (4.2.4) lib/action_dispatch/middleware/callbacks.rb:27:in `call'
  actionpack (4.2.4) lib/action_dispatch/middleware/reloader.rb:73:in `call'
  actionpack (4.2.4) lib/action_dispatch/middleware/remote_ip.rb:78:in `call'
  actionpack (4.2.4) lib/action_dispatch/middleware/debug_exceptions.rb:17:in `call'
  web-console (2.2.1) lib/web_console/middleware.rb:39:in `call'
  actionpack (4.2.4) lib/action_dispatch/middleware/show_exceptions.rb:30:in `call'
  railties (4.2.4) lib/rails/rack/logger.rb:38:in `call_app'
  railties (4.2.4) lib/rails/rack/logger.rb:20:in `block in call'
  activesupport (4.2.4) lib/active_support/tagged_logging.rb:68:in `block in tagged'
  activesupport (4.2.4) lib/active_support/tagged_logging.rb:26:in `tagged'
  activesupport (4.2.4) lib/active_support/tagged_logging.rb:68:in `tagged'
  railties (4.2.4) lib/rails/rack/logger.rb:20:in `call'
  actionpack (4.2.4) lib/action_dispatch/middleware/request_id.rb:21:in `call'
  rack (1.6.4) lib/rack/methodoverride.rb:22:in `call'
  rack (1.6.4) lib/rack/runtime.rb:18:in `call'
  activesupport (4.2.4) lib/active_support/cache/strategy/local_cache_middleware.rb:28:in `call'
  rack (1.6.4) lib/rack/lock.rb:17:in `call'
  actionpack (4.2.4) lib/action_dispatch/middleware/static.rb:116:in `call'
  rack (1.6.4) lib/rack/sendfile.rb:113:in `call'
  railties (4.2.4) lib/rails/engine.rb:518:in `call'
  railties (4.2.4) lib/rails/application.rb:165:in `call'
  rack (1.6.4) lib/rack/lock.rb:17:in `call'
  rack (1.6.4) lib/rack/content_length.rb:15:in `call'
  rack (1.6.4) lib/rack/handler/webrick.rb:88:in `service'
  /home/ensign/.rvm/rubies/ruby-2.2.3/lib/ruby/2.2.0/webrick/httpserver.rb:138:in `service'
  /home/ensign/.rvm/rubies/ruby-2.2.3/lib/ruby/2.2.0/webrick/httpserver.rb:94:in `run'
  /home/ensign/.rvm/rubies/ruby-2.2.3/lib/ruby/2.2.0/webrick/server.rb:294:in `block in start_thread'


  Rendered /home/ensign/.rvm/gems/ruby-2.2.3/gems/actionpack-4.2.4/lib/action_dispatch/middleware/templates/rescues/_source.erb (2.1ms)
  Rendered /home/ensign/.rvm/gems/ruby-2.2.3/gems/actionpack-4.2.4/lib/action_dispatch/middleware/templates/rescues/_trace.html.erb (1.3ms)
  Rendered /home/ensign/.rvm/gems/ruby-2.2.3/gems/actionpack-4.2.4/lib/action_dispatch/middleware/templates/rescues/_request_and_response.html.erb (0.9ms)
  Rendered /home/ensign/.rvm/gems/ruby-2.2.3/gems/actionpack-4.2.4/lib/action_dispatch/middleware/templates/rescues/diagnostics.html.erb within rescues/layout (65.5ms)
  Rendered /home/ensign/.rvm/gems/ruby-2.2.3/gems/web-console-2.2.1/lib/web_console/templates/_markup.html.erb (0.3ms)
  Rendered /home/ensign/.rvm/gems/ruby-2.2.3/gems/web-console-2.2.1/lib/web_console/templates/_inner_console_markup.html.erb within layouts/inlined_string (0.2ms)
  Rendered /home/ensign/.rvm/gems/ruby-2.2.3/gems/web-console-2.2.1/lib/web_console/templates/_prompt_box_markup.html.erb within layouts/inlined_string (0.4ms)
  Rendered /home/ensign/.rvm/gems/ruby-2.2.3/gems/web-console-2.2.1/lib/web_console/templates/style.css.erb within layouts/inlined_string (0.3ms)
  Rendered /home/ensign/.rvm/gems/ruby-2.2.3/gems/web-console-2.2.1/lib/web_console/templates/console.js.erb within layouts/javascript (25.6ms)
  Rendered /home/ensign/.rvm/gems/ruby-2.2.3/gems/web-console-2.2.1/lib/web_console/templates/main.js.erb within layouts/javascript (0.3ms)
  Rendered /home/ensign/.rvm/gems/ruby-2.2.3/gems/web-console-2.2.1/lib/web_console/templates/error_page.js.erb within layouts/javascript (0.3ms)
  Rendered /home/ensign/.rvm/gems/ruby-2.2.3/gems/web-console-2.2.1/lib/web_console/templates/index.html.erb (51.3ms)
  [1m[36m (18.1ms)[0m  [1mCREATE TABLE "schema_migrations" ("version" varchar NOT NULL) [0m
  [1m[35m (0.1ms)[0m  select sqlite_version(*)
  [1m[36m (4.6ms)[0m  [1mCREATE UNIQUE INDEX "unique_schema_migrations" ON "schema_migrations" ("version")[0m
  [1m[35mActiveRecord::SchemaMigration Load (0.1ms)[0m  SELECT "schema_migrations".* FROM "schema_migrations"
  [1m[36mActiveRecord::SchemaMigration Load (0.1ms)[0m  [1mSELECT "schema_migrations".* FROM "schema_migrations"[0m
Migrating to CreateProjects (20150928231900)
  [1m[35m (0.0ms)[0m  begin transaction
DEPRECATION WARNING: `#timestamps` was called without specifying an option for `null`. In Rails 5, this behavior will change to `null: false`. You should manually specify `null: true` to prevent the behavior of your existing migrations from changing. (called from block in up at /home/ensign/assignments/hw2/db/migrate/20150928231900_create_projects.rb:11)
  [1m[36m (0.3ms)[0m  [1mCREATE TABLE "projects" ("id" INTEGER PRIMARY KEY AUTOINCREMENT NOT NULL, "title" varchar, "user" varchar, "description" text, "due_date" datetime, "extended_description" text, "created_at" datetime, "updated_at" datetime) [0m
  [1m[35mSQL (0.2ms)[0m  INSERT INTO "schema_migrations" ("version") VALUES (?)  [["version", "20150928231900"]]
  [1m[36m (35.8ms)[0m  [1mcommit transaction[0m
  [1m[35mActiveRecord::SchemaMigration Load (0.1ms)[0m  SELECT "schema_migrations".* FROM "schema_migrations"
  [1m[36mActiveRecord::SchemaMigration Load (0.1ms)[0m  [1mSELECT "schema_migrations".* FROM "schema_migrations"[0m
  [1m[35m (0.0ms)[0m  begin transaction
  [1m[36mSQL (0.3ms)[0m  [1mINSERT INTO "projects" ("title", "user", "due_date", "description", "extended_description", "created_at", "updated_at") VALUES (?, ?, ?, ?, ?, ?, ?)[0m  [["title", "Create new user story"], ["user", "Coulson"], ["due_date", "2014-10-08 00:00:00.000000"], ["description", "As a user, I want to be able to create a new user story, so that I can later assign individual features (contained within the user story) to teammates"], ["extended_description", "Note that a user story may include multiple features, where each feature contains  one or more scenarios. A scenario contains a 3-8 steps."], ["created_at", "2016-02-18 21:19:59.884208"], ["updated_at", "2016-02-18 21:19:59.884208"]]
  [1m[35m (8.7ms)[0m  commit transaction
  [1m[36m (0.0ms)[0m  [1mbegin transaction[0m
  [1m[35mSQL (0.1ms)[0m  INSERT INTO "projects" ("title", "user", "due_date", "description", "extended_description", "created_at", "updated_at") VALUES (?, ?, ?, ?, ?, ?, ?)  [["title", "Create new feature"], ["user", "Fitz"], ["due_date", "2014-10-09 00:00:00.000000"], ["description", "As a project manager, I want to create features, so that I can assign individual features to my project team"], ["extended_description", "A feature is one element of a user story.  It is made up of multiple scenarios, each of which contains 3-8 steps."], ["created_at", "2016-02-18 21:19:59.895998"], ["updated_at", "2016-02-18 21:19:59.895998"]]
  [1m[36m (13.2ms)[0m  [1mcommit transaction[0m
  [1m[35m (0.1ms)[0m  begin transaction
  [1m[36mSQL (0.1ms)[0m  [1mINSERT INTO "projects" ("title", "user", "due_date", "description", "extended_description", "created_at", "updated_at") VALUES (?, ?, ?, ?, ?, ?, ?)[0m  [["title", "Create a new scenario"], ["user", "Simmons"], ["due_date", "2014-10-09 00:00:00.000000"], ["description", "As a project manager, I want to create a scenario, so that I can assign individual scenarios for my project team to implement"], ["extended_description", "A scenario is one aspect of a feature. It should be able to be completed in 3-8 steps."], ["created_at", "2016-02-18 21:19:59.910603"], ["updated_at", "2016-02-18 21:19:59.910603"]]
  [1m[35m (4.5ms)[0m  commit transaction
  [1m[36m (0.0ms)[0m  [1mbegin transaction[0m
  [1m[35mSQL (0.1ms)[0m  INSERT INTO "projects" ("title", "user", "due_date", "description", "extended_description", "created_at", "updated_at") VALUES (?, ?, ?, ?, ?, ?, ?)  [["title", "View all scenarios, features, and user stories"], ["user", "Simmons"], ["due_date", "2014-10-09 00:00:00.000000"], ["description", "As a team member, I want to be able to see existing scenarios, features, and user stories, so that I can accept scenarios or groups of scenarios (perhaps full features)"], ["extended_description", "No extra data"], ["created_at", "2016-02-18 21:19:59.916168"], ["updated_at", "2016-02-18 21:19:59.916168"]]
  [1m[36m (3.8ms)[0m  [1mcommit transaction[0m
  [1m[35m (0.0ms)[0m  begin transaction
  [1m[36mSQL (0.1ms)[0m  [1mINSERT INTO "projects" ("title", "user", "due_date", "description", "extended_description", "created_at", "updated_at") VALUES (?, ?, ?, ?, ?, ?, ?)[0m  [["title", "Edit scenarios, features, and user stories"], ["user", "May"], ["due_date", "2014-10-10 00:00:00.000000"], ["description", "As a project manager, I want to edit existing scenarios, features, and user stories, so that I can update all tasks based on new customer feedback, modify due dates, and reassign ownership"], ["extended_description", "No extra data at this time"], ["created_at", "2016-02-18 21:19:59.921224"], ["updated_at", "2016-02-18 21:19:59.921224"]]
  [1m[35m (4.6ms)[0m  commit transaction
  [1m[36m (0.0ms)[0m  [1mbegin transaction[0m
  [1m[35mSQL (0.1ms)[0m  INSERT INTO "projects" ("title", "user", "due_date", "description", "extended_description", "created_at", "updated_at") VALUES (?, ?, ?, ?, ?, ?, ?)  [["title", "Edit scenarios, features, and user stories"], ["user", "May"], ["due_date", "2014-10-10 00:00:00.000000"], ["description", "As a team member, I want to edit existing scenarios, features, and user stories, so that I can update all tasks based on new customer feedback, modify due dates, and relinquish ownership of tasks"], ["extended_description", "If the project member realizes that they cannot complete a task, they should be able to release the task. Notifications and notes should be sent to the team to let them know there is an issue"], ["created_at", "2016-02-18 21:19:59.927187"], ["updated_at", "2016-02-18 21:19:59.927187"]]
  [1m[36m (3.8ms)[0m  [1mcommit transaction[0m
  [1m[35m (0.0ms)[0m  begin transaction
  [1m[36mSQL (0.1ms)[0m  [1mINSERT INTO "projects" ("title", "user", "due_date", "description", "extended_description", "created_at", "updated_at") VALUES (?, ?, ?, ?, ?, ?, ?)[0m  [["title", "Send notifications to the team"], ["user", "Fitz"], ["due_date", "2014-10-11 00:00:00.000000"], ["description", "As a team member, I want to send an announcement to the team about task completion, task hold-ups, and information that is needed, so that I can let my team members know status updates and let them know when issues arise that may jeoporadize the task."], ["extended_description", "Notifications should be sent via email to team members. All notifications will be sent to all team members."], ["created_at", "2016-02-18 21:19:59.932397"], ["updated_at", "2016-02-18 21:19:59.932397"]]
  [1m[35m (4.3ms)[0m  commit transaction
  [1m[36m (0.0ms)[0m  [1mbegin transaction[0m
  [1m[35mSQL (0.2ms)[0m  INSERT INTO "projects" ("title", "user", "due_date", "description", "extended_description", "created_at", "updated_at") VALUES (?, ?, ?, ?, ?, ?, ?)  [["title", "Send notes/updates to the team"], ["user", "Fitz"], ["due_date", "2014-10-08 00:00:00.000000"], ["description", "As a team member, I want to be able to write notes about each task while I am completing it, so that I can let my team members know, so that my team members know that I am making progress and what decisions and issues I have run into along the way"], ["extended_description", "Notes will be displayed on screen only.  All team members can see all notes upon logging into the system."], ["created_at", "2016-02-18 21:19:59.938193"], ["updated_at", "2016-02-18 21:19:59.938193"]]
  [1m[36m (12.8ms)[0m  [1mcommit transaction[0m


Started GET "/" for ::1 at 2016-02-18 14:20:12 -0700
  [1m[36mActiveRecord::SchemaMigration Load (0.1ms)[0m  [1mSELECT "schema_migrations".* FROM "schema_migrations"[0m


Started GET "/projects" for ::1 at 2016-02-18 14:20:13 -0700
Processing by ProjectsController#index as HTML
  [1m[35mProject Load (0.7ms)[0m  SELECT "projects".* FROM "projects"
  Rendered projects/index.html.haml within layouts/application (36.8ms)
Completed 200 OK in 1156ms (Views: 1095.3ms | ActiveRecord: 1.6ms)


Started GET "/assets/application.self-2c27915bb680321010fb0c1e67a060df8bc8e58dcee50f88538b5b27b16dccd6.css?body=1" for ::1 at 2016-02-18 14:20:14 -0700


Started GET "/assets/application.self-3b8dabdc891efe46b9a144b400ad69e37d7e5876bdc39dee783419a69d7ca819.js?body=1" for ::1 at 2016-02-18 14:20:14 -0700


Started GET "/assets/jquery.self-a714331225dda820228db323939889f149aec0127aeb06255646b616ba1ca419.js?body=1" for ::1 at 2016-02-18 14:20:14 -0700


Started GET "/assets/jquery_ujs.self-d456baa54c1fa6be2ec3711f0a72ddf7a5b2f34a6b4f515f33767d6207b7d4b3.js?body=1" for ::1 at 2016-02-18 14:20:14 -0700


Started GET "/assets/turbolinks.self-c37727e9bd6b2735da5c311aa83fead54ed0be6cc8bd9a65309e9c5abe2cbfff.js?body=1" for ::1 at 2016-02-18 14:20:14 -0700


Started GET "/projects" for ::1 at 2016-02-18 14:48:43 -0700
Processing by ProjectsController#index as HTML
  Rendered projects/index.html.haml within layouts/application (40.4ms)
Completed 500 Internal Server Error in 44ms (ActiveRecord: 0.0ms)

SyntaxError (/home/ensign/assignments/hw2/app/views/projects/index.html.haml:7: syntax error, unexpected ':', expecting ')'
...nil, :class => @title_header, : id => 'title_header')}>#{_ha...
...                               ^
/home/ensign/assignments/hw2/app/views/projects/index.html.haml:7: syntax error, unexpected ')', expecting tSTRING_DEND
...header, : id => 'title_header')}>#{_hamlout.adjust_tabs(1); ...
...                               ^
/home/ensign/assignments/hw2/app/views/projects/index.html.haml:8: unknown regexp options - th
/home/ensign/assignments/hw2/app/views/projects/index.html.haml:8: syntax error, unexpected $undefined
...>\n      <th>Task Details</th>\n      <th>Assigned User</th>...
...                               ^
/home/ensign/assignments/hw2/app/views/projects/index.html.haml:8: syntax error, unexpected tCONSTANT, expecting keyword_do or '{' or '('
...s</th>\n      <th>Assigned User</th>\n      <th>Due Date</th...
...                               ^
/home/ensign/assignments/hw2/app/views/projects/index.html.haml:8: unknown regexp options - th
/home/ensign/assignments/hw2/app/views/projects/index.html.haml:8: syntax error, unexpected $undefined
...</th>\n      <th>Due Date</th>\n    </tr>\n  </thead>\n  <tb...
...                               ^
/home/ensign/assignments/hw2/app/views/projects/index.html.haml:8: unknown regexp options - thad
/home/ensign/assignments/hw2/app/views/projects/index.html.haml:8: syntax error, unexpected $undefined
...te</th>\n    </tr>\n  </thead>\n  <tbody>\n", -1, false);
...                               ^
/home/ensign/assignments/hw2/app/views/projects/index.html.haml:8: syntax error, unexpected $undefined
...  </tr>\n  </thead>\n  <tbody>\n", -1, false);
...                               ^
/home/ensign/assignments/hw2/app/views/projects/index.html.haml:14: syntax error, unexpected $undefined
_hamlout.push_text("    <tr>\n      <td>#{_hamlout.adjust_tabs(2); 
                             ^
/home/ensign/assignments/hw2/app/views/projects/index.html.haml:16: syntax error, unexpected '}', expecting tSTRING_DEND
));}</td>\n      <td>#{_hamlout.a...
    ^
/home/ensign/assignments/hw2/app/views/projects/index.html.haml:17: unknown regexp options - td
/home/ensign/assignments/hw2/app/views/projects/index.html.haml:17: syntax error, unexpected $undefined
));}</td>\n      <td>#{_hamlout.adjust_...
          ^
/home/ensign/assignments/hw2/app/views/projects/index.html.haml:18: syntax error, unexpected ')'
));}</td>\n      <td>#{_hamlou...
 ^
/home/ensign/assignments/hw2/app/views/projects/index.html.haml:19: unknown regexp options - td
/home/ensign/assignments/hw2/app/views/projects/index.html.haml:19: syntax error, unexpected $undefined
));}</td>\n    </tr>\n", -1, false);end...
          ^
/home/ensign/assignments/hw2/app/views/projects/index.html.haml:19: unknown regexp options - tbdy
unmatched close parenthesis: /tr>\n", -1, false);end;_hamlout.push_text("  </
/home/ensign/assignments/hw2/app/views/projects/index.html.haml:19: syntax error, unexpected $undefined
..._hamlout.push_text("  </tbody>\n</table>\n#{_hamlout.adjust_...
...                               ^
/home/ensign/assignments/hw2/app/views/projects/index.html.haml:19: unterminated regexp meets end of file
/home/ensign/assignments/hw2/app/views/projects/index.html.haml:19: syntax error, unexpected end-of-input, expecting tSTRING_DEND):
  app/views/projects/index.html.haml:7: syntax error, unexpected ':', expecting ')'
  app/views/projects/index.html.haml:7: syntax error, unexpected ')', expecting tSTRING_DEND
  app/views/projects/index.html.haml:8: unknown regexp options - th
  app/views/projects/index.html.haml:8: syntax error, unexpected $undefined
  app/views/projects/index.html.haml:8: syntax error, unexpected tCONSTANT, expecting keyword_do or '{' or '('
  app/views/projects/index.html.haml:8: unknown regexp options - th
  app/views/projects/index.html.haml:8: syntax error, unexpected $undefined
  app/views/projects/index.html.haml:8: unknown regexp options - thad
  app/views/projects/index.html.haml:8: syntax error, unexpected $undefined
  app/views/projects/index.html.haml:8: syntax error, unexpected $undefined
  app/views/projects/index.html.haml:14: syntax error, unexpected $undefined
  app/views/projects/index.html.haml:16: syntax error, unexpected '}', expecting tSTRING_DEND
  app/views/projects/index.html.haml:17: unknown regexp options - td
  app/views/projects/index.html.haml:17: syntax error, unexpected $undefined
  app/views/projects/index.html.haml:18: syntax error, unexpected ')'
  app/views/projects/index.html.haml:19: unknown regexp options - td
  app/views/projects/index.html.haml:19: syntax error, unexpected $undefined
  app/views/projects/index.html.haml:19: unknown regexp options - tbdy
  app/views/projects/index.html.haml:19: syntax error, unexpected $undefined
  app/views/projects/index.html.haml:19: unterminated regexp meets end of file
  app/views/projects/index.html.haml:19: syntax error, unexpected end-of-input, expecting tSTRING_DEND


  Rendered /home/ensign/.rvm/gems/ruby-2.2.3/gems/actionpack-4.2.4/lib/action_dispatch/middleware/templates/rescues/_source.erb (5.6ms)
  Rendered /home/ensign/.rvm/gems/ruby-2.2.3/gems/actionpack-4.2.4/lib/action_dispatch/middleware/templates/rescues/_trace.html.erb (2.8ms)
  Rendered /home/ensign/.rvm/gems/ruby-2.2.3/gems/actionpack-4.2.4/lib/action_dispatch/middleware/templates/rescues/_request_and_response.html.erb (0.7ms)
  Rendered /home/ensign/.rvm/gems/ruby-2.2.3/gems/actionpack-4.2.4/lib/action_dispatch/middleware/templates/rescues/diagnostics.html.erb within rescues/layout (19.4ms)
  Rendered /home/ensign/.rvm/gems/ruby-2.2.3/gems/web-console-2.2.1/lib/web_console/templates/_markup.html.erb (0.3ms)
  Rendered /home/ensign/.rvm/gems/ruby-2.2.3/gems/web-console-2.2.1/lib/web_console/templates/_inner_console_markup.html.erb within layouts/inlined_string (0.2ms)
  Rendered /home/ensign/.rvm/gems/ruby-2.2.3/gems/web-console-2.2.1/lib/web_console/templates/_prompt_box_markup.html.erb within layouts/inlined_string (0.2ms)
  Rendered /home/ensign/.rvm/gems/ruby-2.2.3/gems/web-console-2.2.1/lib/web_console/templates/style.css.erb within layouts/inlined_string (0.2ms)
  Rendered /home/ensign/.rvm/gems/ruby-2.2.3/gems/web-console-2.2.1/lib/web_console/templates/console.js.erb within layouts/javascript (13.9ms)
  Rendered /home/ensign/.rvm/gems/ruby-2.2.3/gems/web-console-2.2.1/lib/web_console/templates/main.js.erb within layouts/javascript (0.2ms)
  Rendered /home/ensign/.rvm/gems/ruby-2.2.3/gems/web-console-2.2.1/lib/web_console/templates/error_page.js.erb within layouts/javascript (0.3ms)
  Rendered /home/ensign/.rvm/gems/ruby-2.2.3/gems/web-console-2.2.1/lib/web_console/templates/index.html.erb (27.6ms)


Started GET "/projects" for ::1 at 2016-02-18 14:48:43 -0700
Processing by ProjectsController#index as HTML
  Rendered projects/index.html.haml within layouts/application (2.3ms)
Completed 500 Internal Server Error in 4ms (ActiveRecord: 0.0ms)

SyntaxError (/home/ensign/assignments/hw2/app/views/projects/index.html.haml:7: syntax error, unexpected ':', expecting ')'
...nil, :class => @title_header, : id => 'title_header')}>#{_ha...
...                               ^
/home/ensign/assignments/hw2/app/views/projects/index.html.haml:7: syntax error, unexpected ')', expecting tSTRING_DEND
...header, : id => 'title_header')}>#{_hamlout.adjust_tabs(1); ...
...                               ^
/home/ensign/assignments/hw2/app/views/projects/index.html.haml:8: unknown regexp options - th
/home/ensign/assignments/hw2/app/views/projects/index.html.haml:8: syntax error, unexpected $undefined
...>\n      <th>Task Details</th>\n      <th>Assigned User</th>...
...                               ^
/home/ensign/assignments/hw2/app/views/projects/index.html.haml:8: syntax error, unexpected tCONSTANT, expecting keyword_do or '{' or '('
...s</th>\n      <th>Assigned User</th>\n      <th>Due Date</th...
...                               ^
/home/ensign/assignments/hw2/app/views/projects/index.html.haml:8: unknown regexp options - th
/home/ensign/assignments/hw2/app/views/projects/index.html.haml:8: syntax error, unexpected $undefined
...</th>\n      <th>Due Date</th>\n    </tr>\n  </thead>\n  <tb...
...                               ^
/home/ensign/assignments/hw2/app/views/projects/index.html.haml:8: unknown regexp options - thad
/home/ensign/assignments/hw2/app/views/projects/index.html.haml:8: syntax error, unexpected $undefined
...te</th>\n    </tr>\n  </thead>\n  <tbody>\n", -1, false);
...                               ^
/home/ensign/assignments/hw2/app/views/projects/index.html.haml:8: syntax error, unexpected $undefined
...  </tr>\n  </thead>\n  <tbody>\n", -1, false);
...                               ^
/home/ensign/assignments/hw2/app/views/projects/index.html.haml:14: syntax error, unexpected $undefined
_hamlout.push_text("    <tr>\n      <td>#{_hamlout.adjust_tabs(2); 
                             ^
/home/ensign/assignments/hw2/app/views/projects/index.html.haml:16: syntax error, unexpected '}', expecting tSTRING_DEND
));}</td>\n      <td>#{_hamlout.a...
    ^
/home/ensign/assignments/hw2/app/views/projects/index.html.haml:17: unknown regexp options - td
/home/ensign/assignments/hw2/app/views/projects/index.html.haml:17: syntax error, unexpected $undefined
));}</td>\n      <td>#{_hamlout.adjust_...
          ^
/home/ensign/assignments/hw2/app/views/projects/index.html.haml:18: syntax error, unexpected ')'
));}</td>\n      <td>#{_hamlou...
 ^
/home/ensign/assignments/hw2/app/views/projects/index.html.haml:19: unknown regexp options - td
/home/ensign/assignments/hw2/app/views/projects/index.html.haml:19: syntax error, unexpected $undefined
));}</td>\n    </tr>\n", -1, false);end...
          ^
/home/ensign/assignments/hw2/app/views/projects/index.html.haml:19: unknown regexp options - tbdy
unmatched close parenthesis: /tr>\n", -1, false);end;_hamlout.push_text("  </
/home/ensign/assignments/hw2/app/views/projects/index.html.haml:19: syntax error, unexpected $undefined
..._hamlout.push_text("  </tbody>\n</table>\n#{_hamlout.adjust_...
...                               ^
/home/ensign/assignments/hw2/app/views/projects/index.html.haml:19: unterminated regexp meets end of file
/home/ensign/assignments/hw2/app/views/projects/index.html.haml:19: syntax error, unexpected end-of-input, expecting tSTRING_DEND):
  app/views/projects/index.html.haml:7: syntax error, unexpected ':', expecting ')'
  app/views/projects/index.html.haml:7: syntax error, unexpected ')', expecting tSTRING_DEND
  app/views/projects/index.html.haml:8: unknown regexp options - th
  app/views/projects/index.html.haml:8: syntax error, unexpected $undefined
  app/views/projects/index.html.haml:8: syntax error, unexpected tCONSTANT, expecting keyword_do or '{' or '('
  app/views/projects/index.html.haml:8: unknown regexp options - th
  app/views/projects/index.html.haml:8: syntax error, unexpected $undefined
  app/views/projects/index.html.haml:8: unknown regexp options - thad
  app/views/projects/index.html.haml:8: syntax error, unexpected $undefined
  app/views/projects/index.html.haml:8: syntax error, unexpected $undefined
  app/views/projects/index.html.haml:14: syntax error, unexpected $undefined
  app/views/projects/index.html.haml:16: syntax error, unexpected '}', expecting tSTRING_DEND
  app/views/projects/index.html.haml:17: unknown regexp options - td
  app/views/projects/index.html.haml:17: syntax error, unexpected $undefined
  app/views/projects/index.html.haml:18: syntax error, unexpected ')'
  app/views/projects/index.html.haml:19: unknown regexp options - td
  app/views/projects/index.html.haml:19: syntax error, unexpected $undefined
  app/views/projects/index.html.haml:19: unknown regexp options - tbdy
  app/views/projects/index.html.haml:19: syntax error, unexpected $undefined
  app/views/projects/index.html.haml:19: unterminated regexp meets end of file
  app/views/projects/index.html.haml:19: syntax error, unexpected end-of-input, expecting tSTRING_DEND


  Rendered /home/ensign/.rvm/gems/ruby-2.2.3/gems/actionpack-4.2.4/lib/action_dispatch/middleware/templates/rescues/_source.erb (5.8ms)
  Rendered /home/ensign/.rvm/gems/ruby-2.2.3/gems/actionpack-4.2.4/lib/action_dispatch/middleware/templates/rescues/_trace.html.erb (2.9ms)
  Rendered /home/ensign/.rvm/gems/ruby-2.2.3/gems/actionpack-4.2.4/lib/action_dispatch/middleware/templates/rescues/_request_and_response.html.erb (0.7ms)
  Rendered /home/ensign/.rvm/gems/ruby-2.2.3/gems/actionpack-4.2.4/lib/action_dispatch/middleware/templates/rescues/diagnostics.html.erb within rescues/layout (19.1ms)
  Rendered /home/ensign/.rvm/gems/ruby-2.2.3/gems/web-console-2.2.1/lib/web_console/templates/_markup.html.erb (0.2ms)
  Rendered /home/ensign/.rvm/gems/ruby-2.2.3/gems/web-console-2.2.1/lib/web_console/templates/_inner_console_markup.html.erb within layouts/inlined_string (0.2ms)
  Rendered /home/ensign/.rvm/gems/ruby-2.2.3/gems/web-console-2.2.1/lib/web_console/templates/_prompt_box_markup.html.erb within layouts/inlined_string (0.2ms)
  Rendered /home/ensign/.rvm/gems/ruby-2.2.3/gems/web-console-2.2.1/lib/web_console/templates/style.css.erb within layouts/inlined_string (0.2ms)
  Rendered /home/ensign/.rvm/gems/ruby-2.2.3/gems/web-console-2.2.1/lib/web_console/templates/console.js.erb within layouts/javascript (13.2ms)
  Rendered /home/ensign/.rvm/gems/ruby-2.2.3/gems/web-console-2.2.1/lib/web_console/templates/main.js.erb within layouts/javascript (0.1ms)
  Rendered /home/ensign/.rvm/gems/ruby-2.2.3/gems/web-console-2.2.1/lib/web_console/templates/error_page.js.erb within layouts/javascript (0.2ms)
  Rendered /home/ensign/.rvm/gems/ruby-2.2.3/gems/web-console-2.2.1/lib/web_console/templates/index.html.erb (24.1ms)


Started GET "/projects" for ::1 at 2016-02-18 15:01:17 -0700
Processing by ProjectsController#index as HTML
  Rendered projects/index.html.haml within layouts/application (1.9ms)
Completed 500 Internal Server Error in 4ms (ActiveRecord: 0.0ms)

SyntaxError (/home/ensign/assignments/hw2/app/views/projects/index.html.haml:7: syntax error, unexpected ':', expecting ')'
...nil, :class => @title_header, : id => 'title_header')}>#{_ha...
...                               ^
/home/ensign/assignments/hw2/app/views/projects/index.html.haml:7: syntax error, unexpected ')', expecting tSTRING_DEND
...header, : id => 'title_header')}>#{_hamlout.adjust_tabs(1); ...
...                               ^
/home/ensign/assignments/hw2/app/views/projects/index.html.haml:8: unknown regexp options - th
/home/ensign/assignments/hw2/app/views/projects/index.html.haml:8: syntax error, unexpected $undefined
...>\n      <th>Task Details</th>\n      <th>Assigned User</th>...
...                               ^
/home/ensign/assignments/hw2/app/views/projects/index.html.haml:8: syntax error, unexpected tCONSTANT, expecting keyword_do or '{' or '('
...s</th>\n      <th>Assigned User</th>\n      <th>Due Date</th...
...                               ^
/home/ensign/assignments/hw2/app/views/projects/index.html.haml:8: unknown regexp options - th
/home/ensign/assignments/hw2/app/views/projects/index.html.haml:8: syntax error, unexpected $undefined
...</th>\n      <th>Due Date</th>\n    </tr>\n  </thead>\n  <tb...
...                               ^
/home/ensign/assignments/hw2/app/views/projects/index.html.haml:8: unknown regexp options - thad
/home/ensign/assignments/hw2/app/views/projects/index.html.haml:8: syntax error, unexpected $undefined
...te</th>\n    </tr>\n  </thead>\n  <tbody>\n", -1, false);
...                               ^
/home/ensign/assignments/hw2/app/views/projects/index.html.haml:8: syntax error, unexpected $undefined
...  </tr>\n  </thead>\n  <tbody>\n", -1, false);
...                               ^
/home/ensign/assignments/hw2/app/views/projects/index.html.haml:14: syntax error, unexpected $undefined
_hamlout.push_text("    <tr>\n      <td>#{_hamlout.adjust_tabs(2); 
                             ^
/home/ensign/assignments/hw2/app/views/projects/index.html.haml:16: syntax error, unexpected '}', expecting tSTRING_DEND
));}</td>\n      <td>#{_hamlout.a...
    ^
/home/ensign/assignments/hw2/app/views/projects/index.html.haml:17: unknown regexp options - td
/home/ensign/assignments/hw2/app/views/projects/index.html.haml:17: syntax error, unexpected $undefined
));}</td>\n      <td>#{_hamlout.adjust_...
          ^
/home/ensign/assignments/hw2/app/views/projects/index.html.haml:18: syntax error, unexpected ')'
));}</td>\n      <td>#{_hamlou...
 ^
/home/ensign/assignments/hw2/app/views/projects/index.html.haml:19: unknown regexp options - td
/home/ensign/assignments/hw2/app/views/projects/index.html.haml:19: syntax error, unexpected $undefined
));}</td>\n    </tr>\n", -1, false);end...
          ^
/home/ensign/assignments/hw2/app/views/projects/index.html.haml:19: unknown regexp options - tbdy
unmatched close parenthesis: /tr>\n", -1, false);end;_hamlout.push_text("  </
/home/ensign/assignments/hw2/app/views/projects/index.html.haml:19: syntax error, unexpected $undefined
..._hamlout.push_text("  </tbody>\n</table>\n#{_hamlout.adjust_...
...                               ^
/home/ensign/assignments/hw2/app/views/projects/index.html.haml:19: unterminated regexp meets end of file
/home/ensign/assignments/hw2/app/views/projects/index.html.haml:19: syntax error, unexpected end-of-input, expecting tSTRING_DEND):
  app/views/projects/index.html.haml:7: syntax error, unexpected ':', expecting ')'
  app/views/projects/index.html.haml:7: syntax error, unexpected ')', expecting tSTRING_DEND
  app/views/projects/index.html.haml:8: unknown regexp options - th
  app/views/projects/index.html.haml:8: syntax error, unexpected $undefined
  app/views/projects/index.html.haml:8: syntax error, unexpected tCONSTANT, expecting keyword_do or '{' or '('
  app/views/projects/index.html.haml:8: unknown regexp options - th
  app/views/projects/index.html.haml:8: syntax error, unexpected $undefined
  app/views/projects/index.html.haml:8: unknown regexp options - thad
  app/views/projects/index.html.haml:8: syntax error, unexpected $undefined
  app/views/projects/index.html.haml:8: syntax error, unexpected $undefined
  app/views/projects/index.html.haml:14: syntax error, unexpected $undefined
  app/views/projects/index.html.haml:16: syntax error, unexpected '}', expecting tSTRING_DEND
  app/views/projects/index.html.haml:17: unknown regexp options - td
  app/views/projects/index.html.haml:17: syntax error, unexpected $undefined
  app/views/projects/index.html.haml:18: syntax error, unexpected ')'
  app/views/projects/index.html.haml:19: unknown regexp options - td
  app/views/projects/index.html.haml:19: syntax error, unexpected $undefined
  app/views/projects/index.html.haml:19: unknown regexp options - tbdy
  app/views/projects/index.html.haml:19: syntax error, unexpected $undefined
  app/views/projects/index.html.haml:19: unterminated regexp meets end of file
  app/views/projects/index.html.haml:19: syntax error, unexpected end-of-input, expecting tSTRING_DEND


  Rendered /home/ensign/.rvm/gems/ruby-2.2.3/gems/actionpack-4.2.4/lib/action_dispatch/middleware/templates/rescues/_source.erb (5.1ms)
  Rendered /home/ensign/.rvm/gems/ruby-2.2.3/gems/actionpack-4.2.4/lib/action_dispatch/middleware/templates/rescues/_trace.html.erb (2.5ms)
  Rendered /home/ensign/.rvm/gems/ruby-2.2.3/gems/actionpack-4.2.4/lib/action_dispatch/middleware/templates/rescues/_request_and_response.html.erb (0.6ms)
  Rendered /home/ensign/.rvm/gems/ruby-2.2.3/gems/actionpack-4.2.4/lib/action_dispatch/middleware/templates/rescues/diagnostics.html.erb within rescues/layout (18.1ms)
  Rendered /home/ensign/.rvm/gems/ruby-2.2.3/gems/web-console-2.2.1/lib/web_console/templates/_markup.html.erb (0.2ms)
  Rendered /home/ensign/.rvm/gems/ruby-2.2.3/gems/web-console-2.2.1/lib/web_console/templates/_inner_console_markup.html.erb within layouts/inlined_string (0.3ms)
  Rendered /home/ensign/.rvm/gems/ruby-2.2.3/gems/web-console-2.2.1/lib/web_console/templates/_prompt_box_markup.html.erb within layouts/inlined_string (0.2ms)
  Rendered /home/ensign/.rvm/gems/ruby-2.2.3/gems/web-console-2.2.1/lib/web_console/templates/style.css.erb within layouts/inlined_string (0.2ms)
  Rendered /home/ensign/.rvm/gems/ruby-2.2.3/gems/web-console-2.2.1/lib/web_console/templates/console.js.erb within layouts/javascript (14.5ms)
  Rendered /home/ensign/.rvm/gems/ruby-2.2.3/gems/web-console-2.2.1/lib/web_console/templates/main.js.erb within layouts/javascript (0.2ms)
  Rendered /home/ensign/.rvm/gems/ruby-2.2.3/gems/web-console-2.2.1/lib/web_console/templates/error_page.js.erb within layouts/javascript (0.3ms)
  Rendered /home/ensign/.rvm/gems/ruby-2.2.3/gems/web-console-2.2.1/lib/web_console/templates/index.html.erb (25.8ms)


Started GET "/projects" for ::1 at 2016-02-18 15:01:17 -0700
Processing by ProjectsController#index as HTML
  Rendered projects/index.html.haml within layouts/application (1.6ms)
Completed 500 Internal Server Error in 3ms (ActiveRecord: 0.0ms)

SyntaxError (/home/ensign/assignments/hw2/app/views/projects/index.html.haml:7: syntax error, unexpected ':', expecting ')'
...nil, :class => @title_header, : id => 'title_header')}>#{_ha...
...                               ^
/home/ensign/assignments/hw2/app/views/projects/index.html.haml:7: syntax error, unexpected ')', expecting tSTRING_DEND
...header, : id => 'title_header')}>#{_hamlout.adjust_tabs(1); ...
...                               ^
/home/ensign/assignments/hw2/app/views/projects/index.html.haml:8: unknown regexp options - th
/home/ensign/assignments/hw2/app/views/projects/index.html.haml:8: syntax error, unexpected $undefined
...>\n      <th>Task Details</th>\n      <th>Assigned User</th>...
...                               ^
/home/ensign/assignments/hw2/app/views/projects/index.html.haml:8: syntax error, unexpected tCONSTANT, expecting keyword_do or '{' or '('
...s</th>\n      <th>Assigned User</th>\n      <th>Due Date</th...
...                               ^
/home/ensign/assignments/hw2/app/views/projects/index.html.haml:8: unknown regexp options - th
/home/ensign/assignments/hw2/app/views/projects/index.html.haml:8: syntax error, unexpected $undefined
...</th>\n      <th>Due Date</th>\n    </tr>\n  </thead>\n  <tb...
...                               ^
/home/ensign/assignments/hw2/app/views/projects/index.html.haml:8: unknown regexp options - thad
/home/ensign/assignments/hw2/app/views/projects/index.html.haml:8: syntax error, unexpected $undefined
...te</th>\n    </tr>\n  </thead>\n  <tbody>\n", -1, false);
...                               ^
/home/ensign/assignments/hw2/app/views/projects/index.html.haml:8: syntax error, unexpected $undefined
...  </tr>\n  </thead>\n  <tbody>\n", -1, false);
...                               ^
/home/ensign/assignments/hw2/app/views/projects/index.html.haml:14: syntax error, unexpected $undefined
_hamlout.push_text("    <tr>\n      <td>#{_hamlout.adjust_tabs(2); 
                             ^
/home/ensign/assignments/hw2/app/views/projects/index.html.haml:16: syntax error, unexpected '}', expecting tSTRING_DEND
));}</td>\n      <td>#{_hamlout.a...
    ^
/home/ensign/assignments/hw2/app/views/projects/index.html.haml:17: unknown regexp options - td
/home/ensign/assignments/hw2/app/views/projects/index.html.haml:17: syntax error, unexpected $undefined
));}</td>\n      <td>#{_hamlout.adjust_...
          ^
/home/ensign/assignments/hw2/app/views/projects/index.html.haml:18: syntax error, unexpected ')'
));}</td>\n      <td>#{_hamlou...
 ^
/home/ensign/assignments/hw2/app/views/projects/index.html.haml:19: unknown regexp options - td
/home/ensign/assignments/hw2/app/views/projects/index.html.haml:19: syntax error, unexpected $undefined
));}</td>\n    </tr>\n", -1, false);end...
          ^
/home/ensign/assignments/hw2/app/views/projects/index.html.haml:19: unknown regexp options - tbdy
unmatched close parenthesis: /tr>\n", -1, false);end;_hamlout.push_text("  </
/home/ensign/assignments/hw2/app/views/projects/index.html.haml:19: syntax error, unexpected $undefined
..._hamlout.push_text("  </tbody>\n</table>\n#{_hamlout.adjust_...
...                               ^
/home/ensign/assignments/hw2/app/views/projects/index.html.haml:19: unterminated regexp meets end of file
/home/ensign/assignments/hw2/app/views/projects/index.html.haml:19: syntax error, unexpected end-of-input, expecting tSTRING_DEND):
  app/views/projects/index.html.haml:7: syntax error, unexpected ':', expecting ')'
  app/views/projects/index.html.haml:7: syntax error, unexpected ')', expecting tSTRING_DEND
  app/views/projects/index.html.haml:8: unknown regexp options - th
  app/views/projects/index.html.haml:8: syntax error, unexpected $undefined
  app/views/projects/index.html.haml:8: syntax error, unexpected tCONSTANT, expecting keyword_do or '{' or '('
  app/views/projects/index.html.haml:8: unknown regexp options - th
  app/views/projects/index.html.haml:8: syntax error, unexpected $undefined
  app/views/projects/index.html.haml:8: unknown regexp options - thad
  app/views/projects/index.html.haml:8: syntax error, unexpected $undefined
  app/views/projects/index.html.haml:8: syntax error, unexpected $undefined
  app/views/projects/index.html.haml:14: syntax error, unexpected $undefined
  app/views/projects/index.html.haml:16: syntax error, unexpected '}', expecting tSTRING_DEND
  app/views/projects/index.html.haml:17: unknown regexp options - td
  app/views/projects/index.html.haml:17: syntax error, unexpected $undefined
  app/views/projects/index.html.haml:18: syntax error, unexpected ')'
  app/views/projects/index.html.haml:19: unknown regexp options - td
  app/views/projects/index.html.haml:19: syntax error, unexpected $undefined
  app/views/projects/index.html.haml:19: unknown regexp options - tbdy
  app/views/projects/index.html.haml:19: syntax error, unexpected $undefined
  app/views/projects/index.html.haml:19: unterminated regexp meets end of file
  app/views/projects/index.html.haml:19: syntax error, unexpected end-of-input, expecting tSTRING_DEND


  Rendered /home/ensign/.rvm/gems/ruby-2.2.3/gems/actionpack-4.2.4/lib/action_dispatch/middleware/templates/rescues/_source.erb (5.1ms)
  Rendered /home/ensign/.rvm/gems/ruby-2.2.3/gems/actionpack-4.2.4/lib/action_dispatch/middleware/templates/rescues/_trace.html.erb (2.6ms)
  Rendered /home/ensign/.rvm/gems/ruby-2.2.3/gems/actionpack-4.2.4/lib/action_dispatch/middleware/templates/rescues/_request_and_response.html.erb (0.6ms)
  Rendered /home/ensign/.rvm/gems/ruby-2.2.3/gems/actionpack-4.2.4/lib/action_dispatch/middleware/templates/rescues/diagnostics.html.erb within rescues/layout (18.3ms)
  Rendered /home/ensign/.rvm/gems/ruby-2.2.3/gems/web-console-2.2.1/lib/web_console/templates/_markup.html.erb (0.2ms)
  Rendered /home/ensign/.rvm/gems/ruby-2.2.3/gems/web-console-2.2.1/lib/web_console/templates/_inner_console_markup.html.erb within layouts/inlined_string (0.2ms)
  Rendered /home/ensign/.rvm/gems/ruby-2.2.3/gems/web-console-2.2.1/lib/web_console/templates/_prompt_box_markup.html.erb within layouts/inlined_string (0.2ms)
  Rendered /home/ensign/.rvm/gems/ruby-2.2.3/gems/web-console-2.2.1/lib/web_console/templates/style.css.erb within layouts/inlined_string (0.3ms)
  Rendered /home/ensign/.rvm/gems/ruby-2.2.3/gems/web-console-2.2.1/lib/web_console/templates/console.js.erb within layouts/javascript (13.7ms)
  Rendered /home/ensign/.rvm/gems/ruby-2.2.3/gems/web-console-2.2.1/lib/web_console/templates/main.js.erb within layouts/javascript (0.2ms)
  Rendered /home/ensign/.rvm/gems/ruby-2.2.3/gems/web-console-2.2.1/lib/web_console/templates/error_page.js.erb within layouts/javascript (0.3ms)
  Rendered /home/ensign/.rvm/gems/ruby-2.2.3/gems/web-console-2.2.1/lib/web_console/templates/index.html.erb (25.0ms)


Started GET "/projects" for ::1 at 2016-02-18 15:03:05 -0700
Processing by ProjectsController#index as HTML
  Rendered projects/index.html.haml within layouts/application (2.0ms)
Completed 500 Internal Server Error in 5ms (ActiveRecord: 0.0ms)

SyntaxError (/home/ensign/assignments/hw2/app/views/projects/index.html.haml:7: syntax error, unexpected ':', expecting ')'
...nil, :class => @title_header, : id => 'title_header')}>#{_ha...
...                               ^
/home/ensign/assignments/hw2/app/views/projects/index.html.haml:7: syntax error, unexpected ')', expecting tSTRING_DEND
...header, : id => 'title_header')}>#{_hamlout.adjust_tabs(1); ...
...                               ^
/home/ensign/assignments/hw2/app/views/projects/index.html.haml:8: unknown regexp options - th
/home/ensign/assignments/hw2/app/views/projects/index.html.haml:8: syntax error, unexpected $undefined
...>\n      <th>Task Details</th>\n      <th>Assigned User</th>...
...                               ^
/home/ensign/assignments/hw2/app/views/projects/index.html.haml:8: syntax error, unexpected tCONSTANT, expecting keyword_do or '{' or '('
...s</th>\n      <th>Assigned User</th>\n      <th>Due Date</th...
...                               ^
/home/ensign/assignments/hw2/app/views/projects/index.html.haml:8: unknown regexp options - th
/home/ensign/assignments/hw2/app/views/projects/index.html.haml:8: syntax error, unexpected $undefined
...</th>\n      <th>Due Date</th>\n    </tr>\n  </thead>\n  <tb...
...                               ^
/home/ensign/assignments/hw2/app/views/projects/index.html.haml:8: unknown regexp options - thad
/home/ensign/assignments/hw2/app/views/projects/index.html.haml:8: syntax error, unexpected $undefined
...te</th>\n    </tr>\n  </thead>\n  <tbody>\n", -1, false);
...                               ^
/home/ensign/assignments/hw2/app/views/projects/index.html.haml:8: syntax error, unexpected $undefined
...  </tr>\n  </thead>\n  <tbody>\n", -1, false);
...                               ^
/home/ensign/assignments/hw2/app/views/projects/index.html.haml:14: syntax error, unexpected $undefined
_hamlout.push_text("    <tr>\n      <td>#{_hamlout.adjust_tabs(2); 
                             ^
/home/ensign/assignments/hw2/app/views/projects/index.html.haml:16: syntax error, unexpected '}', expecting tSTRING_DEND
));}</td>\n      <td>#{_hamlout.a...
    ^
/home/ensign/assignments/hw2/app/views/projects/index.html.haml:17: unknown regexp options - td
/home/ensign/assignments/hw2/app/views/projects/index.html.haml:17: syntax error, unexpected $undefined
));}</td>\n      <td>#{_hamlout.adjust_...
          ^
/home/ensign/assignments/hw2/app/views/projects/index.html.haml:18: syntax error, unexpected ')'
));}</td>\n      <td>#{_hamlou...
 ^
/home/ensign/assignments/hw2/app/views/projects/index.html.haml:19: unknown regexp options - td
/home/ensign/assignments/hw2/app/views/projects/index.html.haml:19: syntax error, unexpected $undefined
));}</td>\n    </tr>\n", -1, false);end...
          ^
/home/ensign/assignments/hw2/app/views/projects/index.html.haml:19: unknown regexp options - tbdy
unmatched close parenthesis: /tr>\n", -1, false);end;_hamlout.push_text("  </
/home/ensign/assignments/hw2/app/views/projects/index.html.haml:19: syntax error, unexpected $undefined
..._hamlout.push_text("  </tbody>\n</table>\n#{_hamlout.adjust_...
...                               ^
/home/ensign/assignments/hw2/app/views/projects/index.html.haml:19: unterminated regexp meets end of file
/home/ensign/assignments/hw2/app/views/projects/index.html.haml:19: syntax error, unexpected end-of-input, expecting tSTRING_DEND):
  app/views/projects/index.html.haml:7: syntax error, unexpected ':', expecting ')'
  app/views/projects/index.html.haml:7: syntax error, unexpected ')', expecting tSTRING_DEND
  app/views/projects/index.html.haml:8: unknown regexp options - th
  app/views/projects/index.html.haml:8: syntax error, unexpected $undefined
  app/views/projects/index.html.haml:8: syntax error, unexpected tCONSTANT, expecting keyword_do or '{' or '('
  app/views/projects/index.html.haml:8: unknown regexp options - th
  app/views/projects/index.html.haml:8: syntax error, unexpected $undefined
  app/views/projects/index.html.haml:8: unknown regexp options - thad
  app/views/projects/index.html.haml:8: syntax error, unexpected $undefined
  app/views/projects/index.html.haml:8: syntax error, unexpected $undefined
  app/views/projects/index.html.haml:14: syntax error, unexpected $undefined
  app/views/projects/index.html.haml:16: syntax error, unexpected '}', expecting tSTRING_DEND
  app/views/projects/index.html.haml:17: unknown regexp options - td
  app/views/projects/index.html.haml:17: syntax error, unexpected $undefined
  app/views/projects/index.html.haml:18: syntax error, unexpected ')'
  app/views/projects/index.html.haml:19: unknown regexp options - td
  app/views/projects/index.html.haml:19: syntax error, unexpected $undefined
  app/views/projects/index.html.haml:19: unknown regexp options - tbdy
  app/views/projects/index.html.haml:19: syntax error, unexpected $undefined
  app/views/projects/index.html.haml:19: unterminated regexp meets end of file
  app/views/projects/index.html.haml:19: syntax error, unexpected end-of-input, expecting tSTRING_DEND


  Rendered /home/ensign/.rvm/gems/ruby-2.2.3/gems/actionpack-4.2.4/lib/action_dispatch/middleware/templates/rescues/_source.erb (5.3ms)
  Rendered /home/ensign/.rvm/gems/ruby-2.2.3/gems/actionpack-4.2.4/lib/action_dispatch/middleware/templates/rescues/_trace.html.erb (2.8ms)
  Rendered /home/ensign/.rvm/gems/ruby-2.2.3/gems/actionpack-4.2.4/lib/action_dispatch/middleware/templates/rescues/_request_and_response.html.erb (0.7ms)
  Rendered /home/ensign/.rvm/gems/ruby-2.2.3/gems/actionpack-4.2.4/lib/action_dispatch/middleware/templates/rescues/diagnostics.html.erb within rescues/layout (18.8ms)
  Rendered /home/ensign/.rvm/gems/ruby-2.2.3/gems/web-console-2.2.1/lib/web_console/templates/_markup.html.erb (0.2ms)
  Rendered /home/ensign/.rvm/gems/ruby-2.2.3/gems/web-console-2.2.1/lib/web_console/templates/_inner_console_markup.html.erb within layouts/inlined_string (0.2ms)
  Rendered /home/ensign/.rvm/gems/ruby-2.2.3/gems/web-console-2.2.1/lib/web_console/templates/_prompt_box_markup.html.erb within layouts/inlined_string (0.1ms)
  Rendered /home/ensign/.rvm/gems/ruby-2.2.3/gems/web-console-2.2.1/lib/web_console/templates/style.css.erb within layouts/inlined_string (0.2ms)
  Rendered /home/ensign/.rvm/gems/ruby-2.2.3/gems/web-console-2.2.1/lib/web_console/templates/console.js.erb within layouts/javascript (13.4ms)
  Rendered /home/ensign/.rvm/gems/ruby-2.2.3/gems/web-console-2.2.1/lib/web_console/templates/main.js.erb within layouts/javascript (0.2ms)
  Rendered /home/ensign/.rvm/gems/ruby-2.2.3/gems/web-console-2.2.1/lib/web_console/templates/error_page.js.erb within layouts/javascript (0.2ms)
  Rendered /home/ensign/.rvm/gems/ruby-2.2.3/gems/web-console-2.2.1/lib/web_console/templates/index.html.erb (24.4ms)


Started GET "/projects" for ::1 at 2016-02-18 15:03:05 -0700
Processing by ProjectsController#index as HTML
  Rendered projects/index.html.haml within layouts/application (1.5ms)
Completed 500 Internal Server Error in 3ms (ActiveRecord: 0.0ms)

SyntaxError (/home/ensign/assignments/hw2/app/views/projects/index.html.haml:7: syntax error, unexpected ':', expecting ')'
...nil, :class => @title_header, : id => 'title_header')}>#{_ha...
...                               ^
/home/ensign/assignments/hw2/app/views/projects/index.html.haml:7: syntax error, unexpected ')', expecting tSTRING_DEND
...header, : id => 'title_header')}>#{_hamlout.adjust_tabs(1); ...
...                               ^
/home/ensign/assignments/hw2/app/views/projects/index.html.haml:8: unknown regexp options - th
/home/ensign/assignments/hw2/app/views/projects/index.html.haml:8: syntax error, unexpected $undefined
...>\n      <th>Task Details</th>\n      <th>Assigned User</th>...
...                               ^
/home/ensign/assignments/hw2/app/views/projects/index.html.haml:8: syntax error, unexpected tCONSTANT, expecting keyword_do or '{' or '('
...s</th>\n      <th>Assigned User</th>\n      <th>Due Date</th...
...                               ^
/home/ensign/assignments/hw2/app/views/projects/index.html.haml:8: unknown regexp options - th
/home/ensign/assignments/hw2/app/views/projects/index.html.haml:8: syntax error, unexpected $undefined
...</th>\n      <th>Due Date</th>\n    </tr>\n  </thead>\n  <tb...
...                               ^
/home/ensign/assignments/hw2/app/views/projects/index.html.haml:8: unknown regexp options - thad
/home/ensign/assignments/hw2/app/views/projects/index.html.haml:8: syntax error, unexpected $undefined
...te</th>\n    </tr>\n  </thead>\n  <tbody>\n", -1, false);
...                               ^
/home/ensign/assignments/hw2/app/views/projects/index.html.haml:8: syntax error, unexpected $undefined
...  </tr>\n  </thead>\n  <tbody>\n", -1, false);
...                               ^
/home/ensign/assignments/hw2/app/views/projects/index.html.haml:14: syntax error, unexpected $undefined
_hamlout.push_text("    <tr>\n      <td>#{_hamlout.adjust_tabs(2); 
                             ^
/home/ensign/assignments/hw2/app/views/projects/index.html.haml:16: syntax error, unexpected '}', expecting tSTRING_DEND
));}</td>\n      <td>#{_hamlout.a...
    ^
/home/ensign/assignments/hw2/app/views/projects/index.html.haml:17: unknown regexp options - td
/home/ensign/assignments/hw2/app/views/projects/index.html.haml:17: syntax error, unexpected $undefined
));}</td>\n      <td>#{_hamlout.adjust_...
          ^
/home/ensign/assignments/hw2/app/views/projects/index.html.haml:18: syntax error, unexpected ')'
));}</td>\n      <td>#{_hamlou...
 ^
/home/ensign/assignments/hw2/app/views/projects/index.html.haml:19: unknown regexp options - td
/home/ensign/assignments/hw2/app/views/projects/index.html.haml:19: syntax error, unexpected $undefined
));}</td>\n    </tr>\n", -1, false);end...
          ^
/home/ensign/assignments/hw2/app/views/projects/index.html.haml:19: unknown regexp options - tbdy
unmatched close parenthesis: /tr>\n", -1, false);end;_hamlout.push_text("  </
/home/ensign/assignments/hw2/app/views/projects/index.html.haml:19: syntax error, unexpected $undefined
..._hamlout.push_text("  </tbody>\n</table>\n#{_hamlout.adjust_...
...                               ^
/home/ensign/assignments/hw2/app/views/projects/index.html.haml:19: unterminated regexp meets end of file
/home/ensign/assignments/hw2/app/views/projects/index.html.haml:19: syntax error, unexpected end-of-input, expecting tSTRING_DEND):
  app/views/projects/index.html.haml:7: syntax error, unexpected ':', expecting ')'
  app/views/projects/index.html.haml:7: syntax error, unexpected ')', expecting tSTRING_DEND
  app/views/projects/index.html.haml:8: unknown regexp options - th
  app/views/projects/index.html.haml:8: syntax error, unexpected $undefined
  app/views/projects/index.html.haml:8: syntax error, unexpected tCONSTANT, expecting keyword_do or '{' or '('
  app/views/projects/index.html.haml:8: unknown regexp options - th
  app/views/projects/index.html.haml:8: syntax error, unexpected $undefined
  app/views/projects/index.html.haml:8: unknown regexp options - thad
  app/views/projects/index.html.haml:8: syntax error, unexpected $undefined
  app/views/projects/index.html.haml:8: syntax error, unexpected $undefined
  app/views/projects/index.html.haml:14: syntax error, unexpected $undefined
  app/views/projects/index.html.haml:16: syntax error, unexpected '}', expecting tSTRING_DEND
  app/views/projects/index.html.haml:17: unknown regexp options - td
  app/views/projects/index.html.haml:17: syntax error, unexpected $undefined
  app/views/projects/index.html.haml:18: syntax error, unexpected ')'
  app/views/projects/index.html.haml:19: unknown regexp options - td
  app/views/projects/index.html.haml:19: syntax error, unexpected $undefined
  app/views/projects/index.html.haml:19: unknown regexp options - tbdy
  app/views/projects/index.html.haml:19: syntax error, unexpected $undefined
  app/views/projects/index.html.haml:19: unterminated regexp meets end of file
  app/views/projects/index.html.haml:19: syntax error, unexpected end-of-input, expecting tSTRING_DEND


  Rendered /home/ensign/.rvm/gems/ruby-2.2.3/gems/actionpack-4.2.4/lib/action_dispatch/middleware/templates/rescues/_source.erb (5.0ms)
  Rendered /home/ensign/.rvm/gems/ruby-2.2.3/gems/actionpack-4.2.4/lib/action_dispatch/middleware/templates/rescues/_trace.html.erb (2.8ms)
  Rendered /home/ensign/.rvm/gems/ruby-2.2.3/gems/actionpack-4.2.4/lib/action_dispatch/middleware/templates/rescues/_request_and_response.html.erb (0.7ms)
  Rendered /home/ensign/.rvm/gems/ruby-2.2.3/gems/actionpack-4.2.4/lib/action_dispatch/middleware/templates/rescues/diagnostics.html.erb within rescues/layout (18.4ms)
  Rendered /home/ensign/.rvm/gems/ruby-2.2.3/gems/web-console-2.2.1/lib/web_console/templates/_markup.html.erb (0.3ms)
  Rendered /home/ensign/.rvm/gems/ruby-2.2.3/gems/web-console-2.2.1/lib/web_console/templates/_inner_console_markup.html.erb within layouts/inlined_string (0.2ms)
  Rendered /home/ensign/.rvm/gems/ruby-2.2.3/gems/web-console-2.2.1/lib/web_console/templates/_prompt_box_markup.html.erb within layouts/inlined_string (0.2ms)
  Rendered /home/ensign/.rvm/gems/ruby-2.2.3/gems/web-console-2.2.1/lib/web_console/templates/style.css.erb within layouts/inlined_string (0.2ms)
  Rendered /home/ensign/.rvm/gems/ruby-2.2.3/gems/web-console-2.2.1/lib/web_console/templates/console.js.erb within layouts/javascript (13.5ms)
  Rendered /home/ensign/.rvm/gems/ruby-2.2.3/gems/web-console-2.2.1/lib/web_console/templates/main.js.erb within layouts/javascript (0.2ms)
  Rendered /home/ensign/.rvm/gems/ruby-2.2.3/gems/web-console-2.2.1/lib/web_console/templates/error_page.js.erb within layouts/javascript (0.2ms)
  Rendered /home/ensign/.rvm/gems/ruby-2.2.3/gems/web-console-2.2.1/lib/web_console/templates/index.html.erb (24.6ms)


Started GET "/projects" for ::1 at 2016-02-18 15:03:07 -0700
Processing by ProjectsController#index as HTML
  Rendered projects/index.html.haml within layouts/application (5.2ms)
Completed 500 Internal Server Error in 7ms (ActiveRecord: 0.0ms)

SyntaxError (/home/ensign/assignments/hw2/app/views/projects/index.html.haml:7: syntax error, unexpected ':', expecting ')'
...nil, :class => @title_header, : id => 'title_header')}>#{_ha...
...                               ^
/home/ensign/assignments/hw2/app/views/projects/index.html.haml:7: syntax error, unexpected ')', expecting tSTRING_DEND
...header, : id => 'title_header')}>#{_hamlout.adjust_tabs(1); ...
...                               ^
/home/ensign/assignments/hw2/app/views/projects/index.html.haml:8: unknown regexp options - th
/home/ensign/assignments/hw2/app/views/projects/index.html.haml:8: syntax error, unexpected $undefined
...>\n      <th>Task Details</th>\n      <th>Assigned User</th>...
...                               ^
/home/ensign/assignments/hw2/app/views/projects/index.html.haml:8: syntax error, unexpected tCONSTANT, expecting keyword_do or '{' or '('
...s</th>\n      <th>Assigned User</th>\n      <th>Due Date</th...
...                               ^
/home/ensign/assignments/hw2/app/views/projects/index.html.haml:8: unknown regexp options - th
/home/ensign/assignments/hw2/app/views/projects/index.html.haml:8: syntax error, unexpected $undefined
...</th>\n      <th>Due Date</th>\n    </tr>\n  </thead>\n  <tb...
...                               ^
/home/ensign/assignments/hw2/app/views/projects/index.html.haml:8: unknown regexp options - thad
/home/ensign/assignments/hw2/app/views/projects/index.html.haml:8: syntax error, unexpected $undefined
...te</th>\n    </tr>\n  </thead>\n  <tbody>\n", -1, false);
...                               ^
/home/ensign/assignments/hw2/app/views/projects/index.html.haml:8: syntax error, unexpected $undefined
...  </tr>\n  </thead>\n  <tbody>\n", -1, false);
...                               ^
/home/ensign/assignments/hw2/app/views/projects/index.html.haml:14: syntax error, unexpected $undefined
_hamlout.push_text("    <tr>\n      <td>#{_hamlout.adjust_tabs(2); 
                             ^
/home/ensign/assignments/hw2/app/views/projects/index.html.haml:16: syntax error, unexpected '}', expecting tSTRING_DEND
));}</td>\n      <td>#{_hamlout.a...
    ^
/home/ensign/assignments/hw2/app/views/projects/index.html.haml:17: unknown regexp options - td
/home/ensign/assignments/hw2/app/views/projects/index.html.haml:17: syntax error, unexpected $undefined
));}</td>\n      <td>#{_hamlout.adjust_...
          ^
/home/ensign/assignments/hw2/app/views/projects/index.html.haml:18: syntax error, unexpected ')'
));}</td>\n      <td>#{_hamlou...
 ^
/home/ensign/assignments/hw2/app/views/projects/index.html.haml:19: unknown regexp options - td
/home/ensign/assignments/hw2/app/views/projects/index.html.haml:19: syntax error, unexpected $undefined
));}</td>\n    </tr>\n", -1, false);end...
          ^
/home/ensign/assignments/hw2/app/views/projects/index.html.haml:19: unknown regexp options - tbdy
unmatched close parenthesis: /tr>\n", -1, false);end;_hamlout.push_text("  </
/home/ensign/assignments/hw2/app/views/projects/index.html.haml:19: syntax error, unexpected $undefined
..._hamlout.push_text("  </tbody>\n</table>\n#{_hamlout.adjust_...
...                               ^
/home/ensign/assignments/hw2/app/views/projects/index.html.haml:19: unterminated regexp meets end of file
/home/ensign/assignments/hw2/app/views/projects/index.html.haml:19: syntax error, unexpected end-of-input, expecting tSTRING_DEND):
  app/views/projects/index.html.haml:7: syntax error, unexpected ':', expecting ')'
  app/views/projects/index.html.haml:7: syntax error, unexpected ')', expecting tSTRING_DEND
  app/views/projects/index.html.haml:8: unknown regexp options - th
  app/views/projects/index.html.haml:8: syntax error, unexpected $undefined
  app/views/projects/index.html.haml:8: syntax error, unexpected tCONSTANT, expecting keyword_do or '{' or '('
  app/views/projects/index.html.haml:8: unknown regexp options - th
  app/views/projects/index.html.haml:8: syntax error, unexpected $undefined
  app/views/projects/index.html.haml:8: unknown regexp options - thad
  app/views/projects/index.html.haml:8: syntax error, unexpected $undefined
  app/views/projects/index.html.haml:8: syntax error, unexpected $undefined
  app/views/projects/index.html.haml:14: syntax error, unexpected $undefined
  app/views/projects/index.html.haml:16: syntax error, unexpected '}', expecting tSTRING_DEND
  app/views/projects/index.html.haml:17: unknown regexp options - td
  app/views/projects/index.html.haml:17: syntax error, unexpected $undefined
  app/views/projects/index.html.haml:18: syntax error, unexpected ')'
  app/views/projects/index.html.haml:19: unknown regexp options - td
  app/views/projects/index.html.haml:19: syntax error, unexpected $undefined
  app/views/projects/index.html.haml:19: unknown regexp options - tbdy
  app/views/projects/index.html.haml:19: syntax error, unexpected $undefined
  app/views/projects/index.html.haml:19: unterminated regexp meets end of file
  app/views/projects/index.html.haml:19: syntax error, unexpected end-of-input, expecting tSTRING_DEND


  Rendered /home/ensign/.rvm/gems/ruby-2.2.3/gems/actionpack-4.2.4/lib/action_dispatch/middleware/templates/rescues/_source.erb (5.0ms)
  Rendered /home/ensign/.rvm/gems/ruby-2.2.3/gems/actionpack-4.2.4/lib/action_dispatch/middleware/templates/rescues/_trace.html.erb (2.8ms)
  Rendered /home/ensign/.rvm/gems/ruby-2.2.3/gems/actionpack-4.2.4/lib/action_dispatch/middleware/templates/rescues/_request_and_response.html.erb (0.7ms)
  Rendered /home/ensign/.rvm/gems/ruby-2.2.3/gems/actionpack-4.2.4/lib/action_dispatch/middleware/templates/rescues/diagnostics.html.erb within rescues/layout (18.4ms)
  Rendered /home/ensign/.rvm/gems/ruby-2.2.3/gems/web-console-2.2.1/lib/web_console/templates/_markup.html.erb (0.2ms)
  Rendered /home/ensign/.rvm/gems/ruby-2.2.3/gems/web-console-2.2.1/lib/web_console/templates/_inner_console_markup.html.erb within layouts/inlined_string (0.2ms)
  Rendered /home/ensign/.rvm/gems/ruby-2.2.3/gems/web-console-2.2.1/lib/web_console/templates/_prompt_box_markup.html.erb within layouts/inlined_string (0.2ms)
  Rendered /home/ensign/.rvm/gems/ruby-2.2.3/gems/web-console-2.2.1/lib/web_console/templates/style.css.erb within layouts/inlined_string (0.2ms)
  Rendered /home/ensign/.rvm/gems/ruby-2.2.3/gems/web-console-2.2.1/lib/web_console/templates/console.js.erb within layouts/javascript (13.7ms)
  Rendered /home/ensign/.rvm/gems/ruby-2.2.3/gems/web-console-2.2.1/lib/web_console/templates/main.js.erb within layouts/javascript (0.1ms)
  Rendered /home/ensign/.rvm/gems/ruby-2.2.3/gems/web-console-2.2.1/lib/web_console/templates/error_page.js.erb within layouts/javascript (0.2ms)
  Rendered /home/ensign/.rvm/gems/ruby-2.2.3/gems/web-console-2.2.1/lib/web_console/templates/index.html.erb (25.4ms)


Started GET "/projects" for ::1 at 2016-02-18 15:03:07 -0700
Processing by ProjectsController#index as HTML
  Rendered projects/index.html.haml within layouts/application (1.5ms)
Completed 500 Internal Server Error in 3ms (ActiveRecord: 0.0ms)

SyntaxError (/home/ensign/assignments/hw2/app/views/projects/index.html.haml:7: syntax error, unexpected ':', expecting ')'
...nil, :class => @title_header, : id => 'title_header')}>#{_ha...
...                               ^
/home/ensign/assignments/hw2/app/views/projects/index.html.haml:7: syntax error, unexpected ')', expecting tSTRING_DEND
...header, : id => 'title_header')}>#{_hamlout.adjust_tabs(1); ...
...                               ^
/home/ensign/assignments/hw2/app/views/projects/index.html.haml:8: unknown regexp options - th
/home/ensign/assignments/hw2/app/views/projects/index.html.haml:8: syntax error, unexpected $undefined
...>\n      <th>Task Details</th>\n      <th>Assigned User</th>...
...                               ^
/home/ensign/assignments/hw2/app/views/projects/index.html.haml:8: syntax error, unexpected tCONSTANT, expecting keyword_do or '{' or '('
...s</th>\n      <th>Assigned User</th>\n      <th>Due Date</th...
...                               ^
/home/ensign/assignments/hw2/app/views/projects/index.html.haml:8: unknown regexp options - th
/home/ensign/assignments/hw2/app/views/projects/index.html.haml:8: syntax error, unexpected $undefined
...</th>\n      <th>Due Date</th>\n    </tr>\n  </thead>\n  <tb...
...                               ^
/home/ensign/assignments/hw2/app/views/projects/index.html.haml:8: unknown regexp options - thad
/home/ensign/assignments/hw2/app/views/projects/index.html.haml:8: syntax error, unexpected $undefined
...te</th>\n    </tr>\n  </thead>\n  <tbody>\n", -1, false);
...                               ^
/home/ensign/assignments/hw2/app/views/projects/index.html.haml:8: syntax error, unexpected $undefined
...  </tr>\n  </thead>\n  <tbody>\n", -1, false);
...                               ^
/home/ensign/assignments/hw2/app/views/projects/index.html.haml:14: syntax error, unexpected $undefined
_hamlout.push_text("    <tr>\n      <td>#{_hamlout.adjust_tabs(2); 
                             ^
/home/ensign/assignments/hw2/app/views/projects/index.html.haml:16: syntax error, unexpected '}', expecting tSTRING_DEND
));}</td>\n      <td>#{_hamlout.a...
    ^
/home/ensign/assignments/hw2/app/views/projects/index.html.haml:17: unknown regexp options - td
/home/ensign/assignments/hw2/app/views/projects/index.html.haml:17: syntax error, unexpected $undefined
));}</td>\n      <td>#{_hamlout.adjust_...
          ^
/home/ensign/assignments/hw2/app/views/projects/index.html.haml:18: syntax error, unexpected ')'
));}</td>\n      <td>#{_hamlou...
 ^
/home/ensign/assignments/hw2/app/views/projects/index.html.haml:19: unknown regexp options - td
/home/ensign/assignments/hw2/app/views/projects/index.html.haml:19: syntax error, unexpected $undefined
));}</td>\n    </tr>\n", -1, false);end...
          ^
/home/ensign/assignments/hw2/app/views/projects/index.html.haml:19: unknown regexp options - tbdy
unmatched close parenthesis: /tr>\n", -1, false);end;_hamlout.push_text("  </
/home/ensign/assignments/hw2/app/views/projects/index.html.haml:19: syntax error, unexpected $undefined
..._hamlout.push_text("  </tbody>\n</table>\n#{_hamlout.adjust_...
...                               ^
/home/ensign/assignments/hw2/app/views/projects/index.html.haml:19: unterminated regexp meets end of file
/home/ensign/assignments/hw2/app/views/projects/index.html.haml:19: syntax error, unexpected end-of-input, expecting tSTRING_DEND):
  app/views/projects/index.html.haml:7: syntax error, unexpected ':', expecting ')'
  app/views/projects/index.html.haml:7: syntax error, unexpected ')', expecting tSTRING_DEND
  app/views/projects/index.html.haml:8: unknown regexp options - th
  app/views/projects/index.html.haml:8: syntax error, unexpected $undefined
  app/views/projects/index.html.haml:8: syntax error, unexpected tCONSTANT, expecting keyword_do or '{' or '('
  app/views/projects/index.html.haml:8: unknown regexp options - th
  app/views/projects/index.html.haml:8: syntax error, unexpected $undefined
  app/views/projects/index.html.haml:8: unknown regexp options - thad
  app/views/projects/index.html.haml:8: syntax error, unexpected $undefined
  app/views/projects/index.html.haml:8: syntax error, unexpected $undefined
  app/views/projects/index.html.haml:14: syntax error, unexpected $undefined
  app/views/projects/index.html.haml:16: syntax error, unexpected '}', expecting tSTRING_DEND
  app/views/projects/index.html.haml:17: unknown regexp options - td
  app/views/projects/index.html.haml:17: syntax error, unexpected $undefined
  app/views/projects/index.html.haml:18: syntax error, unexpected ')'
  app/views/projects/index.html.haml:19: unknown regexp options - td
  app/views/projects/index.html.haml:19: syntax error, unexpected $undefined
  app/views/projects/index.html.haml:19: unknown regexp options - tbdy
  app/views/projects/index.html.haml:19: syntax error, unexpected $undefined
  app/views/projects/index.html.haml:19: unterminated regexp meets end of file
  app/views/projects/index.html.haml:19: syntax error, unexpected end-of-input, expecting tSTRING_DEND


  Rendered /home/ensign/.rvm/gems/ruby-2.2.3/gems/actionpack-4.2.4/lib/action_dispatch/middleware/templates/rescues/_source.erb (5.5ms)
  Rendered /home/ensign/.rvm/gems/ruby-2.2.3/gems/actionpack-4.2.4/lib/action_dispatch/middleware/templates/rescues/_trace.html.erb (3.1ms)
  Rendered /home/ensign/.rvm/gems/ruby-2.2.3/gems/actionpack-4.2.4/lib/action_dispatch/middleware/templates/rescues/_request_and_response.html.erb (1.3ms)
  Rendered /home/ensign/.rvm/gems/ruby-2.2.3/gems/actionpack-4.2.4/lib/action_dispatch/middleware/templates/rescues/diagnostics.html.erb within rescues/layout (20.5ms)
  Rendered /home/ensign/.rvm/gems/ruby-2.2.3/gems/web-console-2.2.1/lib/web_console/templates/_markup.html.erb (0.2ms)
  Rendered /home/ensign/.rvm/gems/ruby-2.2.3/gems/web-console-2.2.1/lib/web_console/templates/_inner_console_markup.html.erb within layouts/inlined_string (0.2ms)
  Rendered /home/ensign/.rvm/gems/ruby-2.2.3/gems/web-console-2.2.1/lib/web_console/templates/_prompt_box_markup.html.erb within layouts/inlined_string (0.2ms)
  Rendered /home/ensign/.rvm/gems/ruby-2.2.3/gems/web-console-2.2.1/lib/web_console/templates/style.css.erb within layouts/inlined_string (0.2ms)
  Rendered /home/ensign/.rvm/gems/ruby-2.2.3/gems/web-console-2.2.1/lib/web_console/templates/console.js.erb within layouts/javascript (13.4ms)
  Rendered /home/ensign/.rvm/gems/ruby-2.2.3/gems/web-console-2.2.1/lib/web_console/templates/main.js.erb within layouts/javascript (0.2ms)
  Rendered /home/ensign/.rvm/gems/ruby-2.2.3/gems/web-console-2.2.1/lib/web_console/templates/error_page.js.erb within layouts/javascript (0.2ms)
  Rendered /home/ensign/.rvm/gems/ruby-2.2.3/gems/web-console-2.2.1/lib/web_console/templates/index.html.erb (24.7ms)


Started GET "/projects" for ::1 at 2016-02-18 15:04:13 -0700
Processing by ProjectsController#index as HTML
  [1m[36mProject Load (0.3ms)[0m  [1mSELECT "projects".* FROM "projects"[0m
  Rendered projects/index.html.haml within layouts/application (10.9ms)
Completed 200 OK in 52ms (Views: 50.1ms | ActiveRecord: 0.6ms)


Started GET "/projects" for ::1 at 2016-02-18 15:04:13 -0700
Processing by ProjectsController#index as HTML
  [1m[35mProject Load (0.2ms)[0m  SELECT "projects".* FROM "projects"
  Rendered projects/index.html.haml within layouts/application (5.5ms)
Completed 200 OK in 24ms (Views: 23.5ms | ActiveRecord: 0.2ms)


Started GET "/assets/application.self-68d9b0cf6ddc0037705f002ef6036e63a8b27efef8b9996f8ace679d64a1ce8d.css?body=1" for ::1 at 2016-02-18 15:04:13 -0700


Started GET "/assets/application.self-3b8dabdc891efe46b9a144b400ad69e37d7e5876bdc39dee783419a69d7ca819.js?body=1" for ::1 at 2016-02-18 15:04:13 -0700


Started GET "/assets/jquery.self-a714331225dda820228db323939889f149aec0127aeb06255646b616ba1ca419.js?body=1" for ::1 at 2016-02-18 15:04:13 -0700


Started GET "/assets/jquery_ujs.self-d456baa54c1fa6be2ec3711f0a72ddf7a5b2f34a6b4f515f33767d6207b7d4b3.js?body=1" for ::1 at 2016-02-18 15:04:13 -0700


Started GET "/assets/turbolinks.self-c37727e9bd6b2735da5c311aa83fead54ed0be6cc8bd9a65309e9c5abe2cbfff.js?body=1" for ::1 at 2016-02-18 15:04:13 -0700


Started GET "/projects?category=title" for ::1 at 2016-02-18 15:04:16 -0700
Processing by ProjectsController#index as HTML
  Parameters: {"category"=>"title"}
  [1m[36mProject Load (0.3ms)[0m  [1mSELECT "projects".* FROM "projects"  ORDER BY title[0m
  Rendered projects/index.html.haml within layouts/application (5.8ms)
Completed 200 OK in 29ms (Views: 28.5ms | ActiveRecord: 0.3ms)


Started GET "/projects?category=title" for ::1 at 2016-02-18 15:05:25 -0700
Processing by ProjectsController#index as HTML
  Parameters: {"category"=>"title"}
  [1m[35mProject Load (0.2ms)[0m  SELECT "projects".* FROM "projects"  ORDER BY title
  Rendered projects/index.html.haml within layouts/application (2.4ms)
Completed 200 OK in 32ms (Views: 31.0ms | ActiveRecord: 0.2ms)


Started GET "/projects?category=title" for ::1 at 2016-02-18 15:05:25 -0700
Processing by ProjectsController#index as HTML
  Parameters: {"category"=>"title"}
  [1m[36mProject Load (0.2ms)[0m  [1mSELECT "projects".* FROM "projects"  ORDER BY title[0m
  Rendered projects/index.html.haml within layouts/application (1.9ms)
Completed 200 OK in 15ms (Views: 14.5ms | ActiveRecord: 0.2ms)


Started GET "/projects?category=title" for ::1 at 2016-02-18 15:05:31 -0700
Processing by ProjectsController#index as HTML
  Parameters: {"category"=>"title"}
  [1m[35mProject Load (0.3ms)[0m  SELECT "projects".* FROM "projects"  ORDER BY title
  Rendered projects/index.html.haml within layouts/application (2.6ms)
Completed 200 OK in 19ms (Views: 17.8ms | ActiveRecord: 0.3ms)


Started GET "/projects?category=title" for ::1 at 2016-02-18 15:05:31 -0700
Processing by ProjectsController#index as HTML
  Parameters: {"category"=>"title"}
  [1m[36mProject Load (0.2ms)[0m  [1mSELECT "projects".* FROM "projects"  ORDER BY title[0m
  Rendered projects/index.html.haml within layouts/application (2.0ms)
Completed 200 OK in 19ms (Views: 18.9ms | ActiveRecord: 0.2ms)


Started GET "/projects?category=title" for ::1 at 2016-02-18 15:06:04 -0700
Processing by ProjectsController#index as HTML
  Parameters: {"category"=>"title"}
  [1m[35mProject Load (0.2ms)[0m  SELECT "projects".* FROM "projects"  ORDER BY title
  Rendered projects/index.html.haml within layouts/application (2.3ms)
Completed 200 OK in 35ms (Views: 34.0ms | ActiveRecord: 0.2ms)


Started GET "/projects" for ::1 at 2016-02-18 15:07:38 -0700
Processing by ProjectsController#index as HTML
  [1m[36mProject Load (0.3ms)[0m  [1mSELECT "projects".* FROM "projects"[0m
  Rendered projects/index.html.haml within layouts/application (7.8ms)
Completed 200 OK in 45ms (Views: 43.8ms | ActiveRecord: 0.3ms)


Started GET "/assets/application.self-806d4f2750f7ee3c2e8b58292a08c5780b0715fe6424b1aef29ef1990d8d5169.css?body=1" for ::1 at 2016-02-18 15:07:38 -0700


Started GET "/projects?category=title" for ::1 at 2016-02-18 15:07:40 -0700
Processing by ProjectsController#index as HTML
  Parameters: {"category"=>"title"}
  [1m[35mProject Load (0.2ms)[0m  SELECT "projects".* FROM "projects"  ORDER BY title
  Rendered projects/index.html.haml within layouts/application (2.4ms)
Completed 200 OK in 20ms (Views: 18.8ms | ActiveRecord: 0.2ms)


Started GET "/projects?category=title" for ::1 at 2016-02-18 15:07:40 -0700
Processing by ProjectsController#index as HTML
  Parameters: {"category"=>"title"}
  [1m[36mProject Load (0.2ms)[0m  [1mSELECT "projects".* FROM "projects"  ORDER BY title[0m
  Rendered projects/index.html.haml within layouts/application (4.1ms)
Completed 200 OK in 17ms (Views: 16.0ms | ActiveRecord: 0.2ms)


Started GET "/projects" for ::1 at 2016-02-18 15:12:53 -0700
Processing by ProjectsController#index as HTML
  [1m[35mProject Load (0.2ms)[0m  SELECT "projects".* FROM "projects"
  Rendered projects/index.html.haml within layouts/application (4.8ms)
Completed 200 OK in 23ms (Views: 21.8ms | ActiveRecord: 0.2ms)


Started GET "/projects" for ::1 at 2016-02-18 15:12:53 -0700
Processing by ProjectsController#index as HTML
  [1m[36mProject Load (0.1ms)[0m  [1mSELECT "projects".* FROM "projects"[0m
  Rendered projects/index.html.haml within layouts/application (4.0ms)
Completed 200 OK in 19ms (Views: 18.5ms | ActiveRecord: 0.1ms)


Started GET "/projects?category=due_date" for ::1 at 2016-02-18 15:12:56 -0700
Processing by ProjectsController#index as HTML
  Parameters: {"category"=>"due_date"}
  [1m[35mProject Load (0.2ms)[0m  SELECT "projects".* FROM "projects"
  Rendered projects/index.html.haml within layouts/application (8.1ms)
Completed 200 OK in 25ms (Views: 24.1ms | ActiveRecord: 0.2ms)


Started GET "/projects?category=due_date" for ::1 at 2016-02-18 15:12:59 -0700
Processing by ProjectsController#index as HTML
  Parameters: {"category"=>"due_date"}
  [1m[36mProject Load (0.2ms)[0m  [1mSELECT "projects".* FROM "projects"[0m
  Rendered projects/index.html.haml within layouts/application (2.4ms)
Completed 200 OK in 22ms (Views: 20.9ms | ActiveRecord: 0.2ms)


Started GET "/projects?category=due_date" for ::1 at 2016-02-18 15:12:59 -0700
Processing by ProjectsController#index as HTML
  Parameters: {"category"=>"due_date"}
  [1m[35mProject Load (0.2ms)[0m  SELECT "projects".* FROM "projects"
  Rendered projects/index.html.haml within layouts/application (2.1ms)
Completed 200 OK in 17ms (Views: 16.7ms | ActiveRecord: 0.2ms)


Started GET "/projects?category=due_date" for ::1 at 2016-02-18 15:13:23 -0700

SyntaxError (/home/ensign/assignments/hw2/app/controllers/projects_controller.rb:19: `@"' is not allowed as an instance variable name
/home/ensign/assignments/hw2/app/controllers/projects_controller.rb:19: syntax error, unexpected end-of-input, expecting keyword_end
      @"#{category}"_header = 'hilite'
       ^):
  app/controllers/projects_controller.rb:19: `@"' is not allowed as an instance variable name
  app/controllers/projects_controller.rb:19: syntax error, unexpected end-of-input, expecting keyword_end


  Rendered /home/ensign/.rvm/gems/ruby-2.2.3/gems/actionpack-4.2.4/lib/action_dispatch/middleware/templates/rescues/_source.erb (2.5ms)
  Rendered /home/ensign/.rvm/gems/ruby-2.2.3/gems/actionpack-4.2.4/lib/action_dispatch/middleware/templates/rescues/_trace.html.erb (1.3ms)
  Rendered /home/ensign/.rvm/gems/ruby-2.2.3/gems/actionpack-4.2.4/lib/action_dispatch/middleware/templates/rescues/_request_and_response.html.erb (0.9ms)
  Rendered /home/ensign/.rvm/gems/ruby-2.2.3/gems/actionpack-4.2.4/lib/action_dispatch/middleware/templates/rescues/diagnostics.html.erb within rescues/layout (14.6ms)
  Rendered /home/ensign/.rvm/gems/ruby-2.2.3/gems/web-console-2.2.1/lib/web_console/templates/_markup.html.erb (0.2ms)
  Rendered /home/ensign/.rvm/gems/ruby-2.2.3/gems/web-console-2.2.1/lib/web_console/templates/_inner_console_markup.html.erb within layouts/inlined_string (0.3ms)
  Rendered /home/ensign/.rvm/gems/ruby-2.2.3/gems/web-console-2.2.1/lib/web_console/templates/_prompt_box_markup.html.erb within layouts/inlined_string (0.2ms)
  Rendered /home/ensign/.rvm/gems/ruby-2.2.3/gems/web-console-2.2.1/lib/web_console/templates/style.css.erb within layouts/inlined_string (0.3ms)
  Rendered /home/ensign/.rvm/gems/ruby-2.2.3/gems/web-console-2.2.1/lib/web_console/templates/console.js.erb within layouts/javascript (13.8ms)
  Rendered /home/ensign/.rvm/gems/ruby-2.2.3/gems/web-console-2.2.1/lib/web_console/templates/main.js.erb within layouts/javascript (0.1ms)
  Rendered /home/ensign/.rvm/gems/ruby-2.2.3/gems/web-console-2.2.1/lib/web_console/templates/error_page.js.erb within layouts/javascript (0.2ms)
  Rendered /home/ensign/.rvm/gems/ruby-2.2.3/gems/web-console-2.2.1/lib/web_console/templates/index.html.erb (24.9ms)


Started GET "/projects?category=due_date" for ::1 at 2016-02-18 15:13:23 -0700

SyntaxError (/home/ensign/assignments/hw2/app/controllers/projects_controller.rb:19: `@"' is not allowed as an instance variable name
/home/ensign/assignments/hw2/app/controllers/projects_controller.rb:19: syntax error, unexpected end-of-input, expecting keyword_end
      @"#{category}"_header = 'hilite'
       ^):
  app/controllers/projects_controller.rb:19: `@"' is not allowed as an instance variable name
  app/controllers/projects_controller.rb:19: syntax error, unexpected end-of-input, expecting keyword_end


  Rendered /home/ensign/.rvm/gems/ruby-2.2.3/gems/actionpack-4.2.4/lib/action_dispatch/middleware/templates/rescues/_source.erb (2.7ms)
  Rendered /home/ensign/.rvm/gems/ruby-2.2.3/gems/actionpack-4.2.4/lib/action_dispatch/middleware/templates/rescues/_trace.html.erb (1.4ms)
  Rendered /home/ensign/.rvm/gems/ruby-2.2.3/gems/actionpack-4.2.4/lib/action_dispatch/middleware/templates/rescues/_request_and_response.html.erb (0.8ms)
  Rendered /home/ensign/.rvm/gems/ruby-2.2.3/gems/actionpack-4.2.4/lib/action_dispatch/middleware/templates/rescues/diagnostics.html.erb within rescues/layout (14.5ms)
  Rendered /home/ensign/.rvm/gems/ruby-2.2.3/gems/web-console-2.2.1/lib/web_console/templates/_markup.html.erb (0.2ms)
  Rendered /home/ensign/.rvm/gems/ruby-2.2.3/gems/web-console-2.2.1/lib/web_console/templates/_inner_console_markup.html.erb within layouts/inlined_string (0.2ms)
  Rendered /home/ensign/.rvm/gems/ruby-2.2.3/gems/web-console-2.2.1/lib/web_console/templates/_prompt_box_markup.html.erb within layouts/inlined_string (0.2ms)
  Rendered /home/ensign/.rvm/gems/ruby-2.2.3/gems/web-console-2.2.1/lib/web_console/templates/style.css.erb within layouts/inlined_string (0.2ms)
  Rendered /home/ensign/.rvm/gems/ruby-2.2.3/gems/web-console-2.2.1/lib/web_console/templates/console.js.erb within layouts/javascript (13.5ms)
  Rendered /home/ensign/.rvm/gems/ruby-2.2.3/gems/web-console-2.2.1/lib/web_console/templates/main.js.erb within layouts/javascript (0.1ms)
  Rendered /home/ensign/.rvm/gems/ruby-2.2.3/gems/web-console-2.2.1/lib/web_console/templates/error_page.js.erb within layouts/javascript (0.2ms)
  Rendered /home/ensign/.rvm/gems/ruby-2.2.3/gems/web-console-2.2.1/lib/web_console/templates/index.html.erb (24.8ms)


Started GET "/projects?category=due_date" for ::1 at 2016-02-18 15:13:23 -0700

SyntaxError (/home/ensign/assignments/hw2/app/controllers/projects_controller.rb:19: `@"' is not allowed as an instance variable name
/home/ensign/assignments/hw2/app/controllers/projects_controller.rb:19: syntax error, unexpected end-of-input, expecting keyword_end
      @"#{category}"_header = 'hilite'
       ^):
  app/controllers/projects_controller.rb:19: `@"' is not allowed as an instance variable name
  app/controllers/projects_controller.rb:19: syntax error, unexpected end-of-input, expecting keyword_end


  Rendered /home/ensign/.rvm/gems/ruby-2.2.3/gems/actionpack-4.2.4/lib/action_dispatch/middleware/templates/rescues/_source.erb (2.4ms)
  Rendered /home/ensign/.rvm/gems/ruby-2.2.3/gems/actionpack-4.2.4/lib/action_dispatch/middleware/templates/rescues/_trace.html.erb (1.3ms)
  Rendered /home/ensign/.rvm/gems/ruby-2.2.3/gems/actionpack-4.2.4/lib/action_dispatch/middleware/templates/rescues/_request_and_response.html.erb (0.8ms)
  Rendered /home/ensign/.rvm/gems/ruby-2.2.3/gems/actionpack-4.2.4/lib/action_dispatch/middleware/templates/rescues/diagnostics.html.erb within rescues/layout (16.8ms)
  Rendered /home/ensign/.rvm/gems/ruby-2.2.3/gems/web-console-2.2.1/lib/web_console/templates/_markup.html.erb (0.2ms)
  Rendered /home/ensign/.rvm/gems/ruby-2.2.3/gems/web-console-2.2.1/lib/web_console/templates/_inner_console_markup.html.erb within layouts/inlined_string (0.2ms)
  Rendered /home/ensign/.rvm/gems/ruby-2.2.3/gems/web-console-2.2.1/lib/web_console/templates/_prompt_box_markup.html.erb within layouts/inlined_string (0.2ms)
  Rendered /home/ensign/.rvm/gems/ruby-2.2.3/gems/web-console-2.2.1/lib/web_console/templates/style.css.erb within layouts/inlined_string (0.2ms)
  Rendered /home/ensign/.rvm/gems/ruby-2.2.3/gems/web-console-2.2.1/lib/web_console/templates/console.js.erb within layouts/javascript (13.6ms)
  Rendered /home/ensign/.rvm/gems/ruby-2.2.3/gems/web-console-2.2.1/lib/web_console/templates/main.js.erb within layouts/javascript (0.1ms)
  Rendered /home/ensign/.rvm/gems/ruby-2.2.3/gems/web-console-2.2.1/lib/web_console/templates/error_page.js.erb within layouts/javascript (0.2ms)
  Rendered /home/ensign/.rvm/gems/ruby-2.2.3/gems/web-console-2.2.1/lib/web_console/templates/index.html.erb (24.8ms)


Started GET "/projects" for ::1 at 2016-02-18 15:14:09 -0700
Processing by ProjectsController#index as HTML
  [1m[36mProject Load (0.2ms)[0m  [1mSELECT "projects".* FROM "projects"[0m
  Rendered projects/index.html.haml within layouts/application (4.8ms)
Completed 200 OK in 21ms (Views: 19.0ms | ActiveRecord: 0.5ms)


Started GET "/projects?category=due_date" for ::1 at 2016-02-18 15:14:12 -0700
Processing by ProjectsController#index as HTML
  Parameters: {"category"=>"due_date"}
  [1m[35mProject Load (0.2ms)[0m  SELECT "projects".* FROM "projects"  ORDER BY due_date
  Rendered projects/index.html.haml within layouts/application (2.5ms)
Completed 200 OK in 21ms (Views: 20.5ms | ActiveRecord: 0.2ms)


Started GET "/projects?category=due_date" for ::1 at 2016-02-18 15:14:12 -0700
Processing by ProjectsController#index as HTML
  Parameters: {"category"=>"due_date"}
  [1m[36mProject Load (0.3ms)[0m  [1mSELECT "projects".* FROM "projects"  ORDER BY due_date[0m
  Rendered projects/index.html.haml within layouts/application (2.2ms)
Completed 200 OK in 17ms (Views: 16.4ms | ActiveRecord: 0.3ms)
